[0.020s] Invoking command in '/home/naman72060/ros2_wsn/build/auto_explo': CMAKE_PREFIX_PATH=/opt/ros/humble /usr/bin/cmake /home/naman72060/ros2_wsn/src/auto_explo -DCMAKE_INSTALL_PREFIX=/home/naman72060/ros2_wsn/install/auto_explo
[0.271s] -- The C compiler identification is GNU 11.4.0
[0.758s] -- The CXX compiler identification is GNU 11.4.0
[1.017s] -- Detecting C compiler ABI info
[1.138s] -- Detecting C compiler ABI info - done
[1.144s] -- Check for working C compiler: /usr/bin/cc - skipped
[1.146s] -- Detecting C compile features
[1.147s] -- Detecting C compile features - done
[1.151s] -- Detecting CXX compiler ABI info
[1.270s] -- Detecting CXX compiler ABI info - done
[1.276s] -- Check for working CXX compiler: /usr/bin/c++ - skipped
[1.276s] -- Detecting CXX compile features
[1.276s] -- Detecting CXX compile features - done
[1.285s] -- Found ament_cmake: 1.3.11 (/opt/ros/humble/share/ament_cmake/cmake)
[1.430s] -- Found Python3: /usr/bin/python3 (found version "3.10.12") found components: Interpreter 
[1.543s] -- Found ament_lint_auto: 0.12.12 (/opt/ros/humble/share/ament_lint_auto/cmake)
[1.619s] -- Added test 'lint_cmake' to check CMake code style
[1.621s] -- Added test 'xmllint' to check XML markup files
[1.623s] -- Configuring done
[1.625s] -- Generating done
[1.627s] -- Build files have been written to: /home/naman72060/ros2_wsn/build/auto_explo
[1.631s] Invoked command in '/home/naman72060/ros2_wsn/build/auto_explo' returned '0': CMAKE_PREFIX_PATH=/opt/ros/humble /usr/bin/cmake /home/naman72060/ros2_wsn/src/auto_explo -DCMAKE_INSTALL_PREFIX=/home/naman72060/ros2_wsn/install/auto_explo
[1.633s] Invoking command in '/home/naman72060/ros2_wsn/build/auto_explo': CMAKE_PREFIX_PATH=/opt/ros/humble /usr/bin/cmake --build /home/naman72060/ros2_wsn/build/auto_explo -- -j12 -l12
[1.663s] Invoked command in '/home/naman72060/ros2_wsn/build/auto_explo' returned '0': CMAKE_PREFIX_PATH=/opt/ros/humble /usr/bin/cmake --build /home/naman72060/ros2_wsn/build/auto_explo -- -j12 -l12
[1.671s] Invoking command in '/home/naman72060/ros2_wsn/build/auto_explo': CMAKE_PREFIX_PATH=/opt/ros/humble /usr/bin/cmake --install /home/naman72060/ros2_wsn/build/auto_explo
[1.677s] -- Install configuration: ""
[1.678s] -- Installing: /home/naman72060/ros2_wsn/install/auto_explo/share/ament_index/resource_index/package_run_dependencies/auto_explo
[1.678s] -- Installing: /home/naman72060/ros2_wsn/install/auto_explo/share/ament_index/resource_index/parent_prefix_path/auto_explo
[1.679s] -- Installing: /home/naman72060/ros2_wsn/install/auto_explo/share/auto_explo/environment/ament_prefix_path.sh
[1.679s] -- Installing: /home/naman72060/ros2_wsn/install/auto_explo/share/auto_explo/environment/ament_prefix_path.dsv
[1.679s] -- Installing: /home/naman72060/ros2_wsn/install/auto_explo/share/auto_explo/environment/path.sh
[1.679s] -- Installing: /home/naman72060/ros2_wsn/install/auto_explo/share/auto_explo/environment/path.dsv
[1.679s] -- Installing: /home/naman72060/ros2_wsn/install/auto_explo/share/auto_explo/local_setup.bash
[1.680s] -- Installing: /home/naman72060/ros2_wsn/install/auto_explo/share/auto_explo/local_setup.sh
[1.680s] -- Installing: /home/naman72060/ros2_wsn/install/auto_explo/share/auto_explo/local_setup.zsh
[1.680s] -- Installing: /home/naman72060/ros2_wsn/install/auto_explo/share/auto_explo/local_setup.dsv
[1.680s] -- Installing: /home/naman72060/ros2_wsn/install/auto_explo/share/auto_explo/package.dsv
[1.680s] -- Installing: /home/naman72060/ros2_wsn/install/auto_explo/share/ament_index/resource_index/packages/auto_explo
[1.681s] -- Installing: /home/naman72060/ros2_wsn/install/auto_explo/share/auto_explo/cmake/auto_exploConfig.cmake
[1.681s] -- Installing: /home/naman72060/ros2_wsn/install/auto_explo/share/auto_explo/cmake/auto_exploConfig-version.cmake
[1.681s] -- Installing: /home/naman72060/ros2_wsn/install/auto_explo/share/auto_explo/package.xml
[1.683s] Invoked command in '/home/naman72060/ros2_wsn/build/auto_explo' returned '0': CMAKE_PREFIX_PATH=/opt/ros/humble /usr/bin/cmake --install /home/naman72060/ros2_wsn/build/auto_explo
