-- Found ament_cmake: 1.3.11 (/opt/ros/humble/share/ament_cmake/cmake)
-- Override CMake install command with custom implementation using symlinks instead of copying resources
-- Found ament_lint_auto: 0.12.12 (/opt/ros/humble/share/ament_lint_auto/cmake)
-- Added test 'cppcheck' to perform static code analysis on C / C++ code
-- Configured cppcheck include dirs: 
-- Configured cppcheck exclude dirs and/or files: 
-- Added test 'flake8' to check Python code syntax and style conventions
-- Added test 'lint_cmake' to check CMake code style
-- Added test 'pep257' to check Python code against some of the docstring style conventions in PEP 257
-- Added test 'uncrustify' to check C / C++ code style
-- Configured uncrustify additional arguments: 
-- Added test 'xmllint' to check XML markup files
-- Configuring done
-- Generating done
-- Build files have been written to: /home/naman72060/ros2_wsn/build/auto_explo
-- Install configuration: ""
-- Execute custom install script
-- Up-to-date symlink: /home/naman72060/ros2_wsn/install/auto_explo/share/auto_explo//launch/explore.launch.py
-- Up-to-date symlink: /home/naman72060/ros2_wsn/install/auto_explo/share/auto_explo//launch/slam.launch.py
-- Up-to-date symlink: /home/naman72060/ros2_wsn/install/auto_explo/share/auto_explo//config/explore.yaml
-- Up-to-date symlink: /home/naman72060/ros2_wsn/install/auto_explo/share/auto_explo//config/slam.yaml
-- Up-to-date symlink: /home/naman72060/ros2_wsn/install/auto_explo/share/auto_explo//rviz/explore.rviz
-- Symlinking: /home/naman72060/ros2_wsn/install/auto_explo/share/auto_explo//explore/CHANGELOG.rst
-- Symlinking: /home/naman72060/ros2_wsn/install/auto_explo/share/auto_explo//explore/CHANGELOG.rst:Zone.Identifier
-- Symlinking: /home/naman72060/ros2_wsn/install/auto_explo/share/auto_explo//explore/CMakeLists.txt
-- Symlinking: /home/naman72060/ros2_wsn/install/auto_explo/share/auto_explo//explore/CMakeLists.txt:Zone.Identifier
-- Symlinking: /home/naman72060/ros2_wsn/install/auto_explo/share/auto_explo//explore/config/params.yaml
-- Symlinking: /home/naman72060/ros2_wsn/install/auto_explo/share/auto_explo//explore/config/params.yaml:Zone.Identifier
-- Symlinking: /home/naman72060/ros2_wsn/install/auto_explo/share/auto_explo//explore/config/params_costmap.yaml
-- Symlinking: /home/naman72060/ros2_wsn/install/auto_explo/share/auto_explo//explore/config/params_costmap.yaml:Zone.Identifier
-- Symlinking: /home/naman72060/ros2_wsn/install/auto_explo/share/auto_explo//explore/doc/architecture.dia
-- Symlinking: /home/naman72060/ros2_wsn/install/auto_explo/share/auto_explo//explore/doc/architecture.dia:Zone.Identifier
-- Symlinking: /home/naman72060/ros2_wsn/install/auto_explo/share/auto_explo//explore/doc/screenshot.png
-- Symlinking: /home/naman72060/ros2_wsn/install/auto_explo/share/auto_explo//explore/doc/screenshot.png:Zone.Identifier
-- Symlinking: /home/naman72060/ros2_wsn/install/auto_explo/share/auto_explo//explore/doc/wiki_doc.txt
-- Symlinking: /home/naman72060/ros2_wsn/install/auto_explo/share/auto_explo//explore/doc/wiki_doc.txt:Zone.Identifier
-- Symlinking: /home/naman72060/ros2_wsn/install/auto_explo/share/auto_explo//explore/include/explore/costmap_client.h
-- Symlinking: /home/naman72060/ros2_wsn/install/auto_explo/share/auto_explo//explore/include/explore/costmap_client.h:Zone.Identifier
-- Symlinking: /home/naman72060/ros2_wsn/install/auto_explo/share/auto_explo//explore/include/explore/costmap_tools.h
-- Symlinking: /home/naman72060/ros2_wsn/install/auto_explo/share/auto_explo//explore/include/explore/costmap_tools.h:Zone.Identifier
-- Symlinking: /home/naman72060/ros2_wsn/install/auto_explo/share/auto_explo//explore/include/explore/explore.h
-- Symlinking: /home/naman72060/ros2_wsn/install/auto_explo/share/auto_explo//explore/include/explore/explore.h:Zone.Identifier
-- Symlinking: /home/naman72060/ros2_wsn/install/auto_explo/share/auto_explo//explore/include/explore/frontier_search.h
-- Symlinking: /home/naman72060/ros2_wsn/install/auto_explo/share/auto_explo//explore/include/explore/frontier_search.h:Zone.Identifier
-- Symlinking: /home/naman72060/ros2_wsn/install/auto_explo/share/auto_explo//explore/launch/explore.launch.py
-- Symlinking: /home/naman72060/ros2_wsn/install/auto_explo/share/auto_explo//explore/launch/explore.launch.py:Zone.Identifier
-- Symlinking: /home/naman72060/ros2_wsn/install/auto_explo/share/auto_explo//explore/package.xml
-- Symlinking: /home/naman72060/ros2_wsn/install/auto_explo/share/auto_explo//explore/package.xml:Zone.Identifier
-- Symlinking: /home/naman72060/ros2_wsn/install/auto_explo/share/auto_explo//explore/src/costmap_client.cpp
-- Symlinking: /home/naman72060/ros2_wsn/install/auto_explo/share/auto_explo//explore/src/costmap_client.cpp:Zone.Identifier
-- Symlinking: /home/naman72060/ros2_wsn/install/auto_explo/share/auto_explo//explore/src/explore.cpp
-- Symlinking: /home/naman72060/ros2_wsn/install/auto_explo/share/auto_explo//explore/src/explore.cpp:Zone.Identifier
-- Symlinking: /home/naman72060/ros2_wsn/install/auto_explo/share/auto_explo//explore/src/frontier_search.cpp
-- Symlinking: /home/naman72060/ros2_wsn/install/auto_explo/share/auto_explo//explore/src/frontier_search.cpp:Zone.Identifier
-- Symlinking: /home/naman72060/ros2_wsn/install/auto_explo/share/auto_explo//explore/test/test_explore.cpp
-- Symlinking: /home/naman72060/ros2_wsn/install/auto_explo/share/auto_explo//explore/test/test_explore.cpp:Zone.Identifier
-- Up-to-date symlink: /home/naman72060/ros2_wsn/install/auto_explo/share/ament_index/resource_index/package_run_dependencies/auto_explo
-- Up-to-date symlink: /home/naman72060/ros2_wsn/install/auto_explo/share/ament_index/resource_index/parent_prefix_path/auto_explo
-- Up-to-date symlink: /home/naman72060/ros2_wsn/install/auto_explo/share/auto_explo/environment/ament_prefix_path.sh
-- Up-to-date symlink: /home/naman72060/ros2_wsn/install/auto_explo/share/auto_explo/environment/ament_prefix_path.dsv
-- Up-to-date symlink: /home/naman72060/ros2_wsn/install/auto_explo/share/auto_explo/environment/path.sh
-- Up-to-date symlink: /home/naman72060/ros2_wsn/install/auto_explo/share/auto_explo/environment/path.dsv
-- Up-to-date symlink: /home/naman72060/ros2_wsn/install/auto_explo/share/auto_explo/local_setup.bash
-- Up-to-date symlink: /home/naman72060/ros2_wsn/install/auto_explo/share/auto_explo/local_setup.sh
-- Up-to-date symlink: /home/naman72060/ros2_wsn/install/auto_explo/share/auto_explo/local_setup.zsh
-- Up-to-date symlink: /home/naman72060/ros2_wsn/install/auto_explo/share/auto_explo/local_setup.dsv
-- Symlinking: /home/naman72060/ros2_wsn/install/auto_explo/share/auto_explo/package.dsv
-- Up-to-date symlink: /home/naman72060/ros2_wsn/install/auto_explo/share/ament_index/resource_index/packages/auto_explo
-- Up-to-date symlink: /home/naman72060/ros2_wsn/install/auto_explo/share/auto_explo/cmake/auto_exploConfig.cmake
-- Up-to-date symlink: /home/naman72060/ros2_wsn/install/auto_explo/share/auto_explo/cmake/auto_exploConfig-version.cmake
-- Up-to-date symlink: /home/naman72060/ros2_wsn/install/auto_explo/share/auto_explo/package.xml
