[0.016s] Invoking command in '/home/naman72060/ros2_wsn/build/auto_explo': CMAKE_PREFIX_PATH=${CMAKE_PREFIX_PATH}:/opt/ros/humble /usr/bin/cmake --build /home/naman72060/ros2_wsn/build/auto_explo -- -j12 -l12
[0.073s] [100%] Built target wfd_node
[0.087s] Invoked command in '/home/naman72060/ros2_wsn/build/auto_explo' returned '0': CMAKE_PREFIX_PATH=${CMAKE_PREFIX_PATH}:/opt/ros/humble /usr/bin/cmake --build /home/naman72060/ros2_wsn/build/auto_explo -- -j12 -l12
[0.097s] Invoking command in '/home/naman72060/ros2_wsn/build/auto_explo': CMAKE_PREFIX_PATH=${CMAKE_PREFIX_PATH}:/opt/ros/humble /usr/bin/cmake --install /home/naman72060/ros2_wsn/build/auto_explo
[0.105s] -- Install configuration: ""
[0.105s] -- Up-to-date: /home/naman72060/ros2_wsn/install/auto_explo/lib/auto_explo/wfd_node
[0.105s] -- Up-to-date: /home/naman72060/ros2_wsn/install/auto_explo/share/auto_explo//launch
[0.105s] -- Installing: /home/naman72060/ros2_wsn/install/auto_explo/share/auto_explo//launch/online_async_launch.launch.py
[0.105s] -- Up-to-date: /home/naman72060/ros2_wsn/install/auto_explo/share/ament_index/resource_index/package_run_dependencies/auto_explo
[0.106s] -- Up-to-date: /home/naman72060/ros2_wsn/install/auto_explo/share/ament_index/resource_index/parent_prefix_path/auto_explo
[0.106s] -- Up-to-date: /home/naman72060/ros2_wsn/install/auto_explo/share/auto_explo/environment/ament_prefix_path.sh
[0.106s] -- Up-to-date: /home/naman72060/ros2_wsn/install/auto_explo/share/auto_explo/environment/ament_prefix_path.dsv
[0.106s] -- Up-to-date: /home/naman72060/ros2_wsn/install/auto_explo/share/auto_explo/environment/path.sh
[0.106s] -- Up-to-date: /home/naman72060/ros2_wsn/install/auto_explo/share/auto_explo/environment/path.dsv
[0.106s] -- Up-to-date: /home/naman72060/ros2_wsn/install/auto_explo/share/auto_explo/local_setup.bash
[0.106s] -- Up-to-date: /home/naman72060/ros2_wsn/install/auto_explo/share/auto_explo/local_setup.sh
[0.106s] -- Up-to-date: /home/naman72060/ros2_wsn/install/auto_explo/share/auto_explo/local_setup.zsh
[0.107s] -- Up-to-date: /home/naman72060/ros2_wsn/install/auto_explo/share/auto_explo/local_setup.dsv
[0.107s] -- Installing: /home/naman72060/ros2_wsn/install/auto_explo/share/auto_explo/package.dsv
[0.107s] -- Up-to-date: /home/naman72060/ros2_wsn/install/auto_explo/share/ament_index/resource_index/packages/auto_explo
[0.107s] -- Up-to-date: /home/naman72060/ros2_wsn/install/auto_explo/share/auto_explo/cmake/auto_exploConfig.cmake
[0.107s] -- Up-to-date: /home/naman72060/ros2_wsn/install/auto_explo/share/auto_explo/cmake/auto_exploConfig-version.cmake
[0.107s] -- Up-to-date: /home/naman72060/ros2_wsn/install/auto_explo/share/auto_explo/package.xml
[0.109s] Invoked command in '/home/naman72060/ros2_wsn/build/auto_explo' returned '0': CMAKE_PREFIX_PATH=${CMAKE_PREFIX_PATH}:/opt/ros/humble /usr/bin/cmake --install /home/naman72060/ros2_wsn/build/auto_explo
