[0.019s] Invoking command in '/home/naman72060/ros2_wsn/build/explore_lite': CMAKE_PREFIX_PATH=/opt/ros/humble /usr/bin/cmake --build /home/naman72060/ros2_wsn/build/explore_lite -- -j12 -l12
[0.179s] [ 20%] Built target gtest_main
[0.179s] [ 40%] Built target gtest
[0.208s] [ 60%] Built target test_explore
[0.240s] [100%] Built target explore
[0.252s] Invoked command in '/home/naman72060/ros2_wsn/build/explore_lite' returned '0': CMAKE_PREFIX_PATH=/opt/ros/humble /usr/bin/cmake --build /home/naman72060/ros2_wsn/build/explore_lite -- -j12 -l12
[0.257s] Invoking command in '/home/naman72060/ros2_wsn/build/explore_lite': CMAKE_PREFIX_PATH=/opt/ros/humble /usr/bin/cmake --install /home/naman72060/ros2_wsn/build/explore_lite
[0.262s] -- Install configuration: ""
[0.263s] -- Up-to-date: /home/naman72060/ros2_wsn/install/explore_lite/include/explore/
[0.263s] -- Up-to-date: /home/naman72060/ros2_wsn/install/explore_lite/include/explore//explore.h:Zone.Identifier
[0.264s] -- Up-to-date: /home/naman72060/ros2_wsn/install/explore_lite/include/explore//costmap_tools.h
[0.264s] -- Up-to-date: /home/naman72060/ros2_wsn/install/explore_lite/include/explore//costmap_client.h
[0.264s] -- Up-to-date: /home/naman72060/ros2_wsn/install/explore_lite/include/explore//costmap_tools.h:Zone.Identifier
[0.264s] -- Up-to-date: /home/naman72060/ros2_wsn/install/explore_lite/include/explore//frontier_search.h
[0.264s] -- Up-to-date: /home/naman72060/ros2_wsn/install/explore_lite/include/explore//frontier_search.h:Zone.Identifier
[0.264s] -- Up-to-date: /home/naman72060/ros2_wsn/install/explore_lite/include/explore//costmap_client.h:Zone.Identifier
[0.264s] -- Up-to-date: /home/naman72060/ros2_wsn/install/explore_lite/include/explore//explore.h
[0.264s] -- Up-to-date: /home/naman72060/ros2_wsn/install/explore_lite/share/explore_lite/config
[0.265s] -- Up-to-date: /home/naman72060/ros2_wsn/install/explore_lite/share/explore_lite/config/params.yaml
[0.265s] -- Up-to-date: /home/naman72060/ros2_wsn/install/explore_lite/share/explore_lite/config/params_costmap.yaml
[0.266s] -- Up-to-date: /home/naman72060/ros2_wsn/install/explore_lite/share/explore_lite/config/params_costmap.yaml:Zone.Identifier
[0.266s] -- Up-to-date: /home/naman72060/ros2_wsn/install/explore_lite/share/explore_lite/config/params.yaml:Zone.Identifier
[0.266s] -- Up-to-date: /home/naman72060/ros2_wsn/install/explore_lite/share/explore_lite/launch
[0.266s] -- Up-to-date: /home/naman72060/ros2_wsn/install/explore_lite/share/explore_lite/launch/explore.launch.py:Zone.Identifier
[0.266s] -- Up-to-date: /home/naman72060/ros2_wsn/install/explore_lite/share/explore_lite/launch/explore.launch.py
[0.268s] -- Up-to-date: /home/naman72060/ros2_wsn/install/explore_lite/lib/explore_lite/explore
[0.268s] -- Up-to-date: /home/naman72060/ros2_wsn/install/explore_lite/share/ament_index/resource_index/package_run_dependencies/explore_lite
[0.268s] -- Up-to-date: /home/naman72060/ros2_wsn/install/explore_lite/share/ament_index/resource_index/parent_prefix_path/explore_lite
[0.269s] -- Up-to-date: /home/naman72060/ros2_wsn/install/explore_lite/share/explore_lite/environment/ament_prefix_path.sh
[0.269s] -- Up-to-date: /home/naman72060/ros2_wsn/install/explore_lite/share/explore_lite/environment/ament_prefix_path.dsv
[0.269s] -- Up-to-date: /home/naman72060/ros2_wsn/install/explore_lite/share/explore_lite/environment/path.sh
[0.269s] -- Up-to-date: /home/naman72060/ros2_wsn/install/explore_lite/share/explore_lite/environment/path.dsv
[0.269s] -- Up-to-date: /home/naman72060/ros2_wsn/install/explore_lite/share/explore_lite/local_setup.bash
[0.269s] -- Up-to-date: /home/naman72060/ros2_wsn/install/explore_lite/share/explore_lite/local_setup.sh
[0.269s] -- Up-to-date: /home/naman72060/ros2_wsn/install/explore_lite/share/explore_lite/local_setup.zsh
[0.270s] -- Up-to-date: /home/naman72060/ros2_wsn/install/explore_lite/share/explore_lite/local_setup.dsv
[0.270s] -- Installing: /home/naman72060/ros2_wsn/install/explore_lite/share/explore_lite/package.dsv
[0.270s] -- Up-to-date: /home/naman72060/ros2_wsn/install/explore_lite/share/ament_index/resource_index/packages/explore_lite
[0.270s] -- Up-to-date: /home/naman72060/ros2_wsn/install/explore_lite/share/explore_lite/cmake/ament_cmake_export_include_directories-extras.cmake
[0.270s] -- Up-to-date: /home/naman72060/ros2_wsn/install/explore_lite/share/explore_lite/cmake/explore_liteConfig.cmake
[0.270s] -- Up-to-date: /home/naman72060/ros2_wsn/install/explore_lite/share/explore_lite/cmake/explore_liteConfig-version.cmake
[0.270s] -- Up-to-date: /home/naman72060/ros2_wsn/install/explore_lite/share/explore_lite/package.xml
[0.273s] Invoked command in '/home/naman72060/ros2_wsn/build/explore_lite' returned '0': CMAKE_PREFIX_PATH=/opt/ros/humble /usr/bin/cmake --install /home/naman72060/ros2_wsn/build/explore_lite
