[0.320s] DEBUG:colcon:Command line arguments: ['/usr/bin/colcon', 'build']
[0.320s] DEBUG:colcon:Parsed command line arguments: Namespace(log_base=None, log_level=None, verb_name='build', build_base='build', install_base='install', merge_install=False, symlink_install=False, test_result_base=None, continue_on_error=False, executor='parallel', parallel_workers=12, event_handlers=None, ignore_user_meta=False, metas=['./colcon.meta'], base_paths=['.'], packages_ignore=None, packages_ignore_regex=None, paths=None, packages_up_to=None, packages_up_to_regex=None, packages_above=None, packages_above_and_dependencies=None, packages_above_depth=None, packages_select_by_dep=None, packages_skip_by_dep=None, packages_skip_up_to=None, packages_select_build_failed=False, packages_skip_build_finished=False, packages_select_test_failures=False, packages_skip_test_passed=False, packages_select=None, packages_skip=None, packages_select_regex=None, packages_skip_regex=None, packages_start=None, packages_end=None, allow_overriding=[], cmake_args=None, cmake_target=None, cmake_target_skip_unavailable=False, cmake_clean_cache=False, cmake_clean_first=False, cmake_force_configure=False, ament_cmake_args=None, catkin_cmake_args=None, catkin_skip_building_tests=False, verb_parser=<colcon_defaults.argument_parser.defaults.DefaultArgumentsDecorator object at 0x7aa6eda68c40>, verb_extension=<colcon_core.verb.build.BuildVerb object at 0x7aa6eda68730>, main=<bound method BuildVerb.main of <colcon_core.verb.build.BuildVerb object at 0x7aa6eda68730>>)
[0.614s] Level 1:colcon.colcon_core.package_discovery:discover_packages(colcon_meta) check parameters
[0.614s] Level 1:colcon.colcon_core.package_discovery:discover_packages(recursive) check parameters
[0.614s] Level 1:colcon.colcon_core.package_discovery:discover_packages(ignore) check parameters
[0.614s] Level 1:colcon.colcon_core.package_discovery:discover_packages(path) check parameters
[0.614s] Level 1:colcon.colcon_core.package_discovery:discover_packages(colcon_meta) discover
[0.614s] Level 1:colcon.colcon_core.package_discovery:discover_packages(recursive) discover
[0.614s] INFO:colcon.colcon_core.package_discovery:Crawling recursively for packages in '/home/naman72060/ros2_wsn'
[0.614s] Level 1:colcon.colcon_core.package_identification:_identify(.) by extensions ['ignore', 'ignore_ament_install']
[0.614s] Level 1:colcon.colcon_core.package_identification:_identify(.) by extension 'ignore'
[0.614s] Level 1:colcon.colcon_core.package_identification:_identify(.) by extension 'ignore_ament_install'
[0.614s] Level 1:colcon.colcon_core.package_identification:_identify(.) by extensions ['colcon_pkg']
[0.615s] Level 1:colcon.colcon_core.package_identification:_identify(.) by extension 'colcon_pkg'
[0.615s] Level 1:colcon.colcon_core.package_identification:_identify(.) by extensions ['colcon_meta']
[0.615s] Level 1:colcon.colcon_core.package_identification:_identify(.) by extension 'colcon_meta'
[0.615s] Level 1:colcon.colcon_core.package_identification:_identify(.) by extensions ['ros']
[0.615s] Level 1:colcon.colcon_core.package_identification:_identify(.) by extension 'ros'
[0.626s] Level 1:colcon.colcon_core.package_identification:_identify(.) by extensions ['cmake', 'python']
[0.626s] Level 1:colcon.colcon_core.package_identification:_identify(.) by extension 'cmake'
[0.626s] Level 1:colcon.colcon_core.package_identification:_identify(.) by extension 'python'
[0.626s] Level 1:colcon.colcon_core.package_identification:_identify(.) by extensions ['python_setup_py']
[0.626s] Level 1:colcon.colcon_core.package_identification:_identify(.) by extension 'python_setup_py'
[0.626s] Level 1:colcon.colcon_core.package_identification:_identify(build) by extensions ['ignore', 'ignore_ament_install']
[0.626s] Level 1:colcon.colcon_core.package_identification:_identify(build) by extension 'ignore'
[0.626s] Level 1:colcon.colcon_core.package_identification:_identify(build) ignored
[0.626s] Level 1:colcon.colcon_core.package_identification:_identify(install) by extensions ['ignore', 'ignore_ament_install']
[0.627s] Level 1:colcon.colcon_core.package_identification:_identify(install) by extension 'ignore'
[0.627s] Level 1:colcon.colcon_core.package_identification:_identify(install) ignored
[0.627s] Level 1:colcon.colcon_core.package_identification:_identify(log) by extensions ['ignore', 'ignore_ament_install']
[0.627s] Level 1:colcon.colcon_core.package_identification:_identify(log) by extension 'ignore'
[0.627s] Level 1:colcon.colcon_core.package_identification:_identify(log) ignored
[0.627s] Level 1:colcon.colcon_core.package_identification:_identify(src) by extensions ['ignore', 'ignore_ament_install']
[0.627s] Level 1:colcon.colcon_core.package_identification:_identify(src) by extension 'ignore'
[0.627s] Level 1:colcon.colcon_core.package_identification:_identify(src) by extension 'ignore_ament_install'
[0.627s] Level 1:colcon.colcon_core.package_identification:_identify(src) by extensions ['colcon_pkg']
[0.627s] Level 1:colcon.colcon_core.package_identification:_identify(src) by extension 'colcon_pkg'
[0.627s] Level 1:colcon.colcon_core.package_identification:_identify(src) by extensions ['colcon_meta']
[0.627s] Level 1:colcon.colcon_core.package_identification:_identify(src) by extension 'colcon_meta'
[0.627s] Level 1:colcon.colcon_core.package_identification:_identify(src) by extensions ['ros']
[0.627s] Level 1:colcon.colcon_core.package_identification:_identify(src) by extension 'ros'
[0.627s] Level 1:colcon.colcon_core.package_identification:_identify(src) by extensions ['cmake', 'python']
[0.627s] Level 1:colcon.colcon_core.package_identification:_identify(src) by extension 'cmake'
[0.627s] Level 1:colcon.colcon_core.package_identification:_identify(src) by extension 'python'
[0.627s] Level 1:colcon.colcon_core.package_identification:_identify(src) by extensions ['python_setup_py']
[0.627s] Level 1:colcon.colcon_core.package_identification:_identify(src) by extension 'python_setup_py'
[0.627s] Level 1:colcon.colcon_core.package_identification:_identify(src/auto_explo) by extensions ['ignore', 'ignore_ament_install']
[0.627s] Level 1:colcon.colcon_core.package_identification:_identify(src/auto_explo) by extension 'ignore'
[0.627s] Level 1:colcon.colcon_core.package_identification:_identify(src/auto_explo) by extension 'ignore_ament_install'
[0.627s] Level 1:colcon.colcon_core.package_identification:_identify(src/auto_explo) by extensions ['colcon_pkg']
[0.627s] Level 1:colcon.colcon_core.package_identification:_identify(src/auto_explo) by extension 'colcon_pkg'
[0.627s] Level 1:colcon.colcon_core.package_identification:_identify(src/auto_explo) by extensions ['colcon_meta']
[0.627s] Level 1:colcon.colcon_core.package_identification:_identify(src/auto_explo) by extension 'colcon_meta'
[0.627s] Level 1:colcon.colcon_core.package_identification:_identify(src/auto_explo) by extensions ['ros']
[0.627s] Level 1:colcon.colcon_core.package_identification:_identify(src/auto_explo) by extension 'ros'
[0.632s] DEBUG:colcon.colcon_core.package_identification:Package 'src/auto_explo' with type 'ros.ament_cmake' and name 'auto_explo'
[0.632s] Level 1:colcon.colcon_core.package_identification:_identify(src/launch) by extensions ['ignore', 'ignore_ament_install']
[0.633s] Level 1:colcon.colcon_core.package_identification:_identify(src/launch) by extension 'ignore'
[0.633s] Level 1:colcon.colcon_core.package_identification:_identify(src/launch) by extension 'ignore_ament_install'
[0.633s] Level 1:colcon.colcon_core.package_identification:_identify(src/launch) by extensions ['colcon_pkg']
[0.633s] Level 1:colcon.colcon_core.package_identification:_identify(src/launch) by extension 'colcon_pkg'
[0.633s] Level 1:colcon.colcon_core.package_identification:_identify(src/launch) by extensions ['colcon_meta']
[0.633s] Level 1:colcon.colcon_core.package_identification:_identify(src/launch) by extension 'colcon_meta'
[0.633s] Level 1:colcon.colcon_core.package_identification:_identify(src/launch) by extensions ['ros']
[0.633s] Level 1:colcon.colcon_core.package_identification:_identify(src/launch) by extension 'ros'
[0.633s] Level 1:colcon.colcon_core.package_identification:_identify(src/launch) by extensions ['cmake', 'python']
[0.633s] Level 1:colcon.colcon_core.package_identification:_identify(src/launch) by extension 'cmake'
[0.633s] Level 1:colcon.colcon_core.package_identification:_identify(src/launch) by extension 'python'
[0.633s] Level 1:colcon.colcon_core.package_identification:_identify(src/launch) by extensions ['python_setup_py']
[0.633s] Level 1:colcon.colcon_core.package_identification:_identify(src/launch) by extension 'python_setup_py'
[0.633s] Level 1:colcon.colcon_core.package_discovery:discover_packages(recursive) using defaults
[0.633s] Level 1:colcon.colcon_core.package_discovery:discover_packages(ignore) discover
[0.633s] Level 1:colcon.colcon_core.package_discovery:discover_packages(ignore) using defaults
[0.633s] Level 1:colcon.colcon_core.package_discovery:discover_packages(path) discover
[0.633s] Level 1:colcon.colcon_core.package_discovery:discover_packages(path) using defaults
[0.669s] Level 1:colcon.colcon_core.package_discovery:discover_packages(prefix_path) check parameters
[0.669s] Level 1:colcon.colcon_core.package_discovery:discover_packages(prefix_path) discover
[0.674s] DEBUG:colcon.colcon_installed_package_information.package_discovery:Found 425 installed packages in /opt/ros/humble
[0.676s] Level 1:colcon.colcon_core.package_discovery:discover_packages(prefix_path) using defaults
[0.719s] Level 5:colcon.colcon_core.verb:set package 'auto_explo' build argument 'cmake_args' from command line to 'None'
[0.720s] Level 5:colcon.colcon_core.verb:set package 'auto_explo' build argument 'cmake_target' from command line to 'None'
[0.720s] Level 5:colcon.colcon_core.verb:set package 'auto_explo' build argument 'cmake_target_skip_unavailable' from command line to 'False'
[0.720s] Level 5:colcon.colcon_core.verb:set package 'auto_explo' build argument 'cmake_clean_cache' from command line to 'False'
[0.720s] Level 5:colcon.colcon_core.verb:set package 'auto_explo' build argument 'cmake_clean_first' from command line to 'False'
[0.720s] Level 5:colcon.colcon_core.verb:set package 'auto_explo' build argument 'cmake_force_configure' from command line to 'False'
[0.720s] Level 5:colcon.colcon_core.verb:set package 'auto_explo' build argument 'ament_cmake_args' from command line to 'None'
[0.720s] Level 5:colcon.colcon_core.verb:set package 'auto_explo' build argument 'catkin_cmake_args' from command line to 'None'
[0.720s] Level 5:colcon.colcon_core.verb:set package 'auto_explo' build argument 'catkin_skip_building_tests' from command line to 'False'
[0.720s] DEBUG:colcon.colcon_core.verb:Building package 'auto_explo' with the following arguments: {'ament_cmake_args': None, 'build_base': '/home/naman72060/ros2_wsn/build/auto_explo', 'catkin_cmake_args': None, 'catkin_skip_building_tests': False, 'cmake_args': None, 'cmake_clean_cache': False, 'cmake_clean_first': False, 'cmake_force_configure': False, 'cmake_target': None, 'cmake_target_skip_unavailable': False, 'install_base': '/home/naman72060/ros2_wsn/install/auto_explo', 'merge_install': False, 'path': '/home/naman72060/ros2_wsn/src/auto_explo', 'symlink_install': False, 'test_result_base': None}
[0.720s] INFO:colcon.colcon_core.executor:Executing jobs using 'parallel' executor
[0.721s] DEBUG:colcon.colcon_parallel_executor.executor.parallel:run_until_complete
[0.721s] INFO:colcon.colcon_ros.task.ament_cmake.build:Building ROS package in '/home/naman72060/ros2_wsn/src/auto_explo' with build type 'ament_cmake'
[0.721s] INFO:colcon.colcon_cmake.task.cmake.build:Building CMake package in '/home/naman72060/ros2_wsn/src/auto_explo'
[0.729s] INFO:colcon.colcon_core.plugin_system:Skipping extension 'colcon_core.shell.bat': Not used on non-Windows systems
[0.729s] INFO:colcon.colcon_core.shell:Skip shell extension 'powershell' for command environment: Not usable outside of PowerShell
[0.729s] DEBUG:colcon.colcon_core.shell:Skip shell extension 'dsv' for command environment
[0.741s] DEBUG:colcon.colcon_core.event_handler.log_command:Invoking command in '/home/naman72060/ros2_wsn/build/auto_explo': CMAKE_PREFIX_PATH=/opt/ros/humble /usr/bin/cmake /home/naman72060/ros2_wsn/src/auto_explo -DCMAKE_INSTALL_PREFIX=/home/naman72060/ros2_wsn/install/auto_explo
[2.352s] DEBUG:colcon.colcon_core.event_handler.log_command:Invoked command in '/home/naman72060/ros2_wsn/build/auto_explo' returned '0': CMAKE_PREFIX_PATH=/opt/ros/humble /usr/bin/cmake /home/naman72060/ros2_wsn/src/auto_explo -DCMAKE_INSTALL_PREFIX=/home/naman72060/ros2_wsn/install/auto_explo
[2.354s] DEBUG:colcon.colcon_core.event_handler.log_command:Invoking command in '/home/naman72060/ros2_wsn/build/auto_explo': CMAKE_PREFIX_PATH=/opt/ros/humble /usr/bin/cmake --build /home/naman72060/ros2_wsn/build/auto_explo -- -j12 -l12
[2.384s] DEBUG:colcon.colcon_core.event_handler.log_command:Invoked command in '/home/naman72060/ros2_wsn/build/auto_explo' returned '0': CMAKE_PREFIX_PATH=/opt/ros/humble /usr/bin/cmake --build /home/naman72060/ros2_wsn/build/auto_explo -- -j12 -l12
[2.393s] DEBUG:colcon.colcon_core.event_handler.log_command:Invoking command in '/home/naman72060/ros2_wsn/build/auto_explo': CMAKE_PREFIX_PATH=/opt/ros/humble /usr/bin/cmake --install /home/naman72060/ros2_wsn/build/auto_explo
[2.404s] Level 1:colcon.colcon_core.environment:create_environment_scripts_only(auto_explo)
[2.405s] DEBUG:colcon.colcon_core.event_handler.log_command:Invoked command in '/home/naman72060/ros2_wsn/build/auto_explo' returned '0': CMAKE_PREFIX_PATH=/opt/ros/humble /usr/bin/cmake --install /home/naman72060/ros2_wsn/build/auto_explo
[2.414s] Level 1:colcon.colcon_core.environment:checking '/home/naman72060/ros2_wsn/install/auto_explo' for CMake module files
[2.414s] Level 1:colcon.colcon_core.environment:checking '/home/naman72060/ros2_wsn/install/auto_explo' for CMake config files
[2.414s] Level 1:colcon.colcon_core.shell:create_environment_hook('auto_explo', 'cmake_prefix_path')
[2.415s] INFO:colcon.colcon_core.shell:Creating environment hook '/home/naman72060/ros2_wsn/install/auto_explo/share/auto_explo/hook/cmake_prefix_path.ps1'
[2.416s] INFO:colcon.colcon_core.shell:Creating environment descriptor '/home/naman72060/ros2_wsn/install/auto_explo/share/auto_explo/hook/cmake_prefix_path.dsv'
[2.416s] INFO:colcon.colcon_core.shell:Creating environment hook '/home/naman72060/ros2_wsn/install/auto_explo/share/auto_explo/hook/cmake_prefix_path.sh'
[2.418s] Level 1:colcon.colcon_core.environment:checking '/home/naman72060/ros2_wsn/install/auto_explo/bin'
[2.418s] Level 1:colcon.colcon_core.environment:checking '/home/naman72060/ros2_wsn/install/auto_explo/lib/pkgconfig/auto_explo.pc'
[2.418s] Level 1:colcon.colcon_core.environment:checking '/home/naman72060/ros2_wsn/install/auto_explo/lib/python3.10/site-packages'
[2.418s] Level 1:colcon.colcon_core.environment:checking '/home/naman72060/ros2_wsn/install/auto_explo/bin'
[2.418s] INFO:colcon.colcon_core.shell:Creating package script '/home/naman72060/ros2_wsn/install/auto_explo/share/auto_explo/package.ps1'
[2.419s] INFO:colcon.colcon_core.shell:Creating package descriptor '/home/naman72060/ros2_wsn/install/auto_explo/share/auto_explo/package.dsv'
[2.420s] INFO:colcon.colcon_core.shell:Creating package script '/home/naman72060/ros2_wsn/install/auto_explo/share/auto_explo/package.sh'
[2.421s] INFO:colcon.colcon_core.shell:Creating package script '/home/naman72060/ros2_wsn/install/auto_explo/share/auto_explo/package.bash'
[2.423s] INFO:colcon.colcon_core.shell:Creating package script '/home/naman72060/ros2_wsn/install/auto_explo/share/auto_explo/package.zsh'
[2.424s] Level 1:colcon.colcon_core.environment:create_file_with_runtime_dependencies(/home/naman72060/ros2_wsn/install/auto_explo/share/colcon-core/packages/auto_explo)
[2.424s] Level 1:colcon.colcon_core.environment:create_environment_scripts_only(auto_explo)
[2.424s] Level 1:colcon.colcon_core.environment:checking '/home/naman72060/ros2_wsn/install/auto_explo' for CMake module files
[2.425s] Level 1:colcon.colcon_core.environment:checking '/home/naman72060/ros2_wsn/install/auto_explo' for CMake config files
[2.425s] Level 1:colcon.colcon_core.shell:create_environment_hook('auto_explo', 'cmake_prefix_path')
[2.425s] INFO:colcon.colcon_core.shell:Creating environment hook '/home/naman72060/ros2_wsn/install/auto_explo/share/auto_explo/hook/cmake_prefix_path.ps1'
[2.426s] INFO:colcon.colcon_core.shell:Creating environment descriptor '/home/naman72060/ros2_wsn/install/auto_explo/share/auto_explo/hook/cmake_prefix_path.dsv'
[2.427s] INFO:colcon.colcon_core.shell:Creating environment hook '/home/naman72060/ros2_wsn/install/auto_explo/share/auto_explo/hook/cmake_prefix_path.sh'
[2.427s] Level 1:colcon.colcon_core.environment:checking '/home/naman72060/ros2_wsn/install/auto_explo/bin'
[2.428s] Level 1:colcon.colcon_core.environment:checking '/home/naman72060/ros2_wsn/install/auto_explo/lib/pkgconfig/auto_explo.pc'
[2.428s] Level 1:colcon.colcon_core.environment:checking '/home/naman72060/ros2_wsn/install/auto_explo/lib/python3.10/site-packages'
[2.428s] Level 1:colcon.colcon_core.environment:checking '/home/naman72060/ros2_wsn/install/auto_explo/bin'
[2.428s] INFO:colcon.colcon_core.shell:Creating package script '/home/naman72060/ros2_wsn/install/auto_explo/share/auto_explo/package.ps1'
[2.429s] INFO:colcon.colcon_core.shell:Creating package descriptor '/home/naman72060/ros2_wsn/install/auto_explo/share/auto_explo/package.dsv'
[2.429s] INFO:colcon.colcon_core.shell:Creating package script '/home/naman72060/ros2_wsn/install/auto_explo/share/auto_explo/package.sh'
[2.429s] INFO:colcon.colcon_core.shell:Creating package script '/home/naman72060/ros2_wsn/install/auto_explo/share/auto_explo/package.bash'
[2.430s] INFO:colcon.colcon_core.shell:Creating package script '/home/naman72060/ros2_wsn/install/auto_explo/share/auto_explo/package.zsh'
[2.430s] Level 1:colcon.colcon_core.environment:create_file_with_runtime_dependencies(/home/naman72060/ros2_wsn/install/auto_explo/share/colcon-core/packages/auto_explo)
[2.430s] DEBUG:colcon.colcon_parallel_executor.executor.parallel:closing loop
[2.431s] DEBUG:colcon.colcon_parallel_executor.executor.parallel:loop closed
[2.431s] DEBUG:colcon.colcon_parallel_executor.executor.parallel:run_until_complete finished with '0'
[2.431s] DEBUG:colcon.colcon_core.event_reactor:joining thread
[2.467s] INFO:colcon.colcon_core.plugin_system:Skipping extension 'colcon_notification.desktop_notification.notify_send': Could not find 'notify-send'
[2.467s] INFO:colcon.colcon_core.plugin_system:Skipping extension 'colcon_notification.desktop_notification.terminal_notifier': Not used on non-Darwin systems
[2.467s] INFO:colcon.colcon_core.plugin_system:Skipping extension 'colcon_notification.desktop_notification.win32': Not used on non-Windows systems
[2.467s] INFO:colcon.colcon_notification.desktop_notification:Sending desktop notification using 'notify2'
[2.467s] DEBUG:colcon.colcon_notification.desktop_notification.notify2:Failed to initialize notify2: org.freedesktop.DBus.Error.FileNotFound: Failed to connect to socket /run/user/1000/bus: No such file or directory
[2.467s] DEBUG:colcon.colcon_core.event_reactor:joined thread
[2.467s] INFO:colcon.colcon_core.shell:Creating prefix script '/home/naman72060/ros2_wsn/install/local_setup.ps1'
[2.470s] INFO:colcon.colcon_core.shell:Creating prefix util module '/home/naman72060/ros2_wsn/install/_local_setup_util_ps1.py'
[2.471s] INFO:colcon.colcon_core.shell:Creating prefix chain script '/home/naman72060/ros2_wsn/install/setup.ps1'
[2.473s] INFO:colcon.colcon_core.shell:Creating prefix script '/home/naman72060/ros2_wsn/install/local_setup.sh'
[2.474s] INFO:colcon.colcon_core.shell:Creating prefix util module '/home/naman72060/ros2_wsn/install/_local_setup_util_sh.py'
[2.474s] INFO:colcon.colcon_core.shell:Creating prefix chain script '/home/naman72060/ros2_wsn/install/setup.sh'
[2.475s] INFO:colcon.colcon_core.shell:Creating prefix script '/home/naman72060/ros2_wsn/install/local_setup.bash'
[2.476s] INFO:colcon.colcon_core.shell:Creating prefix chain script '/home/naman72060/ros2_wsn/install/setup.bash'
[2.477s] INFO:colcon.colcon_core.shell:Creating prefix script '/home/naman72060/ros2_wsn/install/local_setup.zsh'
[2.478s] INFO:colcon.colcon_core.shell:Creating prefix chain script '/home/naman72060/ros2_wsn/install/setup.zsh'
