[0.013s] Invoking command in '/home/naman72060/ros2_wsn/build/auto_explo': CMAKE_PREFIX_PATH=${CMAKE_PREFIX_PATH}:/opt/ros/humble /usr/bin/cmake --build /home/naman72060/ros2_wsn/build/auto_explo -- -j12 -l12
[0.041s] Invoked command in '/home/naman72060/ros2_wsn/build/auto_explo' returned '0': CMAKE_PREFIX_PATH=${CMAKE_PREFIX_PATH}:/opt/ros/humble /usr/bin/cmake --build /home/naman72060/ros2_wsn/build/auto_explo -- -j12 -l12
[0.051s] Invoking command in '/home/naman72060/ros2_wsn/build/auto_explo': CMAKE_PREFIX_PATH=${CMAKE_PREFIX_PATH}:/opt/ros/humble /usr/bin/cmake --install /home/naman72060/ros2_wsn/build/auto_explo
[0.059s] -- Install configuration: ""
[0.059s] -- Execute custom install script
[0.060s] -- Up-to-date symlink: /home/naman72060/ros2_wsn/install/auto_explo/share/auto_explo//launch/explore.launch.py
[0.060s] -- Up-to-date symlink: /home/naman72060/ros2_wsn/install/auto_explo/share/auto_explo//launch/slam.launch.py
[0.060s] -- Up-to-date symlink: /home/naman72060/ros2_wsn/install/auto_explo/share/auto_explo//config/explore.yaml
[0.061s] -- Up-to-date symlink: /home/naman72060/ros2_wsn/install/auto_explo/share/auto_explo//config/slam.yaml
[0.061s] -- Up-to-date symlink: /home/naman72060/ros2_wsn/install/auto_explo/share/auto_explo//rviz/explore.rviz
[0.061s] -- Up-to-date symlink: /home/naman72060/ros2_wsn/install/auto_explo/share/ament_index/resource_index/package_run_dependencies/auto_explo
[0.061s] -- Up-to-date symlink: /home/naman72060/ros2_wsn/install/auto_explo/share/ament_index/resource_index/parent_prefix_path/auto_explo
[0.061s] -- Up-to-date symlink: /home/naman72060/ros2_wsn/install/auto_explo/share/auto_explo/environment/ament_prefix_path.sh
[0.061s] -- Up-to-date symlink: /home/naman72060/ros2_wsn/install/auto_explo/share/auto_explo/environment/ament_prefix_path.dsv
[0.061s] -- Up-to-date symlink: /home/naman72060/ros2_wsn/install/auto_explo/share/auto_explo/environment/path.sh
[0.061s] -- Up-to-date symlink: /home/naman72060/ros2_wsn/install/auto_explo/share/auto_explo/environment/path.dsv
[0.062s] -- Up-to-date symlink: /home/naman72060/ros2_wsn/install/auto_explo/share/auto_explo/local_setup.bash
[0.062s] -- Up-to-date symlink: /home/naman72060/ros2_wsn/install/auto_explo/share/auto_explo/local_setup.sh
[0.062s] -- Up-to-date symlink: /home/naman72060/ros2_wsn/install/auto_explo/share/auto_explo/local_setup.zsh
[0.062s] -- Up-to-date symlink: /home/naman72060/ros2_wsn/install/auto_explo/share/auto_explo/local_setup.dsv
[0.062s] -- Symlinking: /home/naman72060/ros2_wsn/install/auto_explo/share/auto_explo/package.dsv
[0.071s] -- Up-to-date symlink: /home/naman72060/ros2_wsn/install/auto_explo/share/ament_index/resource_index/packages/auto_explo
[0.071s] -- Up-to-date symlink: /home/naman72060/ros2_wsn/install/auto_explo/share/auto_explo/cmake/auto_exploConfig.cmake
[0.071s] -- Up-to-date symlink: /home/naman72060/ros2_wsn/install/auto_explo/share/auto_explo/cmake/auto_exploConfig-version.cmake
[0.072s] -- Up-to-date symlink: /home/naman72060/ros2_wsn/install/auto_explo/share/auto_explo/package.xml
[0.074s] Invoked command in '/home/naman72060/ros2_wsn/build/auto_explo' returned '0': CMAKE_PREFIX_PATH=${CMAKE_PREFIX_PATH}:/opt/ros/humble /usr/bin/cmake --install /home/naman72060/ros2_wsn/build/auto_explo
