[0.017s] Invoking command in '/home/naman72060/ros2_wsn/build/nav2_custom_planner': CMAKE_PREFIX_PATH=/opt/ros/humble /usr/bin/cmake --build /home/naman72060/ros2_wsn/build/nav2_custom_planner -- -j12 -l12
[0.046s] -- Found ament_cmake: 1.3.11 (/opt/ros/humble/share/ament_cmake/cmake)
[0.180s] -- Found rclcpp: 16.0.12 (/opt/ros/humble/share/rclcpp/cmake)
[0.334s] -- Found rosidl_generator_c: 3.1.6 (/opt/ros/humble/share/rosidl_generator_c/cmake)
[0.337s] -- Found rosidl_adapter: 3.1.6 (/opt/ros/humble/share/rosidl_adapter/cmake)
[0.348s] -- Found rosidl_generator_cpp: 3.1.6 (/opt/ros/humble/share/rosidl_generator_cpp/cmake)
[0.363s] -- Using all available rosidl_typesupport_c: rosidl_typesupport_fastrtps_c;rosidl_typesupport_introspection_c
[0.381s] -- Using all available rosidl_typesupport_cpp: rosidl_typesupport_fastrtps_cpp;rosidl_typesupport_introspection_cpp
[0.426s] -- Found rmw_implementation_cmake: 6.1.2 (/opt/ros/humble/share/rmw_implementation_cmake/cmake)
[0.428s] -- Found rmw_cyclonedds_cpp: 1.3.4 (/opt/ros/humble/share/rmw_cyclonedds_cpp/cmake)
[0.450s] -- Using RMW implementation 'rmw_cyclonedds_cpp' as default
[0.501s] -- Found rclcpp_lifecycle: 16.0.12 (/opt/ros/humble/share/rclcpp_lifecycle/cmake)
[0.521s] -- Found nav2_core: 1.1.18 (/opt/ros/humble/share/nav2_core/cmake)
[0.718s] -- Ensuring Eigen3 include directory is part of orocos-kdl CMake target
[1.780s] -- Found ament_lint_auto: 0.12.12 (/opt/ros/humble/share/ament_lint_auto/cmake)
[1.843s] -- Added test 'cppcheck' to perform static code analysis on C / C++ code
[1.843s] -- Configured cppcheck include dirs: /home/naman72060/ros2_wsn/src/nav2_custom_planner/include
[1.843s] -- Configured cppcheck exclude dirs and/or files: 
[1.844s] -- Added test 'lint_cmake' to check CMake code style
[1.845s] -- Added test 'uncrustify' to check C / C++ code style
[1.845s] -- Configured uncrustify additional arguments: 
[1.846s] -- Added test 'xmllint' to check XML markup files
[1.848s] -- Configuring done
[1.886s] -- Generating done
[1.891s] -- Build files have been written to: /home/naman72060/ros2_wsn/build/nav2_custom_planner
[1.911s] [35m[1mConsolidate compiler generated dependencies of target nav2_custom_planner_plugin[0m
[1.924s] [100%] Built target nav2_custom_planner_plugin
[1.932s] Invoked command in '/home/naman72060/ros2_wsn/build/nav2_custom_planner' returned '0': CMAKE_PREFIX_PATH=/opt/ros/humble /usr/bin/cmake --build /home/naman72060/ros2_wsn/build/nav2_custom_planner -- -j12 -l12
[1.934s] Invoking command in '/home/naman72060/ros2_wsn/build/nav2_custom_planner': CMAKE_PREFIX_PATH=/opt/ros/humble /usr/bin/cmake --install /home/naman72060/ros2_wsn/build/nav2_custom_planner
[1.938s] -- Install configuration: ""
[1.938s] -- Up-to-date: /home/naman72060/ros2_wsn/install/nav2_custom_planner/share/nav2_custom_planner/gobal_planner_plugin.xml
[1.939s] -- Up-to-date: /home/naman72060/ros2_wsn/install/nav2_custom_planner/lib/libnav2_custom_planner_plugin.so
[1.939s] -- Up-to-date: /home/naman72060/ros2_wsn/install/nav2_custom_planner/include
[1.939s] -- Up-to-date: /home/naman72060/ros2_wsn/install/nav2_custom_planner/include/nav2_custom_planner
[1.939s] -- Up-to-date: /home/naman72060/ros2_wsn/install/nav2_custom_planner/include/nav2_custom_planner/custom_planner.hpp
[1.939s] -- Up-to-date: /home/naman72060/ros2_wsn/install/nav2_custom_planner/share/nav2_custom_planner/gobal_planner_plugin.xml
[1.939s] -- Installing: /home/naman72060/ros2_wsn/install/nav2_custom_planner/share/ament_index/resource_index/package_run_dependencies/nav2_custom_planner
[1.939s] -- Up-to-date: /home/naman72060/ros2_wsn/install/nav2_custom_planner/share/ament_index/resource_index/parent_prefix_path/nav2_custom_planner
[1.939s] -- Up-to-date: /home/naman72060/ros2_wsn/install/nav2_custom_planner/share/nav2_custom_planner/environment/ament_prefix_path.sh
[1.939s] -- Installing: /home/naman72060/ros2_wsn/install/nav2_custom_planner/share/nav2_custom_planner/environment/ament_prefix_path.dsv
[1.941s] -- Up-to-date: /home/naman72060/ros2_wsn/install/nav2_custom_planner/share/nav2_custom_planner/environment/path.sh
[1.941s] -- Installing: /home/naman72060/ros2_wsn/install/nav2_custom_planner/share/nav2_custom_planner/environment/path.dsv
[1.941s] -- Up-to-date: /home/naman72060/ros2_wsn/install/nav2_custom_planner/share/nav2_custom_planner/local_setup.bash
[1.941s] -- Up-to-date: /home/naman72060/ros2_wsn/install/nav2_custom_planner/share/nav2_custom_planner/local_setup.sh
[1.941s] -- Up-to-date: /home/naman72060/ros2_wsn/install/nav2_custom_planner/share/nav2_custom_planner/local_setup.zsh
[1.941s] -- Installing: /home/naman72060/ros2_wsn/install/nav2_custom_planner/share/nav2_custom_planner/local_setup.dsv
[1.942s] -- Installing: /home/naman72060/ros2_wsn/install/nav2_custom_planner/share/nav2_custom_planner/package.dsv
[1.942s] -- Up-to-date: /home/naman72060/ros2_wsn/install/nav2_custom_planner/share/ament_index/resource_index/packages/nav2_custom_planner
[1.942s] -- Installing: /home/naman72060/ros2_wsn/install/nav2_custom_planner/share/ament_index/resource_index/nav2_core__pluginlib__plugin/nav2_custom_planner
[1.942s] -- Up-to-date: /home/naman72060/ros2_wsn/install/nav2_custom_planner/share/nav2_custom_planner/cmake/nav2_custom_plannerConfig.cmake
[1.942s] -- Up-to-date: /home/naman72060/ros2_wsn/install/nav2_custom_planner/share/nav2_custom_planner/cmake/nav2_custom_plannerConfig-version.cmake
[1.942s] -- Installing: /home/naman72060/ros2_wsn/install/nav2_custom_planner/share/nav2_custom_planner/package.xml
[1.944s] Invoked command in '/home/naman72060/ros2_wsn/build/nav2_custom_planner' returned '0': CMAKE_PREFIX_PATH=/opt/ros/humble /usr/bin/cmake --install /home/naman72060/ros2_wsn/build/nav2_custom_planner
