[0.014s] Invoking command in '/home/naman72060/ros2_wsn/build/explore_lite': CMAKE_PREFIX_PATH=/opt/ros/humble /usr/bin/cmake --build /home/naman72060/ros2_wsn/build/explore_lite -- -j12 -l12
[0.143s] [ 20%] Built target gtest_main
[0.145s] [ 40%] Built target gtest
[0.165s] [ 60%] Built target test_explore
[0.184s] [100%] Built target explore
[0.195s] Invoked command in '/home/naman72060/ros2_wsn/build/explore_lite' returned '0': CMAKE_PREFIX_PATH=/opt/ros/humble /usr/bin/cmake --build /home/naman72060/ros2_wsn/build/explore_lite -- -j12 -l12
[0.205s] Invoking command in '/home/naman72060/ros2_wsn/build/explore_lite': CMAKE_PREFIX_PATH=/opt/ros/humble /usr/bin/cmake --install /home/naman72060/ros2_wsn/build/explore_lite
[0.211s] -- Install configuration: ""
[0.212s] -- Up-to-date: /home/naman72060/ros2_wsn/install/explore_lite/include/explore/
[0.212s] -- Up-to-date: /home/naman72060/ros2_wsn/install/explore_lite/include/explore//explore.h:Zone.Identifier
[0.213s] -- Up-to-date: /home/naman72060/ros2_wsn/install/explore_lite/include/explore//costmap_tools.h
[0.213s] -- Up-to-date: /home/naman72060/ros2_wsn/install/explore_lite/include/explore//costmap_client.h
[0.213s] -- Up-to-date: /home/naman72060/ros2_wsn/install/explore_lite/include/explore//costmap_tools.h:Zone.Identifier
[0.213s] -- Up-to-date: /home/naman72060/ros2_wsn/install/explore_lite/include/explore//frontier_search.h
[0.213s] -- Up-to-date: /home/naman72060/ros2_wsn/install/explore_lite/include/explore//frontier_search.h:Zone.Identifier
[0.213s] -- Up-to-date: /home/naman72060/ros2_wsn/install/explore_lite/include/explore//costmap_client.h:Zone.Identifier
[0.213s] -- Up-to-date: /home/naman72060/ros2_wsn/install/explore_lite/include/explore//explore.h
[0.214s] -- Up-to-date: /home/naman72060/ros2_wsn/install/explore_lite/share/explore_lite/config
[0.215s] -- Up-to-date: /home/naman72060/ros2_wsn/install/explore_lite/share/explore_lite/config/params.yaml
[0.215s] -- Up-to-date: /home/naman72060/ros2_wsn/install/explore_lite/share/explore_lite/config/params_costmap.yaml
[0.215s] -- Up-to-date: /home/naman72060/ros2_wsn/install/explore_lite/share/explore_lite/config/params_costmap.yaml:Zone.Identifier
[0.215s] -- Up-to-date: /home/naman72060/ros2_wsn/install/explore_lite/share/explore_lite/config/params.yaml:Zone.Identifier
[0.215s] -- Up-to-date: /home/naman72060/ros2_wsn/install/explore_lite/share/explore_lite/launch
[0.215s] -- Up-to-date: /home/naman72060/ros2_wsn/install/explore_lite/share/explore_lite/launch/explore.launch.py:Zone.Identifier
[0.215s] -- Up-to-date: /home/naman72060/ros2_wsn/install/explore_lite/share/explore_lite/launch/explore.launch.py
[0.217s] -- Up-to-date: /home/naman72060/ros2_wsn/install/explore_lite/lib/explore_lite/explore
[0.218s] -- Up-to-date: /home/naman72060/ros2_wsn/install/explore_lite/share/ament_index/resource_index/package_run_dependencies/explore_lite
[0.219s] -- Up-to-date: /home/naman72060/ros2_wsn/install/explore_lite/share/ament_index/resource_index/parent_prefix_path/explore_lite
[0.219s] -- Up-to-date: /home/naman72060/ros2_wsn/install/explore_lite/share/explore_lite/environment/ament_prefix_path.sh
[0.219s] -- Up-to-date: /home/naman72060/ros2_wsn/install/explore_lite/share/explore_lite/environment/ament_prefix_path.dsv
[0.220s] -- Up-to-date: /home/naman72060/ros2_wsn/install/explore_lite/share/explore_lite/environment/path.sh
[0.220s] -- Up-to-date: /home/naman72060/ros2_wsn/install/explore_lite/share/explore_lite/environment/path.dsv
[0.220s] -- Up-to-date: /home/naman72060/ros2_wsn/install/explore_lite/share/explore_lite/local_setup.bash
[0.220s] -- Up-to-date: /home/naman72060/ros2_wsn/install/explore_lite/share/explore_lite/local_setup.sh
[0.220s] -- Up-to-date: /home/naman72060/ros2_wsn/install/explore_lite/share/explore_lite/local_setup.zsh
[0.220s] -- Up-to-date: /home/naman72060/ros2_wsn/install/explore_lite/share/explore_lite/local_setup.dsv
[0.220s] -- Installing: /home/naman72060/ros2_wsn/install/explore_lite/share/explore_lite/package.dsv
[0.221s] -- Up-to-date: /home/naman72060/ros2_wsn/install/explore_lite/share/ament_index/resource_index/packages/explore_lite
[0.221s] -- Up-to-date: /home/naman72060/ros2_wsn/install/explore_lite/share/explore_lite/cmake/ament_cmake_export_include_directories-extras.cmake
[0.222s] -- Up-to-date: /home/naman72060/ros2_wsn/install/explore_lite/share/explore_lite/cmake/explore_liteConfig.cmake
[0.222s] -- Up-to-date: /home/naman72060/ros2_wsn/install/explore_lite/share/explore_lite/cmake/explore_liteConfig-version.cmake
[0.222s] -- Up-to-date: /home/naman72060/ros2_wsn/install/explore_lite/share/explore_lite/package.xml
[0.224s] Invoked command in '/home/naman72060/ros2_wsn/build/explore_lite' returned '0': CMAKE_PREFIX_PATH=/opt/ros/humble /usr/bin/cmake --install /home/naman72060/ros2_wsn/build/explore_lite
