[0.018s] Invoking command in '/home/naman72060/ros2_wsn/build/auto_explo': CMAKE_PREFIX_PATH=/opt/ros/humble /usr/bin/cmake --build /home/naman72060/ros2_wsn/build/auto_explo -- -j12 -l12
[0.133s] -- Found ament_cmake: 1.3.11 (/opt/ros/humble/share/ament_cmake/cmake)
[0.296s] -- Found ament_lint_auto: 0.12.12 (/opt/ros/humble/share/ament_lint_auto/cmake)
[0.364s] -- Added test 'flake8' to check Python code syntax and style conventions
[0.365s] -- Added test 'lint_cmake' to check CMake code style
[0.366s] -- Added test 'pep257' to check Python code against some of the docstring style conventions in PEP 257
[0.367s] -- Added test 'xmllint' to check XML markup files
[0.369s] -- Configuring done
[0.375s] -- Generating done
[0.376s] -- Build files have been written to: /home/naman72060/ros2_wsn/build/auto_explo
[0.400s] Invoked command in '/home/naman72060/ros2_wsn/build/auto_explo' returned '0': CMAKE_PREFIX_PATH=/opt/ros/humble /usr/bin/cmake --build /home/naman72060/ros2_wsn/build/auto_explo -- -j12 -l12
[0.410s] Invoking command in '/home/naman72060/ros2_wsn/build/auto_explo': CMAKE_PREFIX_PATH=/opt/ros/humble /usr/bin/cmake --install /home/naman72060/ros2_wsn/build/auto_explo
[0.416s] -- Install configuration: ""
[0.416s] -- Installing: /home/naman72060/ros2_wsn/install/auto_explo/share/auto_explo//launch
[0.416s] -- Installing: /home/naman72060/ros2_wsn/install/auto_explo/share/auto_explo//launch/online_async_launch.launch.py
[0.416s] -- Up-to-date: /home/naman72060/ros2_wsn/install/auto_explo/share/ament_index/resource_index/package_run_dependencies/auto_explo
[0.416s] -- Up-to-date: /home/naman72060/ros2_wsn/install/auto_explo/share/ament_index/resource_index/parent_prefix_path/auto_explo
[0.417s] -- Up-to-date: /home/naman72060/ros2_wsn/install/auto_explo/share/auto_explo/environment/ament_prefix_path.sh
[0.417s] -- Installing: /home/naman72060/ros2_wsn/install/auto_explo/share/auto_explo/environment/ament_prefix_path.dsv
[0.417s] -- Up-to-date: /home/naman72060/ros2_wsn/install/auto_explo/share/auto_explo/environment/path.sh
[0.417s] -- Installing: /home/naman72060/ros2_wsn/install/auto_explo/share/auto_explo/environment/path.dsv
[0.417s] -- Up-to-date: /home/naman72060/ros2_wsn/install/auto_explo/share/auto_explo/local_setup.bash
[0.417s] -- Up-to-date: /home/naman72060/ros2_wsn/install/auto_explo/share/auto_explo/local_setup.sh
[0.418s] -- Up-to-date: /home/naman72060/ros2_wsn/install/auto_explo/share/auto_explo/local_setup.zsh
[0.418s] -- Installing: /home/naman72060/ros2_wsn/install/auto_explo/share/auto_explo/local_setup.dsv
[0.418s] -- Installing: /home/naman72060/ros2_wsn/install/auto_explo/share/auto_explo/package.dsv
[0.418s] -- Up-to-date: /home/naman72060/ros2_wsn/install/auto_explo/share/ament_index/resource_index/packages/auto_explo
[0.418s] -- Up-to-date: /home/naman72060/ros2_wsn/install/auto_explo/share/auto_explo/cmake/auto_exploConfig.cmake
[0.418s] -- Up-to-date: /home/naman72060/ros2_wsn/install/auto_explo/share/auto_explo/cmake/auto_exploConfig-version.cmake
[0.418s] -- Up-to-date: /home/naman72060/ros2_wsn/install/auto_explo/share/auto_explo/package.xml
[0.420s] Invoked command in '/home/naman72060/ros2_wsn/build/auto_explo' returned '0': CMAKE_PREFIX_PATH=/opt/ros/humble /usr/bin/cmake --install /home/naman72060/ros2_wsn/build/auto_explo
