[0.160s] DEBUG:colcon:Command line arguments: ['/usr/bin/colcon', 'build']
[0.160s] DEBUG:colcon:Parsed command line arguments: Namespace(log_base=None, log_level=None, verb_name='build', build_base='build', install_base='install', merge_install=False, symlink_install=False, test_result_base=None, continue_on_error=False, executor='parallel', parallel_workers=12, event_handlers=None, ignore_user_meta=False, metas=['./colcon.meta'], base_paths=['.'], packages_ignore=None, packages_ignore_regex=None, paths=None, packages_up_to=None, packages_up_to_regex=None, packages_above=None, packages_above_and_dependencies=None, packages_above_depth=None, packages_select_by_dep=None, packages_skip_by_dep=None, packages_skip_up_to=None, packages_select_build_failed=False, packages_skip_build_finished=False, packages_select_test_failures=False, packages_skip_test_passed=False, packages_select=None, packages_skip=None, packages_select_regex=None, packages_skip_regex=None, packages_start=None, packages_end=None, allow_overriding=[], cmake_args=None, cmake_target=None, cmake_target_skip_unavailable=False, cmake_clean_cache=False, cmake_clean_first=False, cmake_force_configure=False, ament_cmake_args=None, catkin_cmake_args=None, catkin_skip_building_tests=False, verb_parser=<colcon_defaults.argument_parser.defaults.DefaultArgumentsDecorator object at 0x71e333268c70>, verb_extension=<colcon_core.verb.build.BuildVerb object at 0x71e333268760>, main=<bound method BuildVerb.main of <colcon_core.verb.build.BuildVerb object at 0x71e333268760>>)
[0.255s] Level 1:colcon.colcon_core.package_discovery:discover_packages(colcon_meta) check parameters
[0.256s] Level 1:colcon.colcon_core.package_discovery:discover_packages(recursive) check parameters
[0.256s] Level 1:colcon.colcon_core.package_discovery:discover_packages(ignore) check parameters
[0.256s] Level 1:colcon.colcon_core.package_discovery:discover_packages(path) check parameters
[0.256s] Level 1:colcon.colcon_core.package_discovery:discover_packages(colcon_meta) discover
[0.256s] Level 1:colcon.colcon_core.package_discovery:discover_packages(recursive) discover
[0.256s] INFO:colcon.colcon_core.package_discovery:Crawling recursively for packages in '/home/naman72060/ros2_wsn'
[0.256s] Level 1:colcon.colcon_core.package_identification:_identify(.) by extensions ['ignore', 'ignore_ament_install']
[0.256s] Level 1:colcon.colcon_core.package_identification:_identify(.) by extension 'ignore'
[0.256s] Level 1:colcon.colcon_core.package_identification:_identify(.) by extension 'ignore_ament_install'
[0.256s] Level 1:colcon.colcon_core.package_identification:_identify(.) by extensions ['colcon_pkg']
[0.256s] Level 1:colcon.colcon_core.package_identification:_identify(.) by extension 'colcon_pkg'
[0.256s] Level 1:colcon.colcon_core.package_identification:_identify(.) by extensions ['colcon_meta']
[0.256s] Level 1:colcon.colcon_core.package_identification:_identify(.) by extension 'colcon_meta'
[0.256s] Level 1:colcon.colcon_core.package_identification:_identify(.) by extensions ['ros']
[0.256s] Level 1:colcon.colcon_core.package_identification:_identify(.) by extension 'ros'
[0.262s] Level 1:colcon.colcon_core.package_identification:_identify(.) by extensions ['cmake', 'python']
[0.262s] Level 1:colcon.colcon_core.package_identification:_identify(.) by extension 'cmake'
[0.262s] Level 1:colcon.colcon_core.package_identification:_identify(.) by extension 'python'
[0.262s] Level 1:colcon.colcon_core.package_identification:_identify(.) by extensions ['python_setup_py']
[0.262s] Level 1:colcon.colcon_core.package_identification:_identify(.) by extension 'python_setup_py'
[0.262s] Level 1:colcon.colcon_core.package_identification:_identify(build) by extensions ['ignore', 'ignore_ament_install']
[0.262s] Level 1:colcon.colcon_core.package_identification:_identify(build) by extension 'ignore'
[0.262s] Level 1:colcon.colcon_core.package_identification:_identify(build) ignored
[0.262s] Level 1:colcon.colcon_core.package_identification:_identify(install) by extensions ['ignore', 'ignore_ament_install']
[0.262s] Level 1:colcon.colcon_core.package_identification:_identify(install) by extension 'ignore'
[0.262s] Level 1:colcon.colcon_core.package_identification:_identify(install) ignored
[0.262s] Level 1:colcon.colcon_core.package_identification:_identify(log) by extensions ['ignore', 'ignore_ament_install']
[0.262s] Level 1:colcon.colcon_core.package_identification:_identify(log) by extension 'ignore'
[0.262s] Level 1:colcon.colcon_core.package_identification:_identify(log) ignored
[0.262s] Level 1:colcon.colcon_core.package_identification:_identify(src) by extensions ['ignore', 'ignore_ament_install']
[0.262s] Level 1:colcon.colcon_core.package_identification:_identify(src) by extension 'ignore'
[0.262s] Level 1:colcon.colcon_core.package_identification:_identify(src) by extension 'ignore_ament_install'
[0.262s] Level 1:colcon.colcon_core.package_identification:_identify(src) by extensions ['colcon_pkg']
[0.262s] Level 1:colcon.colcon_core.package_identification:_identify(src) by extension 'colcon_pkg'
[0.262s] Level 1:colcon.colcon_core.package_identification:_identify(src) by extensions ['colcon_meta']
[0.262s] Level 1:colcon.colcon_core.package_identification:_identify(src) by extension 'colcon_meta'
[0.262s] Level 1:colcon.colcon_core.package_identification:_identify(src) by extensions ['ros']
[0.262s] Level 1:colcon.colcon_core.package_identification:_identify(src) by extension 'ros'
[0.262s] Level 1:colcon.colcon_core.package_identification:_identify(src) by extensions ['cmake', 'python']
[0.262s] Level 1:colcon.colcon_core.package_identification:_identify(src) by extension 'cmake'
[0.262s] Level 1:colcon.colcon_core.package_identification:_identify(src) by extension 'python'
[0.262s] Level 1:colcon.colcon_core.package_identification:_identify(src) by extensions ['python_setup_py']
[0.262s] Level 1:colcon.colcon_core.package_identification:_identify(src) by extension 'python_setup_py'
[0.262s] Level 1:colcon.colcon_core.package_identification:_identify(src/auto_explo) by extensions ['ignore', 'ignore_ament_install']
[0.262s] Level 1:colcon.colcon_core.package_identification:_identify(src/auto_explo) by extension 'ignore'
[0.262s] Level 1:colcon.colcon_core.package_identification:_identify(src/auto_explo) by extension 'ignore_ament_install'
[0.263s] Level 1:colcon.colcon_core.package_identification:_identify(src/auto_explo) by extensions ['colcon_pkg']
[0.263s] Level 1:colcon.colcon_core.package_identification:_identify(src/auto_explo) by extension 'colcon_pkg'
[0.263s] Level 1:colcon.colcon_core.package_identification:_identify(src/auto_explo) by extensions ['colcon_meta']
[0.263s] Level 1:colcon.colcon_core.package_identification:_identify(src/auto_explo) by extension 'colcon_meta'
[0.263s] Level 1:colcon.colcon_core.package_identification:_identify(src/auto_explo) by extensions ['ros']
[0.263s] Level 1:colcon.colcon_core.package_identification:_identify(src/auto_explo) by extension 'ros'
[0.264s] DEBUG:colcon.colcon_core.package_identification:Package 'src/auto_explo' with type 'ros.ament_cmake' and name 'auto_explo'
[0.265s] Level 1:colcon.colcon_core.package_identification:_identify(src/explore) by extensions ['ignore', 'ignore_ament_install']
[0.265s] Level 1:colcon.colcon_core.package_identification:_identify(src/explore) by extension 'ignore'
[0.265s] Level 1:colcon.colcon_core.package_identification:_identify(src/explore) by extension 'ignore_ament_install'
[0.265s] Level 1:colcon.colcon_core.package_identification:_identify(src/explore) by extensions ['colcon_pkg']
[0.265s] Level 1:colcon.colcon_core.package_identification:_identify(src/explore) by extension 'colcon_pkg'
[0.265s] Level 1:colcon.colcon_core.package_identification:_identify(src/explore) by extensions ['colcon_meta']
[0.265s] Level 1:colcon.colcon_core.package_identification:_identify(src/explore) by extension 'colcon_meta'
[0.265s] Level 1:colcon.colcon_core.package_identification:_identify(src/explore) by extensions ['ros']
[0.265s] Level 1:colcon.colcon_core.package_identification:_identify(src/explore) by extension 'ros'
[0.265s] DEBUG:colcon.colcon_core.package_identification:Package 'src/explore' with type 'ros.ament_cmake' and name 'explore_lite'
[0.265s] Level 1:colcon.colcon_core.package_discovery:discover_packages(recursive) using defaults
[0.265s] Level 1:colcon.colcon_core.package_discovery:discover_packages(ignore) discover
[0.265s] Level 1:colcon.colcon_core.package_discovery:discover_packages(ignore) using defaults
[0.265s] Level 1:colcon.colcon_core.package_discovery:discover_packages(path) discover
[0.265s] Level 1:colcon.colcon_core.package_discovery:discover_packages(path) using defaults
[0.284s] Level 1:colcon.colcon_core.package_discovery:discover_packages(prefix_path) check parameters
[0.284s] Level 1:colcon.colcon_core.package_discovery:discover_packages(prefix_path) discover
[0.285s] DEBUG:colcon.colcon_installed_package_information.package_discovery:Found 2 installed packages in /home/naman72060/ros2_wsn/install
[0.286s] DEBUG:colcon.colcon_installed_package_information.package_discovery:Found 425 installed packages in /opt/ros/humble
[0.286s] Level 1:colcon.colcon_core.package_discovery:discover_packages(prefix_path) using defaults
[0.315s] Level 5:colcon.colcon_core.verb:set package 'auto_explo' build argument 'cmake_args' from command line to 'None'
[0.315s] Level 5:colcon.colcon_core.verb:set package 'auto_explo' build argument 'cmake_target' from command line to 'None'
[0.315s] Level 5:colcon.colcon_core.verb:set package 'auto_explo' build argument 'cmake_target_skip_unavailable' from command line to 'False'
[0.316s] Level 5:colcon.colcon_core.verb:set package 'auto_explo' build argument 'cmake_clean_cache' from command line to 'False'
[0.316s] Level 5:colcon.colcon_core.verb:set package 'auto_explo' build argument 'cmake_clean_first' from command line to 'False'
[0.316s] Level 5:colcon.colcon_core.verb:set package 'auto_explo' build argument 'cmake_force_configure' from command line to 'False'
[0.316s] Level 5:colcon.colcon_core.verb:set package 'auto_explo' build argument 'ament_cmake_args' from command line to 'None'
[0.316s] Level 5:colcon.colcon_core.verb:set package 'auto_explo' build argument 'catkin_cmake_args' from command line to 'None'
[0.316s] Level 5:colcon.colcon_core.verb:set package 'auto_explo' build argument 'catkin_skip_building_tests' from command line to 'False'
[0.316s] DEBUG:colcon.colcon_core.verb:Building package 'auto_explo' with the following arguments: {'ament_cmake_args': None, 'build_base': '/home/naman72060/ros2_wsn/build/auto_explo', 'catkin_cmake_args': None, 'catkin_skip_building_tests': False, 'cmake_args': None, 'cmake_clean_cache': False, 'cmake_clean_first': False, 'cmake_force_configure': False, 'cmake_target': None, 'cmake_target_skip_unavailable': False, 'install_base': '/home/naman72060/ros2_wsn/install/auto_explo', 'merge_install': False, 'path': '/home/naman72060/ros2_wsn/src/auto_explo', 'symlink_install': False, 'test_result_base': None}
[0.316s] Level 5:colcon.colcon_core.verb:set package 'explore_lite' build argument 'cmake_args' from command line to 'None'
[0.316s] Level 5:colcon.colcon_core.verb:set package 'explore_lite' build argument 'cmake_target' from command line to 'None'
[0.316s] Level 5:colcon.colcon_core.verb:set package 'explore_lite' build argument 'cmake_target_skip_unavailable' from command line to 'False'
[0.316s] Level 5:colcon.colcon_core.verb:set package 'explore_lite' build argument 'cmake_clean_cache' from command line to 'False'
[0.316s] Level 5:colcon.colcon_core.verb:set package 'explore_lite' build argument 'cmake_clean_first' from command line to 'False'
[0.316s] Level 5:colcon.colcon_core.verb:set package 'explore_lite' build argument 'cmake_force_configure' from command line to 'False'
[0.316s] Level 5:colcon.colcon_core.verb:set package 'explore_lite' build argument 'ament_cmake_args' from command line to 'None'
[0.316s] Level 5:colcon.colcon_core.verb:set package 'explore_lite' build argument 'catkin_cmake_args' from command line to 'None'
[0.316s] Level 5:colcon.colcon_core.verb:set package 'explore_lite' build argument 'catkin_skip_building_tests' from command line to 'False'
[0.316s] DEBUG:colcon.colcon_core.verb:Building package 'explore_lite' with the following arguments: {'ament_cmake_args': None, 'build_base': '/home/naman72060/ros2_wsn/build/explore_lite', 'catkin_cmake_args': None, 'catkin_skip_building_tests': False, 'cmake_args': None, 'cmake_clean_cache': False, 'cmake_clean_first': False, 'cmake_force_configure': False, 'cmake_target': None, 'cmake_target_skip_unavailable': False, 'install_base': '/home/naman72060/ros2_wsn/install/explore_lite', 'merge_install': False, 'path': '/home/naman72060/ros2_wsn/src/explore', 'symlink_install': False, 'test_result_base': None}
[0.316s] INFO:colcon.colcon_core.executor:Executing jobs using 'parallel' executor
[0.317s] DEBUG:colcon.colcon_parallel_executor.executor.parallel:run_until_complete
[0.317s] INFO:colcon.colcon_ros.task.ament_cmake.build:Building ROS package in '/home/naman72060/ros2_wsn/src/auto_explo' with build type 'ament_cmake'
[0.317s] INFO:colcon.colcon_cmake.task.cmake.build:Building CMake package in '/home/naman72060/ros2_wsn/src/auto_explo'
[0.318s] INFO:colcon.colcon_core.plugin_system:Skipping extension 'colcon_core.shell.bat': Not used on non-Windows systems
[0.318s] INFO:colcon.colcon_core.shell:Skip shell extension 'powershell' for command environment: Not usable outside of PowerShell
[0.318s] DEBUG:colcon.colcon_core.shell:Skip shell extension 'dsv' for command environment
[0.321s] INFO:colcon.colcon_ros.task.ament_cmake.build:Building ROS package in '/home/naman72060/ros2_wsn/src/explore' with build type 'ament_cmake'
[0.322s] INFO:colcon.colcon_cmake.task.cmake.build:Building CMake package in '/home/naman72060/ros2_wsn/src/explore'
[0.322s] INFO:colcon.colcon_core.shell:Skip shell extension 'powershell' for command environment: Not usable outside of PowerShell
[0.322s] DEBUG:colcon.colcon_core.shell:Skip shell extension 'dsv' for command environment
[0.331s] DEBUG:colcon.colcon_core.event_handler.log_command:Invoking command in '/home/naman72060/ros2_wsn/build/auto_explo': CMAKE_PREFIX_PATH=${CMAKE_PREFIX_PATH}:/opt/ros/humble /usr/bin/cmake --build /home/naman72060/ros2_wsn/build/auto_explo -- -j12 -l12
[0.334s] DEBUG:colcon.colcon_core.event_handler.log_command:Invoking command in '/home/naman72060/ros2_wsn/build/explore_lite': CMAKE_PREFIX_PATH=${CMAKE_PREFIX_PATH}:/opt/ros/humble /usr/bin/cmake --build /home/naman72060/ros2_wsn/build/explore_lite -- -j12 -l12
[0.354s] DEBUG:colcon.colcon_core.event_handler.log_command:Invoked command in '/home/naman72060/ros2_wsn/build/auto_explo' returned '0': CMAKE_PREFIX_PATH=${CMAKE_PREFIX_PATH}:/opt/ros/humble /usr/bin/cmake --build /home/naman72060/ros2_wsn/build/auto_explo -- -j12 -l12
[0.365s] DEBUG:colcon.colcon_core.event_handler.log_command:Invoking command in '/home/naman72060/ros2_wsn/build/auto_explo': CMAKE_PREFIX_PATH=${CMAKE_PREFIX_PATH}:/opt/ros/humble /usr/bin/cmake --install /home/naman72060/ros2_wsn/build/auto_explo
[0.383s] Level 1:colcon.colcon_core.environment:create_environment_scripts_only(auto_explo)
[0.385s] DEBUG:colcon.colcon_core.event_handler.log_command:Invoked command in '/home/naman72060/ros2_wsn/build/auto_explo' returned '0': CMAKE_PREFIX_PATH=${CMAKE_PREFIX_PATH}:/opt/ros/humble /usr/bin/cmake --install /home/naman72060/ros2_wsn/build/auto_explo
[0.386s] Level 1:colcon.colcon_core.environment:checking '/home/naman72060/ros2_wsn/install/auto_explo' for CMake module files
[0.386s] Level 1:colcon.colcon_core.environment:checking '/home/naman72060/ros2_wsn/install/auto_explo' for CMake config files
[0.386s] Level 1:colcon.colcon_core.shell:create_environment_hook('auto_explo', 'cmake_prefix_path')
[0.387s] INFO:colcon.colcon_core.shell:Creating environment hook '/home/naman72060/ros2_wsn/install/auto_explo/share/auto_explo/hook/cmake_prefix_path.ps1'
[0.387s] INFO:colcon.colcon_core.shell:Creating environment descriptor '/home/naman72060/ros2_wsn/install/auto_explo/share/auto_explo/hook/cmake_prefix_path.dsv'
[0.387s] INFO:colcon.colcon_core.shell:Creating environment hook '/home/naman72060/ros2_wsn/install/auto_explo/share/auto_explo/hook/cmake_prefix_path.sh'
[0.388s] Level 1:colcon.colcon_core.environment:checking '/home/naman72060/ros2_wsn/install/auto_explo/lib'
[0.388s] Level 1:colcon.colcon_core.environment:checking '/home/naman72060/ros2_wsn/install/auto_explo/bin'
[0.388s] Level 1:colcon.colcon_core.environment:checking '/home/naman72060/ros2_wsn/install/auto_explo/lib/pkgconfig/auto_explo.pc'
[0.388s] Level 1:colcon.colcon_core.environment:checking '/home/naman72060/ros2_wsn/install/auto_explo/lib/python3.10/site-packages'
[0.388s] Level 1:colcon.colcon_core.environment:checking '/home/naman72060/ros2_wsn/install/auto_explo/bin'
[0.388s] INFO:colcon.colcon_core.shell:Creating package script '/home/naman72060/ros2_wsn/install/auto_explo/share/auto_explo/package.ps1'
[0.389s] INFO:colcon.colcon_core.shell:Creating package descriptor '/home/naman72060/ros2_wsn/install/auto_explo/share/auto_explo/package.dsv'
[0.389s] INFO:colcon.colcon_core.shell:Creating package script '/home/naman72060/ros2_wsn/install/auto_explo/share/auto_explo/package.sh'
[0.389s] INFO:colcon.colcon_core.shell:Creating package script '/home/naman72060/ros2_wsn/install/auto_explo/share/auto_explo/package.bash'
[0.390s] INFO:colcon.colcon_core.shell:Creating package script '/home/naman72060/ros2_wsn/install/auto_explo/share/auto_explo/package.zsh'
[0.390s] Level 1:colcon.colcon_core.environment:create_file_with_runtime_dependencies(/home/naman72060/ros2_wsn/install/auto_explo/share/colcon-core/packages/auto_explo)
[0.390s] Level 1:colcon.colcon_core.environment:create_environment_scripts_only(auto_explo)
[0.390s] Level 1:colcon.colcon_core.environment:checking '/home/naman72060/ros2_wsn/install/auto_explo' for CMake module files
[0.391s] Level 1:colcon.colcon_core.environment:checking '/home/naman72060/ros2_wsn/install/auto_explo' for CMake config files
[0.391s] Level 1:colcon.colcon_core.shell:create_environment_hook('auto_explo', 'cmake_prefix_path')
[0.392s] INFO:colcon.colcon_core.shell:Creating environment hook '/home/naman72060/ros2_wsn/install/auto_explo/share/auto_explo/hook/cmake_prefix_path.ps1'
[0.392s] INFO:colcon.colcon_core.shell:Creating environment descriptor '/home/naman72060/ros2_wsn/install/auto_explo/share/auto_explo/hook/cmake_prefix_path.dsv'
[0.392s] INFO:colcon.colcon_core.shell:Creating environment hook '/home/naman72060/ros2_wsn/install/auto_explo/share/auto_explo/hook/cmake_prefix_path.sh'
[0.393s] Level 1:colcon.colcon_core.environment:checking '/home/naman72060/ros2_wsn/install/auto_explo/lib'
[0.393s] Level 1:colcon.colcon_core.environment:checking '/home/naman72060/ros2_wsn/install/auto_explo/bin'
[0.393s] Level 1:colcon.colcon_core.environment:checking '/home/naman72060/ros2_wsn/install/auto_explo/lib/pkgconfig/auto_explo.pc'
[0.393s] Level 1:colcon.colcon_core.environment:checking '/home/naman72060/ros2_wsn/install/auto_explo/lib/python3.10/site-packages'
[0.393s] Level 1:colcon.colcon_core.environment:checking '/home/naman72060/ros2_wsn/install/auto_explo/bin'
[0.393s] INFO:colcon.colcon_core.shell:Creating package script '/home/naman72060/ros2_wsn/install/auto_explo/share/auto_explo/package.ps1'
[0.393s] INFO:colcon.colcon_core.shell:Creating package descriptor '/home/naman72060/ros2_wsn/install/auto_explo/share/auto_explo/package.dsv'
[0.394s] INFO:colcon.colcon_core.shell:Creating package script '/home/naman72060/ros2_wsn/install/auto_explo/share/auto_explo/package.sh'
[0.394s] INFO:colcon.colcon_core.shell:Creating package script '/home/naman72060/ros2_wsn/install/auto_explo/share/auto_explo/package.bash'
[0.394s] INFO:colcon.colcon_core.shell:Creating package script '/home/naman72060/ros2_wsn/install/auto_explo/share/auto_explo/package.zsh'
[0.394s] Level 1:colcon.colcon_core.environment:create_file_with_runtime_dependencies(/home/naman72060/ros2_wsn/install/auto_explo/share/colcon-core/packages/auto_explo)
[0.399s] DEBUG:colcon.colcon_core.event_handler.log_command:Invoked command in '/home/naman72060/ros2_wsn/build/explore_lite' returned '0': CMAKE_PREFIX_PATH=${CMAKE_PREFIX_PATH}:/opt/ros/humble /usr/bin/cmake --build /home/naman72060/ros2_wsn/build/explore_lite -- -j12 -l12
[0.400s] DEBUG:colcon.colcon_core.event_handler.log_command:Invoking command in '/home/naman72060/ros2_wsn/build/explore_lite': CMAKE_PREFIX_PATH=${CMAKE_PREFIX_PATH}:/opt/ros/humble /usr/bin/cmake --install /home/naman72060/ros2_wsn/build/explore_lite
[0.408s] Level 1:colcon.colcon_core.environment:create_environment_scripts_only(explore_lite)
[0.408s] Level 1:colcon.colcon_core.environment:checking '/home/naman72060/ros2_wsn/install/explore_lite' for CMake module files
[0.408s] DEBUG:colcon.colcon_core.event_handler.log_command:Invoked command in '/home/naman72060/ros2_wsn/build/explore_lite' returned '0': CMAKE_PREFIX_PATH=${CMAKE_PREFIX_PATH}:/opt/ros/humble /usr/bin/cmake --install /home/naman72060/ros2_wsn/build/explore_lite
[0.408s] Level 1:colcon.colcon_core.environment:checking '/home/naman72060/ros2_wsn/install/explore_lite' for CMake config files
[0.409s] Level 1:colcon.colcon_core.shell:create_environment_hook('explore_lite', 'cmake_prefix_path')
[0.409s] INFO:colcon.colcon_core.shell:Creating environment hook '/home/naman72060/ros2_wsn/install/explore_lite/share/explore_lite/hook/cmake_prefix_path.ps1'
[0.409s] INFO:colcon.colcon_core.shell:Creating environment descriptor '/home/naman72060/ros2_wsn/install/explore_lite/share/explore_lite/hook/cmake_prefix_path.dsv'
[0.409s] INFO:colcon.colcon_core.shell:Creating environment hook '/home/naman72060/ros2_wsn/install/explore_lite/share/explore_lite/hook/cmake_prefix_path.sh'
[0.410s] Level 1:colcon.colcon_core.environment:checking '/home/naman72060/ros2_wsn/install/explore_lite/lib'
[0.410s] Level 1:colcon.colcon_core.environment:checking '/home/naman72060/ros2_wsn/install/explore_lite/bin'
[0.410s] Level 1:colcon.colcon_core.environment:checking '/home/naman72060/ros2_wsn/install/explore_lite/lib/pkgconfig/explore_lite.pc'
[0.410s] Level 1:colcon.colcon_core.environment:checking '/home/naman72060/ros2_wsn/install/explore_lite/lib/python3.10/site-packages'
[0.410s] Level 1:colcon.colcon_core.environment:checking '/home/naman72060/ros2_wsn/install/explore_lite/bin'
[0.410s] INFO:colcon.colcon_core.shell:Creating package script '/home/naman72060/ros2_wsn/install/explore_lite/share/explore_lite/package.ps1'
[0.410s] INFO:colcon.colcon_core.shell:Creating package descriptor '/home/naman72060/ros2_wsn/install/explore_lite/share/explore_lite/package.dsv'
[0.411s] INFO:colcon.colcon_core.shell:Creating package script '/home/naman72060/ros2_wsn/install/explore_lite/share/explore_lite/package.sh'
[0.411s] INFO:colcon.colcon_core.shell:Creating package script '/home/naman72060/ros2_wsn/install/explore_lite/share/explore_lite/package.bash'
[0.411s] INFO:colcon.colcon_core.shell:Creating package script '/home/naman72060/ros2_wsn/install/explore_lite/share/explore_lite/package.zsh'
[0.411s] Level 1:colcon.colcon_core.environment:create_file_with_runtime_dependencies(/home/naman72060/ros2_wsn/install/explore_lite/share/colcon-core/packages/explore_lite)
[0.412s] Level 1:colcon.colcon_core.environment:create_environment_scripts_only(explore_lite)
[0.412s] Level 1:colcon.colcon_core.environment:checking '/home/naman72060/ros2_wsn/install/explore_lite' for CMake module files
[0.412s] Level 1:colcon.colcon_core.environment:checking '/home/naman72060/ros2_wsn/install/explore_lite' for CMake config files
[0.412s] Level 1:colcon.colcon_core.shell:create_environment_hook('explore_lite', 'cmake_prefix_path')
[0.412s] INFO:colcon.colcon_core.shell:Creating environment hook '/home/naman72060/ros2_wsn/install/explore_lite/share/explore_lite/hook/cmake_prefix_path.ps1'
[0.412s] INFO:colcon.colcon_core.shell:Creating environment descriptor '/home/naman72060/ros2_wsn/install/explore_lite/share/explore_lite/hook/cmake_prefix_path.dsv'
[0.412s] INFO:colcon.colcon_core.shell:Creating environment hook '/home/naman72060/ros2_wsn/install/explore_lite/share/explore_lite/hook/cmake_prefix_path.sh'
[0.413s] Level 1:colcon.colcon_core.environment:checking '/home/naman72060/ros2_wsn/install/explore_lite/lib'
[0.413s] Level 1:colcon.colcon_core.environment:checking '/home/naman72060/ros2_wsn/install/explore_lite/bin'
[0.413s] Level 1:colcon.colcon_core.environment:checking '/home/naman72060/ros2_wsn/install/explore_lite/lib/pkgconfig/explore_lite.pc'
[0.413s] Level 1:colcon.colcon_core.environment:checking '/home/naman72060/ros2_wsn/install/explore_lite/lib/python3.10/site-packages'
[0.413s] Level 1:colcon.colcon_core.environment:checking '/home/naman72060/ros2_wsn/install/explore_lite/bin'
[0.413s] INFO:colcon.colcon_core.shell:Creating package script '/home/naman72060/ros2_wsn/install/explore_lite/share/explore_lite/package.ps1'
[0.413s] INFO:colcon.colcon_core.shell:Creating package descriptor '/home/naman72060/ros2_wsn/install/explore_lite/share/explore_lite/package.dsv'
[0.414s] INFO:colcon.colcon_core.shell:Creating package script '/home/naman72060/ros2_wsn/install/explore_lite/share/explore_lite/package.sh'
[0.414s] INFO:colcon.colcon_core.shell:Creating package script '/home/naman72060/ros2_wsn/install/explore_lite/share/explore_lite/package.bash'
[0.414s] INFO:colcon.colcon_core.shell:Creating package script '/home/naman72060/ros2_wsn/install/explore_lite/share/explore_lite/package.zsh'
[0.414s] Level 1:colcon.colcon_core.environment:create_file_with_runtime_dependencies(/home/naman72060/ros2_wsn/install/explore_lite/share/colcon-core/packages/explore_lite)
[0.414s] DEBUG:colcon.colcon_parallel_executor.executor.parallel:closing loop
[0.415s] DEBUG:colcon.colcon_parallel_executor.executor.parallel:loop closed
[0.415s] DEBUG:colcon.colcon_parallel_executor.executor.parallel:run_until_complete finished with '0'
[0.415s] DEBUG:colcon.colcon_core.event_reactor:joining thread
[0.485s] INFO:colcon.colcon_core.plugin_system:Skipping extension 'colcon_notification.desktop_notification.notify_send': Could not find 'notify-send'
[0.486s] INFO:colcon.colcon_core.plugin_system:Skipping extension 'colcon_notification.desktop_notification.terminal_notifier': Not used on non-Darwin systems
[0.486s] INFO:colcon.colcon_core.plugin_system:Skipping extension 'colcon_notification.desktop_notification.win32': Not used on non-Windows systems
[0.486s] INFO:colcon.colcon_notification.desktop_notification:Sending desktop notification using 'notify2'
[0.487s] DEBUG:colcon.colcon_notification.desktop_notification.notify2:Failed to initialize notify2: org.freedesktop.DBus.Error.ServiceUnknown: The name org.freedesktop.Notifications was not provided by any .service files
[0.488s] DEBUG:colcon.colcon_core.event_reactor:joined thread
[0.488s] INFO:colcon.colcon_core.shell:Creating prefix script '/home/naman72060/ros2_wsn/install/local_setup.ps1'
[0.489s] INFO:colcon.colcon_core.shell:Creating prefix util module '/home/naman72060/ros2_wsn/install/_local_setup_util_ps1.py'
[0.491s] INFO:colcon.colcon_core.shell:Creating prefix chain script '/home/naman72060/ros2_wsn/install/setup.ps1'
[0.492s] INFO:colcon.colcon_core.shell:Creating prefix script '/home/naman72060/ros2_wsn/install/local_setup.sh'
[0.492s] INFO:colcon.colcon_core.shell:Creating prefix util module '/home/naman72060/ros2_wsn/install/_local_setup_util_sh.py'
[0.492s] INFO:colcon.colcon_core.shell:Creating prefix chain script '/home/naman72060/ros2_wsn/install/setup.sh'
[0.493s] INFO:colcon.colcon_core.shell:Creating prefix script '/home/naman72060/ros2_wsn/install/local_setup.bash'
[0.493s] INFO:colcon.colcon_core.shell:Creating prefix chain script '/home/naman72060/ros2_wsn/install/setup.bash'
[0.494s] INFO:colcon.colcon_core.shell:Creating prefix script '/home/naman72060/ros2_wsn/install/local_setup.zsh'
[0.494s] INFO:colcon.colcon_core.shell:Creating prefix chain script '/home/naman72060/ros2_wsn/install/setup.zsh'
