-- Install configuration: ""
-- Execute custom install script
-- Up-to-date symlink: /home/naman72060/ros2_wsn/install/auto_explo/share/auto_explo//launch/explore_final.launch.py
-- Up-to-date symlink: /home/naman72060/ros2_wsn/install/auto_explo/share/auto_explo//launch/slam.launch.py
-- Up-to-date symlink: /home/naman72060/ros2_wsn/install/auto_explo/share/auto_explo//config/explore.yaml
-- Up-to-date symlink: /home/naman72060/ros2_wsn/install/auto_explo/share/auto_explo//config/slam.yaml
-- Up-to-date symlink: /home/naman72060/ros2_wsn/install/auto_explo/share/auto_explo//rviz/explore.rviz
-- Up-to-date symlink: /home/naman72060/ros2_wsn/install/auto_explo/share/auto_explo//explore/CHANGELOG.rst
-- Up-to-date symlink: /home/naman72060/ros2_wsn/install/auto_explo/share/auto_explo//explore/CHANGELOG.rst:Zone.Identifier
-- Up-to-date symlink: /home/naman72060/ros2_wsn/install/auto_explo/share/auto_explo//explore/CMakeLists.txt
-- Up-to-date symlink: /home/naman72060/ros2_wsn/install/auto_explo/share/auto_explo//explore/CMakeLists.txt:Zone.Identifier
-- Up-to-date symlink: /home/naman72060/ros2_wsn/install/auto_explo/share/auto_explo//explore/config/params.yaml
-- Up-to-date symlink: /home/naman72060/ros2_wsn/install/auto_explo/share/auto_explo//explore/config/params.yaml:Zone.Identifier
-- Up-to-date symlink: /home/naman72060/ros2_wsn/install/auto_explo/share/auto_explo//explore/config/params_costmap.yaml
-- Up-to-date symlink: /home/naman72060/ros2_wsn/install/auto_explo/share/auto_explo//explore/config/params_costmap.yaml:Zone.Identifier
-- Up-to-date symlink: /home/naman72060/ros2_wsn/install/auto_explo/share/auto_explo//explore/doc/architecture.dia
-- Up-to-date symlink: /home/naman72060/ros2_wsn/install/auto_explo/share/auto_explo//explore/doc/architecture.dia:Zone.Identifier
-- Up-to-date symlink: /home/naman72060/ros2_wsn/install/auto_explo/share/auto_explo//explore/doc/screenshot.png
-- Up-to-date symlink: /home/naman72060/ros2_wsn/install/auto_explo/share/auto_explo//explore/doc/screenshot.png:Zone.Identifier
-- Up-to-date symlink: /home/naman72060/ros2_wsn/install/auto_explo/share/auto_explo//explore/doc/wiki_doc.txt
-- Up-to-date symlink: /home/naman72060/ros2_wsn/install/auto_explo/share/auto_explo//explore/doc/wiki_doc.txt:Zone.Identifier
-- Up-to-date symlink: /home/naman72060/ros2_wsn/install/auto_explo/share/auto_explo//explore/include/explore/costmap_client.h
-- Up-to-date symlink: /home/naman72060/ros2_wsn/install/auto_explo/share/auto_explo//explore/include/explore/costmap_client.h:Zone.Identifier
-- Up-to-date symlink: /home/naman72060/ros2_wsn/install/auto_explo/share/auto_explo//explore/include/explore/costmap_tools.h
-- Up-to-date symlink: /home/naman72060/ros2_wsn/install/auto_explo/share/auto_explo//explore/include/explore/costmap_tools.h:Zone.Identifier
-- Up-to-date symlink: /home/naman72060/ros2_wsn/install/auto_explo/share/auto_explo//explore/include/explore/explore.h
-- Up-to-date symlink: /home/naman72060/ros2_wsn/install/auto_explo/share/auto_explo//explore/include/explore/explore.h:Zone.Identifier
-- Up-to-date symlink: /home/naman72060/ros2_wsn/install/auto_explo/share/auto_explo//explore/include/explore/frontier_search.h
-- Up-to-date symlink: /home/naman72060/ros2_wsn/install/auto_explo/share/auto_explo//explore/include/explore/frontier_search.h:Zone.Identifier
-- Up-to-date symlink: /home/naman72060/ros2_wsn/install/auto_explo/share/auto_explo//explore/launch/explore.launch.py
-- Up-to-date symlink: /home/naman72060/ros2_wsn/install/auto_explo/share/auto_explo//explore/launch/explore.launch.py:Zone.Identifier
-- Up-to-date symlink: /home/naman72060/ros2_wsn/install/auto_explo/share/auto_explo//explore/package.xml
-- Up-to-date symlink: /home/naman72060/ros2_wsn/install/auto_explo/share/auto_explo//explore/package.xml:Zone.Identifier
-- Up-to-date symlink: /home/naman72060/ros2_wsn/install/auto_explo/share/auto_explo//explore/src/costmap_client.cpp
-- Up-to-date symlink: /home/naman72060/ros2_wsn/install/auto_explo/share/auto_explo//explore/src/costmap_client.cpp:Zone.Identifier
-- Up-to-date symlink: /home/naman72060/ros2_wsn/install/auto_explo/share/auto_explo//explore/src/explore.cpp
-- Up-to-date symlink: /home/naman72060/ros2_wsn/install/auto_explo/share/auto_explo//explore/src/explore.cpp:Zone.Identifier
-- Up-to-date symlink: /home/naman72060/ros2_wsn/install/auto_explo/share/auto_explo//explore/src/frontier_search.cpp
-- Up-to-date symlink: /home/naman72060/ros2_wsn/install/auto_explo/share/auto_explo//explore/src/frontier_search.cpp:Zone.Identifier
-- Up-to-date symlink: /home/naman72060/ros2_wsn/install/auto_explo/share/auto_explo//explore/test/test_explore.cpp
-- Up-to-date symlink: /home/naman72060/ros2_wsn/install/auto_explo/share/auto_explo//explore/test/test_explore.cpp:Zone.Identifier
-- Up-to-date symlink: /home/naman72060/ros2_wsn/install/auto_explo/share/ament_index/resource_index/package_run_dependencies/auto_explo
-- Up-to-date symlink: /home/naman72060/ros2_wsn/install/auto_explo/share/ament_index/resource_index/parent_prefix_path/auto_explo
-- Up-to-date symlink: /home/naman72060/ros2_wsn/install/auto_explo/share/auto_explo/environment/ament_prefix_path.sh
-- Up-to-date symlink: /home/naman72060/ros2_wsn/install/auto_explo/share/auto_explo/environment/ament_prefix_path.dsv
-- Up-to-date symlink: /home/naman72060/ros2_wsn/install/auto_explo/share/auto_explo/environment/path.sh
-- Up-to-date symlink: /home/naman72060/ros2_wsn/install/auto_explo/share/auto_explo/environment/path.dsv
-- Up-to-date symlink: /home/naman72060/ros2_wsn/install/auto_explo/share/auto_explo/local_setup.bash
-- Up-to-date symlink: /home/naman72060/ros2_wsn/install/auto_explo/share/auto_explo/local_setup.sh
-- Up-to-date symlink: /home/naman72060/ros2_wsn/install/auto_explo/share/auto_explo/local_setup.zsh
-- Up-to-date symlink: /home/naman72060/ros2_wsn/install/auto_explo/share/auto_explo/local_setup.dsv
-- Symlinking: /home/naman72060/ros2_wsn/install/auto_explo/share/auto_explo/package.dsv
-- Up-to-date symlink: /home/naman72060/ros2_wsn/install/auto_explo/share/ament_index/resource_index/packages/auto_explo
-- Up-to-date symlink: /home/naman72060/ros2_wsn/install/auto_explo/share/auto_explo/cmake/auto_exploConfig.cmake
-- Up-to-date symlink: /home/naman72060/ros2_wsn/install/auto_explo/share/auto_explo/cmake/auto_exploConfig-version.cmake
-- Up-to-date symlink: /home/naman72060/ros2_wsn/install/auto_explo/share/auto_explo/package.xml
