[0.020s] Invoking command in '/home/naman72060/ros2_wsn/build/auto_explo': CMAKE_PREFIX_PATH=/opt/ros/humble /usr/bin/cmake --build /home/naman72060/ros2_wsn/build/auto_explo -- -j12 -l12
[0.091s] Invoked command in '/home/naman72060/ros2_wsn/build/auto_explo' returned '0': CMAKE_PREFIX_PATH=/opt/ros/humble /usr/bin/cmake --build /home/naman72060/ros2_wsn/build/auto_explo -- -j12 -l12
[0.101s] Invoking command in '/home/naman72060/ros2_wsn/build/auto_explo': CMAKE_PREFIX_PATH=/opt/ros/humble /usr/bin/cmake --install /home/naman72060/ros2_wsn/build/auto_explo
[0.107s] -- Install configuration: ""
[0.107s] -- Execute custom install script
[0.109s] -- Up-to-date symlink: /home/naman72060/ros2_wsn/install/auto_explo/share/auto_explo//launch/slam.launch.py
[0.110s] -- Up-to-date symlink: /home/naman72060/ros2_wsn/install/auto_explo/share/ament_index/resource_index/package_run_dependencies/auto_explo
[0.111s] -- Up-to-date symlink: /home/naman72060/ros2_wsn/install/auto_explo/share/ament_index/resource_index/parent_prefix_path/auto_explo
[0.112s] -- Up-to-date symlink: /home/naman72060/ros2_wsn/install/auto_explo/share/auto_explo/environment/ament_prefix_path.sh
[0.112s] -- Up-to-date symlink: /home/naman72060/ros2_wsn/install/auto_explo/share/auto_explo/environment/ament_prefix_path.dsv
[0.113s] -- Up-to-date symlink: /home/naman72060/ros2_wsn/install/auto_explo/share/auto_explo/environment/path.sh
[0.113s] -- Up-to-date symlink: /home/naman72060/ros2_wsn/install/auto_explo/share/auto_explo/environment/path.dsv
[0.113s] -- Up-to-date symlink: /home/naman72060/ros2_wsn/install/auto_explo/share/auto_explo/local_setup.bash
[0.114s] -- Up-to-date symlink: /home/naman72060/ros2_wsn/install/auto_explo/share/auto_explo/local_setup.sh
[0.115s] -- Up-to-date symlink: /home/naman72060/ros2_wsn/install/auto_explo/share/auto_explo/local_setup.zsh
[0.115s] -- Up-to-date symlink: /home/naman72060/ros2_wsn/install/auto_explo/share/auto_explo/local_setup.dsv
[0.115s] -- Symlinking: /home/naman72060/ros2_wsn/install/auto_explo/share/auto_explo/package.dsv
[0.124s] -- Up-to-date symlink: /home/naman72060/ros2_wsn/install/auto_explo/share/ament_index/resource_index/packages/auto_explo
[0.124s] -- Up-to-date symlink: /home/naman72060/ros2_wsn/install/auto_explo/share/auto_explo/cmake/auto_exploConfig.cmake
[0.125s] -- Up-to-date symlink: /home/naman72060/ros2_wsn/install/auto_explo/share/auto_explo/cmake/auto_exploConfig-version.cmake
[0.125s] -- Up-to-date symlink: /home/naman72060/ros2_wsn/install/auto_explo/share/auto_explo/package.xml
[0.128s] Invoked command in '/home/naman72060/ros2_wsn/build/auto_explo' returned '0': CMAKE_PREFIX_PATH=/opt/ros/humble /usr/bin/cmake --install /home/naman72060/ros2_wsn/build/auto_explo
