[0.024s] Invoking command in '/home/naman72060/ros2_wsn/build/explore_lite': CMAKE_PREFIX_PATH=/opt/ros/humble /usr/bin/cmake --build /home/naman72060/ros2_wsn/build/explore_lite -- -j12 -l12
[0.256s] [ 40%] Built target gtest
[0.256s] [ 40%] Built target gtest_main
[0.301s] [ 60%] Built target test_explore
[0.350s] [100%] Built target explore
[0.365s] Invoked command in '/home/naman72060/ros2_wsn/build/explore_lite' returned '0': CMAKE_PREFIX_PATH=/opt/ros/humble /usr/bin/cmake --build /home/naman72060/ros2_wsn/build/explore_lite -- -j12 -l12
[0.372s] Invoking command in '/home/naman72060/ros2_wsn/build/explore_lite': CMAKE_PREFIX_PATH=/opt/ros/humble /usr/bin/cmake --install /home/naman72060/ros2_wsn/build/explore_lite
[0.382s] -- Install configuration: ""
[0.384s] -- Up-to-date: /home/naman72060/ros2_wsn/install/explore_lite/include/explore/
[0.385s] -- Up-to-date: /home/naman72060/ros2_wsn/install/explore_lite/include/explore//explore.h:Zone.Identifier
[0.385s] -- Up-to-date: /home/naman72060/ros2_wsn/install/explore_lite/include/explore//costmap_tools.h
[0.385s] -- Up-to-date: /home/naman72060/ros2_wsn/install/explore_lite/include/explore//costmap_client.h
[0.385s] -- Up-to-date: /home/naman72060/ros2_wsn/install/explore_lite/include/explore//costmap_tools.h:Zone.Identifier
[0.385s] -- Up-to-date: /home/naman72060/ros2_wsn/install/explore_lite/include/explore//frontier_search.h
[0.385s] -- Up-to-date: /home/naman72060/ros2_wsn/install/explore_lite/include/explore//frontier_search.h:Zone.Identifier
[0.386s] -- Up-to-date: /home/naman72060/ros2_wsn/install/explore_lite/include/explore//costmap_client.h:Zone.Identifier
[0.386s] -- Up-to-date: /home/naman72060/ros2_wsn/install/explore_lite/include/explore//explore.h
[0.386s] -- Up-to-date: /home/naman72060/ros2_wsn/install/explore_lite/share/explore_lite/config
[0.387s] -- Up-to-date: /home/naman72060/ros2_wsn/install/explore_lite/share/explore_lite/config/params.yaml
[0.387s] -- Up-to-date: /home/naman72060/ros2_wsn/install/explore_lite/share/explore_lite/config/params_costmap.yaml
[0.388s] -- Up-to-date: /home/naman72060/ros2_wsn/install/explore_lite/share/explore_lite/config/params_costmap.yaml:Zone.Identifier
[0.388s] -- Up-to-date: /home/naman72060/ros2_wsn/install/explore_lite/share/explore_lite/config/params.yaml:Zone.Identifier
[0.388s] -- Up-to-date: /home/naman72060/ros2_wsn/install/explore_lite/share/explore_lite/launch
[0.389s] -- Up-to-date: /home/naman72060/ros2_wsn/install/explore_lite/share/explore_lite/launch/explore.launch.py:Zone.Identifier
[0.389s] -- Up-to-date: /home/naman72060/ros2_wsn/install/explore_lite/share/explore_lite/launch/explore.launch.py
[0.391s] -- Up-to-date: /home/naman72060/ros2_wsn/install/explore_lite/lib/explore_lite/explore
[0.392s] -- Up-to-date: /home/naman72060/ros2_wsn/install/explore_lite/share/ament_index/resource_index/package_run_dependencies/explore_lite
[0.393s] -- Up-to-date: /home/naman72060/ros2_wsn/install/explore_lite/share/ament_index/resource_index/parent_prefix_path/explore_lite
[0.393s] -- Up-to-date: /home/naman72060/ros2_wsn/install/explore_lite/share/explore_lite/environment/ament_prefix_path.sh
[0.394s] -- Up-to-date: /home/naman72060/ros2_wsn/install/explore_lite/share/explore_lite/environment/ament_prefix_path.dsv
[0.394s] -- Up-to-date: /home/naman72060/ros2_wsn/install/explore_lite/share/explore_lite/environment/path.sh
[0.394s] -- Up-to-date: /home/naman72060/ros2_wsn/install/explore_lite/share/explore_lite/environment/path.dsv
[0.394s] -- Up-to-date: /home/naman72060/ros2_wsn/install/explore_lite/share/explore_lite/local_setup.bash
[0.395s] -- Up-to-date: /home/naman72060/ros2_wsn/install/explore_lite/share/explore_lite/local_setup.sh
[0.395s] -- Up-to-date: /home/naman72060/ros2_wsn/install/explore_lite/share/explore_lite/local_setup.zsh
[0.395s] -- Up-to-date: /home/naman72060/ros2_wsn/install/explore_lite/share/explore_lite/local_setup.dsv
[0.395s] -- Installing: /home/naman72060/ros2_wsn/install/explore_lite/share/explore_lite/package.dsv
[0.397s] -- Up-to-date: /home/naman72060/ros2_wsn/install/explore_lite/share/ament_index/resource_index/packages/explore_lite
[0.397s] -- Up-to-date: /home/naman72060/ros2_wsn/install/explore_lite/share/explore_lite/cmake/ament_cmake_export_include_directories-extras.cmake
[0.398s] -- Up-to-date: /home/naman72060/ros2_wsn/install/explore_lite/share/explore_lite/cmake/explore_liteConfig.cmake
[0.398s] -- Up-to-date: /home/naman72060/ros2_wsn/install/explore_lite/share/explore_lite/cmake/explore_liteConfig-version.cmake
[0.398s] -- Up-to-date: /home/naman72060/ros2_wsn/install/explore_lite/share/explore_lite/package.xml
[0.401s] Invoked command in '/home/naman72060/ros2_wsn/build/explore_lite' returned '0': CMAKE_PREFIX_PATH=/opt/ros/humble /usr/bin/cmake --install /home/naman72060/ros2_wsn/build/explore_lite
