[0.028s] Invoking command in '/home/naman72060/ros2_wsn/build/nav2_custom_planner': CMAKE_PREFIX_PATH=/opt/ros/humble /usr/bin/cmake --build /home/naman72060/ros2_wsn/build/nav2_custom_planner -- -j12 -l12
[0.066s] -- Found ament_cmake: 1.3.11 (/opt/ros/humble/share/ament_cmake/cmake)
[0.235s] -- Found rclcpp: 16.0.12 (/opt/ros/humble/share/rclcpp/cmake)
[0.515s] -- Found rosidl_generator_c: 3.1.6 (/opt/ros/humble/share/rosidl_generator_c/cmake)
[0.522s] -- Found rosidl_adapter: 3.1.6 (/opt/ros/humble/share/rosidl_adapter/cmake)
[0.534s] -- Found rosidl_generator_cpp: 3.1.6 (/opt/ros/humble/share/rosidl_generator_cpp/cmake)
[0.555s] -- Using all available rosidl_typesupport_c: rosidl_typesupport_fastrtps_c;rosidl_typesupport_introspection_c
[0.578s] -- Using all available rosidl_typesupport_cpp: rosidl_typesupport_fastrtps_cpp;rosidl_typesupport_introspection_cpp
[0.641s] -- Found rmw_implementation_cmake: 6.1.2 (/opt/ros/humble/share/rmw_implementation_cmake/cmake)
[0.645s] -- Found rmw_cyclonedds_cpp: 1.3.4 (/opt/ros/humble/share/rmw_cyclonedds_cpp/cmake)
[0.687s] -- Using RMW implementation 'rmw_cyclonedds_cpp' as default
[0.801s] -- Found rclcpp_lifecycle: 16.0.12 (/opt/ros/humble/share/rclcpp_lifecycle/cmake)
[0.836s] -- Found nav2_core: 1.1.18 (/opt/ros/humble/share/nav2_core/cmake)
[1.172s] -- Ensuring Eigen3 include directory is part of orocos-kdl CMake target
[3.170s] -- Found ament_lint_auto: 0.12.12 (/opt/ros/humble/share/ament_lint_auto/cmake)
[3.258s] -- Added test 'cppcheck' to perform static code analysis on C / C++ code
[3.258s] -- Configured cppcheck include dirs: /home/naman72060/ros2_wsn/src/nav2_custom_planner/include
[3.258s] -- Configured cppcheck exclude dirs and/or files: 
[3.258s] -- Added test 'flake8' to check Python code syntax and style conventions
[3.259s] -- Added test 'lint_cmake' to check CMake code style
[3.259s] -- Added test 'pep257' to check Python code against some of the docstring style conventions in PEP 257
[3.260s] -- Added test 'uncrustify' to check C / C++ code style
[3.260s] -- Configured uncrustify additional arguments: 
[3.261s] -- Added test 'xmllint' to check XML markup files
[3.263s] -- Configuring done
[3.371s] -- Generating done
[3.381s] -- Build files have been written to: /home/naman72060/ros2_wsn/build/nav2_custom_planner
[3.417s] [35m[1mConsolidate compiler generated dependencies of target nav2_custom_planner_plugin[0m
[3.437s] [100%] Built target nav2_custom_planner_plugin
[3.448s] Invoked command in '/home/naman72060/ros2_wsn/build/nav2_custom_planner' returned '0': CMAKE_PREFIX_PATH=/opt/ros/humble /usr/bin/cmake --build /home/naman72060/ros2_wsn/build/nav2_custom_planner -- -j12 -l12
[3.451s] Invoking command in '/home/naman72060/ros2_wsn/build/nav2_custom_planner': CMAKE_PREFIX_PATH=/opt/ros/humble /usr/bin/cmake --install /home/naman72060/ros2_wsn/build/nav2_custom_planner
[3.460s] -- Install configuration: ""
[3.460s] -- Up-to-date: /home/naman72060/ros2_wsn/install/nav2_custom_planner/share/nav2_custom_planner/gobal_planner_plugin.xml
[3.460s] -- Up-to-date: /home/naman72060/ros2_wsn/install/nav2_custom_planner/lib/libnav2_custom_planner_plugin.so
[3.460s] -- Up-to-date: /home/naman72060/ros2_wsn/install/nav2_custom_planner/include
[3.461s] -- Up-to-date: /home/naman72060/ros2_wsn/install/nav2_custom_planner/include/nav2_custom_planner
[3.461s] -- Up-to-date: /home/naman72060/ros2_wsn/install/nav2_custom_planner/include/nav2_custom_planner/custom_planner.hpp
[3.462s] -- Installing: /home/naman72060/ros2_wsn/install/nav2_custom_planner/share/nav2_custom_planner//launch
[3.462s] -- Installing: /home/naman72060/ros2_wsn/install/nav2_custom_planner/share/nav2_custom_planner//launch/navigation.launch.py
[3.462s] -- Installing: /home/naman72060/ros2_wsn/install/nav2_custom_planner/share/nav2_custom_planner//config
[3.462s] -- Installing: /home/naman72060/ros2_wsn/install/nav2_custom_planner/share/nav2_custom_planner//config/nav2_params.yaml
[3.462s] -- Up-to-date: /home/naman72060/ros2_wsn/install/nav2_custom_planner/share/nav2_custom_planner/gobal_planner_plugin.xml
[3.462s] -- Up-to-date: /home/naman72060/ros2_wsn/install/nav2_custom_planner/share/ament_index/resource_index/package_run_dependencies/nav2_custom_planner
[3.463s] -- Up-to-date: /home/naman72060/ros2_wsn/install/nav2_custom_planner/share/ament_index/resource_index/parent_prefix_path/nav2_custom_planner
[3.463s] -- Up-to-date: /home/naman72060/ros2_wsn/install/nav2_custom_planner/share/nav2_custom_planner/environment/ament_prefix_path.sh
[3.463s] -- Installing: /home/naman72060/ros2_wsn/install/nav2_custom_planner/share/nav2_custom_planner/environment/ament_prefix_path.dsv
[3.464s] -- Up-to-date: /home/naman72060/ros2_wsn/install/nav2_custom_planner/share/nav2_custom_planner/environment/path.sh
[3.464s] -- Installing: /home/naman72060/ros2_wsn/install/nav2_custom_planner/share/nav2_custom_planner/environment/path.dsv
[3.464s] -- Up-to-date: /home/naman72060/ros2_wsn/install/nav2_custom_planner/share/nav2_custom_planner/local_setup.bash
[3.464s] -- Up-to-date: /home/naman72060/ros2_wsn/install/nav2_custom_planner/share/nav2_custom_planner/local_setup.sh
[3.464s] -- Up-to-date: /home/naman72060/ros2_wsn/install/nav2_custom_planner/share/nav2_custom_planner/local_setup.zsh
[3.464s] -- Installing: /home/naman72060/ros2_wsn/install/nav2_custom_planner/share/nav2_custom_planner/local_setup.dsv
[3.464s] -- Installing: /home/naman72060/ros2_wsn/install/nav2_custom_planner/share/nav2_custom_planner/package.dsv
[3.465s] -- Up-to-date: /home/naman72060/ros2_wsn/install/nav2_custom_planner/share/ament_index/resource_index/packages/nav2_custom_planner
[3.465s] -- Up-to-date: /home/naman72060/ros2_wsn/install/nav2_custom_planner/share/ament_index/resource_index/nav2_core__pluginlib__plugin/nav2_custom_planner
[3.465s] -- Up-to-date: /home/naman72060/ros2_wsn/install/nav2_custom_planner/share/nav2_custom_planner/cmake/nav2_custom_plannerConfig.cmake
[3.465s] -- Up-to-date: /home/naman72060/ros2_wsn/install/nav2_custom_planner/share/nav2_custom_planner/cmake/nav2_custom_plannerConfig-version.cmake
[3.465s] -- Up-to-date: /home/naman72060/ros2_wsn/install/nav2_custom_planner/share/nav2_custom_planner/package.xml
[3.467s] Invoked command in '/home/naman72060/ros2_wsn/build/nav2_custom_planner' returned '0': CMAKE_PREFIX_PATH=/opt/ros/humble /usr/bin/cmake --install /home/naman72060/ros2_wsn/build/nav2_custom_planner
