[0.024s] Invoking command in '/home/naman72060/ros2_wsn/build/auto_explo': CMAKE_PREFIX_PATH=/opt/ros/humble /usr/bin/cmake --build /home/naman72060/ros2_wsn/build/auto_explo -- -j12 -l12
[0.118s] Invoked command in '/home/naman72060/ros2_wsn/build/auto_explo' returned '0': CMAKE_PREFIX_PATH=/opt/ros/humble /usr/bin/cmake --build /home/naman72060/ros2_wsn/build/auto_explo -- -j12 -l12
[0.141s] Invoking command in '/home/naman72060/ros2_wsn/build/auto_explo': CMAKE_PREFIX_PATH=/opt/ros/humble /usr/bin/cmake --install /home/naman72060/ros2_wsn/build/auto_explo
[0.147s] -- Install configuration: ""
[0.151s] -- Execute custom install script
[0.163s] -- Up-to-date symlink: /home/naman72060/ros2_wsn/install/auto_explo/share/auto_explo//launch/slam.launch.py
[0.165s] -- Up-to-date symlink: /home/naman72060/ros2_wsn/install/auto_explo/share/ament_index/resource_index/package_run_dependencies/auto_explo
[0.166s] -- Up-to-date symlink: /home/naman72060/ros2_wsn/install/auto_explo/share/ament_index/resource_index/parent_prefix_path/auto_explo
[0.168s] -- Up-to-date symlink: /home/naman72060/ros2_wsn/install/auto_explo/share/auto_explo/environment/ament_prefix_path.sh
[0.168s] -- Up-to-date symlink: /home/naman72060/ros2_wsn/install/auto_explo/share/auto_explo/environment/ament_prefix_path.dsv
[0.169s] -- Up-to-date symlink: /home/naman72060/ros2_wsn/install/auto_explo/share/auto_explo/environment/path.sh
[0.169s] -- Up-to-date symlink: /home/naman72060/ros2_wsn/install/auto_explo/share/auto_explo/environment/path.dsv
[0.170s] -- Up-to-date symlink: /home/naman72060/ros2_wsn/install/auto_explo/share/auto_explo/local_setup.bash
[0.170s] -- Up-to-date symlink: /home/naman72060/ros2_wsn/install/auto_explo/share/auto_explo/local_setup.sh
[0.171s] -- Up-to-date symlink: /home/naman72060/ros2_wsn/install/auto_explo/share/auto_explo/local_setup.zsh
[0.174s] -- Up-to-date symlink: /home/naman72060/ros2_wsn/install/auto_explo/share/auto_explo/local_setup.dsv
[0.174s] -- Symlinking: /home/naman72060/ros2_wsn/install/auto_explo/share/auto_explo/package.dsv
[0.187s] -- Up-to-date symlink: /home/naman72060/ros2_wsn/install/auto_explo/share/ament_index/resource_index/packages/auto_explo
[0.192s] -- Up-to-date symlink: /home/naman72060/ros2_wsn/install/auto_explo/share/auto_explo/cmake/auto_exploConfig.cmake
[0.195s] -- Up-to-date symlink: /home/naman72060/ros2_wsn/install/auto_explo/share/auto_explo/cmake/auto_exploConfig-version.cmake
[0.195s] -- Up-to-date symlink: /home/naman72060/ros2_wsn/install/auto_explo/share/auto_explo/package.xml
[0.196s] Invoked command in '/home/naman72060/ros2_wsn/build/auto_explo' returned '0': CMAKE_PREFIX_PATH=/opt/ros/humble /usr/bin/cmake --install /home/naman72060/ros2_wsn/build/auto_explo
