[0.021s] Invoking command in '/home/naman72060/ros2_wsn/build/nav2_custom_planner': CMAKE_PREFIX_PATH=/opt/ros/humble /usr/bin/cmake --build /home/naman72060/ros2_wsn/build/nav2_custom_planner -- -j12 -l12
[0.127s] [35m[1mConsolidate compiler generated dependencies of target nav2_custom_planner_plugin[0m
[0.185s] [100%] Built target nav2_custom_planner_plugin
[0.194s] Invoked command in '/home/naman72060/ros2_wsn/build/nav2_custom_planner' returned '0': CMAKE_PREFIX_PATH=/opt/ros/humble /usr/bin/cmake --build /home/naman72060/ros2_wsn/build/nav2_custom_planner -- -j12 -l12
[0.198s] Invoking command in '/home/naman72060/ros2_wsn/build/nav2_custom_planner': CMAKE_PREFIX_PATH=/opt/ros/humble /usr/bin/cmake --install /home/naman72060/ros2_wsn/build/nav2_custom_planner
[0.204s] -- Install configuration: ""
[0.205s] -- Up-to-date: /home/naman72060/ros2_wsn/install/nav2_custom_planner/share/nav2_custom_planner/gobal_planner_plugin.xml
[0.207s] -- Up-to-date: /home/naman72060/ros2_wsn/install/nav2_custom_planner/lib/libnav2_custom_planner_plugin.so
[0.207s] -- Up-to-date: /home/naman72060/ros2_wsn/install/nav2_custom_planner/include
[0.207s] -- Up-to-date: /home/naman72060/ros2_wsn/install/nav2_custom_planner/include/nav2_custom_planner
[0.207s] -- Up-to-date: /home/naman72060/ros2_wsn/install/nav2_custom_planner/include/nav2_custom_planner/custom_planner.hpp
[0.207s] -- Up-to-date: /home/naman72060/ros2_wsn/install/nav2_custom_planner/share/nav2_custom_planner/gobal_planner_plugin.xml
[0.208s] -- Up-to-date: /home/naman72060/ros2_wsn/install/nav2_custom_planner/share/ament_index/resource_index/package_run_dependencies/nav2_custom_planner
[0.208s] -- Up-to-date: /home/naman72060/ros2_wsn/install/nav2_custom_planner/share/ament_index/resource_index/parent_prefix_path/nav2_custom_planner
[0.210s] -- Up-to-date: /home/naman72060/ros2_wsn/install/nav2_custom_planner/share/nav2_custom_planner/environment/ament_prefix_path.sh
[0.210s] -- Up-to-date: /home/naman72060/ros2_wsn/install/nav2_custom_planner/share/nav2_custom_planner/environment/ament_prefix_path.dsv
[0.212s] -- Up-to-date: /home/naman72060/ros2_wsn/install/nav2_custom_planner/share/nav2_custom_planner/environment/path.sh
[0.212s] -- Up-to-date: /home/naman72060/ros2_wsn/install/nav2_custom_planner/share/nav2_custom_planner/environment/path.dsv
[0.212s] -- Up-to-date: /home/naman72060/ros2_wsn/install/nav2_custom_planner/share/nav2_custom_planner/local_setup.bash
[0.212s] -- Up-to-date: /home/naman72060/ros2_wsn/install/nav2_custom_planner/share/nav2_custom_planner/local_setup.sh
[0.212s] -- Up-to-date: /home/naman72060/ros2_wsn/install/nav2_custom_planner/share/nav2_custom_planner/local_setup.zsh
[0.212s] -- Up-to-date: /home/naman72060/ros2_wsn/install/nav2_custom_planner/share/nav2_custom_planner/local_setup.dsv
[0.212s] -- Installing: /home/naman72060/ros2_wsn/install/nav2_custom_planner/share/nav2_custom_planner/package.dsv
[0.212s] -- Up-to-date: /home/naman72060/ros2_wsn/install/nav2_custom_planner/share/ament_index/resource_index/packages/nav2_custom_planner
[0.212s] -- Up-to-date: /home/naman72060/ros2_wsn/install/nav2_custom_planner/share/ament_index/resource_index/nav2_core__pluginlib__plugin/nav2_custom_planner
[0.212s] -- Up-to-date: /home/naman72060/ros2_wsn/install/nav2_custom_planner/share/nav2_custom_planner/cmake/nav2_custom_plannerConfig.cmake
[0.212s] -- Up-to-date: /home/naman72060/ros2_wsn/install/nav2_custom_planner/share/nav2_custom_planner/cmake/nav2_custom_plannerConfig-version.cmake
[0.212s] -- Up-to-date: /home/naman72060/ros2_wsn/install/nav2_custom_planner/share/nav2_custom_planner/package.xml
[0.213s] Invoked command in '/home/naman72060/ros2_wsn/build/nav2_custom_planner' returned '0': CMAKE_PREFIX_PATH=/opt/ros/humble /usr/bin/cmake --install /home/naman72060/ros2_wsn/build/nav2_custom_planner
