[0.197s] DEBUG:colcon:Command line arguments: ['/usr/bin/colcon', 'build']
[0.197s] DEBUG:colcon:Parsed command line arguments: Namespace(log_base=None, log_level=None, verb_name='build', build_base='build', install_base='install', merge_install=False, symlink_install=False, test_result_base=None, continue_on_error=False, executor='parallel', parallel_workers=12, event_handlers=None, ignore_user_meta=False, metas=['./colcon.meta'], base_paths=['.'], packages_ignore=None, packages_ignore_regex=None, paths=None, packages_up_to=None, packages_up_to_regex=None, packages_above=None, packages_above_and_dependencies=None, packages_above_depth=None, packages_select_by_dep=None, packages_skip_by_dep=None, packages_skip_up_to=None, packages_select_build_failed=False, packages_skip_build_finished=False, packages_select_test_failures=False, packages_skip_test_passed=False, packages_select=None, packages_skip=None, packages_select_regex=None, packages_skip_regex=None, packages_start=None, packages_end=None, allow_overriding=[], cmake_args=None, cmake_target=None, cmake_target_skip_unavailable=False, cmake_clean_cache=False, cmake_clean_first=False, cmake_force_configure=False, ament_cmake_args=None, catkin_cmake_args=None, catkin_skip_building_tests=False, verb_parser=<colcon_defaults.argument_parser.defaults.DefaultArgumentsDecorator object at 0x7444f1e58c10>, verb_extension=<colcon_core.verb.build.BuildVerb object at 0x7444f1e58700>, main=<bound method BuildVerb.main of <colcon_core.verb.build.BuildVerb object at 0x7444f1e58700>>)
[0.370s] Level 1:colcon.colcon_core.package_discovery:discover_packages(colcon_meta) check parameters
[0.370s] Level 1:colcon.colcon_core.package_discovery:discover_packages(recursive) check parameters
[0.370s] Level 1:colcon.colcon_core.package_discovery:discover_packages(ignore) check parameters
[0.370s] Level 1:colcon.colcon_core.package_discovery:discover_packages(path) check parameters
[0.370s] Level 1:colcon.colcon_core.package_discovery:discover_packages(colcon_meta) discover
[0.370s] Level 1:colcon.colcon_core.package_discovery:discover_packages(recursive) discover
[0.370s] INFO:colcon.colcon_core.package_discovery:Crawling recursively for packages in '/home/naman72060/ros2_wsn'
[0.370s] Level 1:colcon.colcon_core.package_identification:_identify(.) by extensions ['ignore', 'ignore_ament_install']
[0.370s] Level 1:colcon.colcon_core.package_identification:_identify(.) by extension 'ignore'
[0.370s] Level 1:colcon.colcon_core.package_identification:_identify(.) by extension 'ignore_ament_install'
[0.370s] Level 1:colcon.colcon_core.package_identification:_identify(.) by extensions ['colcon_pkg']
[0.370s] Level 1:colcon.colcon_core.package_identification:_identify(.) by extension 'colcon_pkg'
[0.370s] Level 1:colcon.colcon_core.package_identification:_identify(.) by extensions ['colcon_meta']
[0.370s] Level 1:colcon.colcon_core.package_identification:_identify(.) by extension 'colcon_meta'
[0.370s] Level 1:colcon.colcon_core.package_identification:_identify(.) by extensions ['ros']
[0.370s] Level 1:colcon.colcon_core.package_identification:_identify(.) by extension 'ros'
[0.380s] Level 1:colcon.colcon_core.package_identification:_identify(.) by extensions ['cmake', 'python']
[0.380s] Level 1:colcon.colcon_core.package_identification:_identify(.) by extension 'cmake'
[0.380s] Level 1:colcon.colcon_core.package_identification:_identify(.) by extension 'python'
[0.380s] Level 1:colcon.colcon_core.package_identification:_identify(.) by extensions ['python_setup_py']
[0.380s] Level 1:colcon.colcon_core.package_identification:_identify(.) by extension 'python_setup_py'
[0.380s] Level 1:colcon.colcon_core.package_identification:_identify(build) by extensions ['ignore', 'ignore_ament_install']
[0.380s] Level 1:colcon.colcon_core.package_identification:_identify(build) by extension 'ignore'
[0.380s] Level 1:colcon.colcon_core.package_identification:_identify(build) ignored
[0.380s] Level 1:colcon.colcon_core.package_identification:_identify(install) by extensions ['ignore', 'ignore_ament_install']
[0.380s] Level 1:colcon.colcon_core.package_identification:_identify(install) by extension 'ignore'
[0.380s] Level 1:colcon.colcon_core.package_identification:_identify(install) ignored
[0.381s] Level 1:colcon.colcon_core.package_identification:_identify(log) by extensions ['ignore', 'ignore_ament_install']
[0.381s] Level 1:colcon.colcon_core.package_identification:_identify(log) by extension 'ignore'
[0.381s] Level 1:colcon.colcon_core.package_identification:_identify(log) ignored
[0.381s] Level 1:colcon.colcon_core.package_identification:_identify(src) by extensions ['ignore', 'ignore_ament_install']
[0.381s] Level 1:colcon.colcon_core.package_identification:_identify(src) by extension 'ignore'
[0.381s] Level 1:colcon.colcon_core.package_identification:_identify(src) by extension 'ignore_ament_install'
[0.381s] Level 1:colcon.colcon_core.package_identification:_identify(src) by extensions ['colcon_pkg']
[0.381s] Level 1:colcon.colcon_core.package_identification:_identify(src) by extension 'colcon_pkg'
[0.381s] Level 1:colcon.colcon_core.package_identification:_identify(src) by extensions ['colcon_meta']
[0.381s] Level 1:colcon.colcon_core.package_identification:_identify(src) by extension 'colcon_meta'
[0.381s] Level 1:colcon.colcon_core.package_identification:_identify(src) by extensions ['ros']
[0.381s] Level 1:colcon.colcon_core.package_identification:_identify(src) by extension 'ros'
[0.381s] Level 1:colcon.colcon_core.package_identification:_identify(src) by extensions ['cmake', 'python']
[0.381s] Level 1:colcon.colcon_core.package_identification:_identify(src) by extension 'cmake'
[0.381s] Level 1:colcon.colcon_core.package_identification:_identify(src) by extension 'python'
[0.381s] Level 1:colcon.colcon_core.package_identification:_identify(src) by extensions ['python_setup_py']
[0.381s] Level 1:colcon.colcon_core.package_identification:_identify(src) by extension 'python_setup_py'
[0.381s] Level 1:colcon.colcon_core.package_identification:_identify(src/auto_explo) by extensions ['ignore', 'ignore_ament_install']
[0.381s] Level 1:colcon.colcon_core.package_identification:_identify(src/auto_explo) by extension 'ignore'
[0.381s] Level 1:colcon.colcon_core.package_identification:_identify(src/auto_explo) by extension 'ignore_ament_install'
[0.381s] Level 1:colcon.colcon_core.package_identification:_identify(src/auto_explo) by extensions ['colcon_pkg']
[0.381s] Level 1:colcon.colcon_core.package_identification:_identify(src/auto_explo) by extension 'colcon_pkg'
[0.381s] Level 1:colcon.colcon_core.package_identification:_identify(src/auto_explo) by extensions ['colcon_meta']
[0.381s] Level 1:colcon.colcon_core.package_identification:_identify(src/auto_explo) by extension 'colcon_meta'
[0.381s] Level 1:colcon.colcon_core.package_identification:_identify(src/auto_explo) by extensions ['ros']
[0.381s] Level 1:colcon.colcon_core.package_identification:_identify(src/auto_explo) by extension 'ros'
[0.383s] DEBUG:colcon.colcon_core.package_identification:Package 'src/auto_explo' with type 'ros.ament_cmake' and name 'auto_explo'
[0.383s] Level 1:colcon.colcon_core.package_identification:_identify(src/explore) by extensions ['ignore', 'ignore_ament_install']
[0.383s] Level 1:colcon.colcon_core.package_identification:_identify(src/explore) by extension 'ignore'
[0.383s] Level 1:colcon.colcon_core.package_identification:_identify(src/explore) by extension 'ignore_ament_install'
[0.383s] Level 1:colcon.colcon_core.package_identification:_identify(src/explore) by extensions ['colcon_pkg']
[0.383s] Level 1:colcon.colcon_core.package_identification:_identify(src/explore) by extension 'colcon_pkg'
[0.383s] Level 1:colcon.colcon_core.package_identification:_identify(src/explore) by extensions ['colcon_meta']
[0.383s] Level 1:colcon.colcon_core.package_identification:_identify(src/explore) by extension 'colcon_meta'
[0.383s] Level 1:colcon.colcon_core.package_identification:_identify(src/explore) by extensions ['ros']
[0.383s] Level 1:colcon.colcon_core.package_identification:_identify(src/explore) by extension 'ros'
[0.386s] DEBUG:colcon.colcon_core.package_identification:Package 'src/explore' with type 'ros.ament_cmake' and name 'explore_lite'
[0.386s] Level 1:colcon.colcon_core.package_identification:_identify(src/nav2_custom_planner) by extensions ['ignore', 'ignore_ament_install']
[0.386s] Level 1:colcon.colcon_core.package_identification:_identify(src/nav2_custom_planner) by extension 'ignore'
[0.386s] Level 1:colcon.colcon_core.package_identification:_identify(src/nav2_custom_planner) by extension 'ignore_ament_install'
[0.386s] Level 1:colcon.colcon_core.package_identification:_identify(src/nav2_custom_planner) by extensions ['colcon_pkg']
[0.386s] Level 1:colcon.colcon_core.package_identification:_identify(src/nav2_custom_planner) by extension 'colcon_pkg'
[0.386s] Level 1:colcon.colcon_core.package_identification:_identify(src/nav2_custom_planner) by extensions ['colcon_meta']
[0.386s] Level 1:colcon.colcon_core.package_identification:_identify(src/nav2_custom_planner) by extension 'colcon_meta'
[0.386s] Level 1:colcon.colcon_core.package_identification:_identify(src/nav2_custom_planner) by extensions ['ros']
[0.386s] Level 1:colcon.colcon_core.package_identification:_identify(src/nav2_custom_planner) by extension 'ros'
[0.387s] DEBUG:colcon.colcon_core.package_identification:Package 'src/nav2_custom_planner' with type 'ros.ament_cmake' and name 'nav2_custom_planner'
[0.387s] Level 1:colcon.colcon_core.package_discovery:discover_packages(recursive) using defaults
[0.387s] Level 1:colcon.colcon_core.package_discovery:discover_packages(ignore) discover
[0.387s] Level 1:colcon.colcon_core.package_discovery:discover_packages(ignore) using defaults
[0.387s] Level 1:colcon.colcon_core.package_discovery:discover_packages(path) discover
[0.387s] Level 1:colcon.colcon_core.package_discovery:discover_packages(path) using defaults
[0.417s] Level 1:colcon.colcon_core.package_discovery:discover_packages(prefix_path) check parameters
[0.417s] Level 1:colcon.colcon_core.package_discovery:discover_packages(prefix_path) discover
[0.419s] DEBUG:colcon.colcon_installed_package_information.package_discovery:Found 3 installed packages in /home/naman72060/ros2_wsn/install
[0.420s] DEBUG:colcon.colcon_installed_package_information.package_discovery:Found 439 installed packages in /opt/ros/humble
[0.422s] Level 1:colcon.colcon_core.package_discovery:discover_packages(prefix_path) using defaults
[0.482s] Level 5:colcon.colcon_core.verb:set package 'auto_explo' build argument 'cmake_args' from command line to 'None'
[0.482s] Level 5:colcon.colcon_core.verb:set package 'auto_explo' build argument 'cmake_target' from command line to 'None'
[0.482s] Level 5:colcon.colcon_core.verb:set package 'auto_explo' build argument 'cmake_target_skip_unavailable' from command line to 'False'
[0.482s] Level 5:colcon.colcon_core.verb:set package 'auto_explo' build argument 'cmake_clean_cache' from command line to 'False'
[0.482s] Level 5:colcon.colcon_core.verb:set package 'auto_explo' build argument 'cmake_clean_first' from command line to 'False'
[0.482s] Level 5:colcon.colcon_core.verb:set package 'auto_explo' build argument 'cmake_force_configure' from command line to 'False'
[0.482s] Level 5:colcon.colcon_core.verb:set package 'auto_explo' build argument 'ament_cmake_args' from command line to 'None'
[0.482s] Level 5:colcon.colcon_core.verb:set package 'auto_explo' build argument 'catkin_cmake_args' from command line to 'None'
[0.482s] Level 5:colcon.colcon_core.verb:set package 'auto_explo' build argument 'catkin_skip_building_tests' from command line to 'False'
[0.482s] DEBUG:colcon.colcon_core.verb:Building package 'auto_explo' with the following arguments: {'ament_cmake_args': None, 'build_base': '/home/naman72060/ros2_wsn/build/auto_explo', 'catkin_cmake_args': None, 'catkin_skip_building_tests': False, 'cmake_args': None, 'cmake_clean_cache': False, 'cmake_clean_first': False, 'cmake_force_configure': False, 'cmake_target': None, 'cmake_target_skip_unavailable': False, 'install_base': '/home/naman72060/ros2_wsn/install/auto_explo', 'merge_install': False, 'path': '/home/naman72060/ros2_wsn/src/auto_explo', 'symlink_install': False, 'test_result_base': None}
[0.482s] Level 5:colcon.colcon_core.verb:set package 'explore_lite' build argument 'cmake_args' from command line to 'None'
[0.482s] Level 5:colcon.colcon_core.verb:set package 'explore_lite' build argument 'cmake_target' from command line to 'None'
[0.482s] Level 5:colcon.colcon_core.verb:set package 'explore_lite' build argument 'cmake_target_skip_unavailable' from command line to 'False'
[0.482s] Level 5:colcon.colcon_core.verb:set package 'explore_lite' build argument 'cmake_clean_cache' from command line to 'False'
[0.482s] Level 5:colcon.colcon_core.verb:set package 'explore_lite' build argument 'cmake_clean_first' from command line to 'False'
[0.482s] Level 5:colcon.colcon_core.verb:set package 'explore_lite' build argument 'cmake_force_configure' from command line to 'False'
[0.482s] Level 5:colcon.colcon_core.verb:set package 'explore_lite' build argument 'ament_cmake_args' from command line to 'None'
[0.483s] Level 5:colcon.colcon_core.verb:set package 'explore_lite' build argument 'catkin_cmake_args' from command line to 'None'
[0.483s] Level 5:colcon.colcon_core.verb:set package 'explore_lite' build argument 'catkin_skip_building_tests' from command line to 'False'
[0.483s] DEBUG:colcon.colcon_core.verb:Building package 'explore_lite' with the following arguments: {'ament_cmake_args': None, 'build_base': '/home/naman72060/ros2_wsn/build/explore_lite', 'catkin_cmake_args': None, 'catkin_skip_building_tests': False, 'cmake_args': None, 'cmake_clean_cache': False, 'cmake_clean_first': False, 'cmake_force_configure': False, 'cmake_target': None, 'cmake_target_skip_unavailable': False, 'install_base': '/home/naman72060/ros2_wsn/install/explore_lite', 'merge_install': False, 'path': '/home/naman72060/ros2_wsn/src/explore', 'symlink_install': False, 'test_result_base': None}
[0.483s] Level 5:colcon.colcon_core.verb:set package 'nav2_custom_planner' build argument 'cmake_args' from command line to 'None'
[0.483s] Level 5:colcon.colcon_core.verb:set package 'nav2_custom_planner' build argument 'cmake_target' from command line to 'None'
[0.483s] Level 5:colcon.colcon_core.verb:set package 'nav2_custom_planner' build argument 'cmake_target_skip_unavailable' from command line to 'False'
[0.483s] Level 5:colcon.colcon_core.verb:set package 'nav2_custom_planner' build argument 'cmake_clean_cache' from command line to 'False'
[0.483s] Level 5:colcon.colcon_core.verb:set package 'nav2_custom_planner' build argument 'cmake_clean_first' from command line to 'False'
[0.483s] Level 5:colcon.colcon_core.verb:set package 'nav2_custom_planner' build argument 'cmake_force_configure' from command line to 'False'
[0.483s] Level 5:colcon.colcon_core.verb:set package 'nav2_custom_planner' build argument 'ament_cmake_args' from command line to 'None'
[0.483s] Level 5:colcon.colcon_core.verb:set package 'nav2_custom_planner' build argument 'catkin_cmake_args' from command line to 'None'
[0.483s] Level 5:colcon.colcon_core.verb:set package 'nav2_custom_planner' build argument 'catkin_skip_building_tests' from command line to 'False'
[0.483s] DEBUG:colcon.colcon_core.verb:Building package 'nav2_custom_planner' with the following arguments: {'ament_cmake_args': None, 'build_base': '/home/naman72060/ros2_wsn/build/nav2_custom_planner', 'catkin_cmake_args': None, 'catkin_skip_building_tests': False, 'cmake_args': None, 'cmake_clean_cache': False, 'cmake_clean_first': False, 'cmake_force_configure': False, 'cmake_target': None, 'cmake_target_skip_unavailable': False, 'install_base': '/home/naman72060/ros2_wsn/install/nav2_custom_planner', 'merge_install': False, 'path': '/home/naman72060/ros2_wsn/src/nav2_custom_planner', 'symlink_install': False, 'test_result_base': None}
[0.483s] INFO:colcon.colcon_core.executor:Executing jobs using 'parallel' executor
[0.485s] DEBUG:colcon.colcon_parallel_executor.executor.parallel:run_until_complete
[0.485s] INFO:colcon.colcon_ros.task.ament_cmake.build:Building ROS package in '/home/naman72060/ros2_wsn/src/auto_explo' with build type 'ament_cmake'
[0.485s] INFO:colcon.colcon_cmake.task.cmake.build:Building CMake package in '/home/naman72060/ros2_wsn/src/auto_explo'
[0.489s] INFO:colcon.colcon_core.plugin_system:Skipping extension 'colcon_core.shell.bat': Not used on non-Windows systems
[0.489s] INFO:colcon.colcon_core.shell:Skip shell extension 'powershell' for command environment: Not usable outside of PowerShell
[0.489s] DEBUG:colcon.colcon_core.shell:Skip shell extension 'dsv' for command environment
[0.493s] INFO:colcon.colcon_ros.task.ament_cmake.build:Building ROS package in '/home/naman72060/ros2_wsn/src/explore' with build type 'ament_cmake'
[0.493s] INFO:colcon.colcon_cmake.task.cmake.build:Building CMake package in '/home/naman72060/ros2_wsn/src/explore'
[0.493s] INFO:colcon.colcon_core.shell:Skip shell extension 'powershell' for command environment: Not usable outside of PowerShell
[0.493s] DEBUG:colcon.colcon_core.shell:Skip shell extension 'dsv' for command environment
[0.497s] INFO:colcon.colcon_ros.task.ament_cmake.build:Building ROS package in '/home/naman72060/ros2_wsn/src/nav2_custom_planner' with build type 'ament_cmake'
[0.497s] INFO:colcon.colcon_cmake.task.cmake.build:Building CMake package in '/home/naman72060/ros2_wsn/src/nav2_custom_planner'
[0.498s] INFO:colcon.colcon_core.shell:Skip shell extension 'powershell' for command environment: Not usable outside of PowerShell
[0.498s] DEBUG:colcon.colcon_core.shell:Skip shell extension 'dsv' for command environment
[0.508s] DEBUG:colcon.colcon_core.event_handler.log_command:Invoking command in '/home/naman72060/ros2_wsn/build/auto_explo': CMAKE_PREFIX_PATH=${CMAKE_PREFIX_PATH}:/opt/ros/humble /usr/bin/cmake --build /home/naman72060/ros2_wsn/build/auto_explo -- -j12 -l12
[0.516s] DEBUG:colcon.colcon_core.event_handler.log_command:Invoking command in '/home/naman72060/ros2_wsn/build/explore_lite': CMAKE_PREFIX_PATH=${CMAKE_PREFIX_PATH}:/opt/ros/humble /usr/bin/cmake --build /home/naman72060/ros2_wsn/build/explore_lite -- -j12 -l12
[0.522s] DEBUG:colcon.colcon_core.event_handler.log_command:Invoking command in '/home/naman72060/ros2_wsn/build/nav2_custom_planner': CMAKE_PREFIX_PATH=${CMAKE_PREFIX_PATH}:/opt/ros/humble /usr/bin/cmake --build /home/naman72060/ros2_wsn/build/nav2_custom_planner -- -j12 -l12
[0.549s] DEBUG:colcon.colcon_core.event_handler.log_command:Invoked command in '/home/naman72060/ros2_wsn/build/auto_explo' returned '0': CMAKE_PREFIX_PATH=${CMAKE_PREFIX_PATH}:/opt/ros/humble /usr/bin/cmake --build /home/naman72060/ros2_wsn/build/auto_explo -- -j12 -l12
[0.565s] DEBUG:colcon.colcon_core.event_handler.log_command:Invoking command in '/home/naman72060/ros2_wsn/build/auto_explo': CMAKE_PREFIX_PATH=${CMAKE_PREFIX_PATH}:/opt/ros/humble /usr/bin/cmake --install /home/naman72060/ros2_wsn/build/auto_explo
[0.594s] Level 1:colcon.colcon_core.environment:create_environment_scripts_only(auto_explo)
[0.595s] DEBUG:colcon.colcon_core.event_handler.log_command:Invoked command in '/home/naman72060/ros2_wsn/build/auto_explo' returned '0': CMAKE_PREFIX_PATH=${CMAKE_PREFIX_PATH}:/opt/ros/humble /usr/bin/cmake --install /home/naman72060/ros2_wsn/build/auto_explo
[0.598s] Level 1:colcon.colcon_core.environment:checking '/home/naman72060/ros2_wsn/install/auto_explo' for CMake module files
[0.599s] Level 1:colcon.colcon_core.environment:checking '/home/naman72060/ros2_wsn/install/auto_explo' for CMake config files
[0.599s] Level 1:colcon.colcon_core.shell:create_environment_hook('auto_explo', 'cmake_prefix_path')
[0.599s] INFO:colcon.colcon_core.shell:Creating environment hook '/home/naman72060/ros2_wsn/install/auto_explo/share/auto_explo/hook/cmake_prefix_path.ps1'
[0.600s] INFO:colcon.colcon_core.shell:Creating environment descriptor '/home/naman72060/ros2_wsn/install/auto_explo/share/auto_explo/hook/cmake_prefix_path.dsv'
[0.601s] INFO:colcon.colcon_core.shell:Creating environment hook '/home/naman72060/ros2_wsn/install/auto_explo/share/auto_explo/hook/cmake_prefix_path.sh'
[0.602s] Level 1:colcon.colcon_core.environment:checking '/home/naman72060/ros2_wsn/install/auto_explo/lib'
[0.602s] Level 1:colcon.colcon_core.environment:checking '/home/naman72060/ros2_wsn/install/auto_explo/bin'
[0.602s] Level 1:colcon.colcon_core.environment:checking '/home/naman72060/ros2_wsn/install/auto_explo/lib/pkgconfig/auto_explo.pc'
[0.603s] Level 1:colcon.colcon_core.environment:checking '/home/naman72060/ros2_wsn/install/auto_explo/lib/python3.10/site-packages'
[0.603s] Level 1:colcon.colcon_core.environment:checking '/home/naman72060/ros2_wsn/install/auto_explo/bin'
[0.604s] INFO:colcon.colcon_core.shell:Creating package script '/home/naman72060/ros2_wsn/install/auto_explo/share/auto_explo/package.ps1'
[0.604s] INFO:colcon.colcon_core.shell:Creating package descriptor '/home/naman72060/ros2_wsn/install/auto_explo/share/auto_explo/package.dsv'
[0.605s] INFO:colcon.colcon_core.shell:Creating package script '/home/naman72060/ros2_wsn/install/auto_explo/share/auto_explo/package.sh'
[0.606s] INFO:colcon.colcon_core.shell:Creating package script '/home/naman72060/ros2_wsn/install/auto_explo/share/auto_explo/package.bash'
[0.606s] INFO:colcon.colcon_core.shell:Creating package script '/home/naman72060/ros2_wsn/install/auto_explo/share/auto_explo/package.zsh'
[0.607s] Level 1:colcon.colcon_core.environment:create_file_with_runtime_dependencies(/home/naman72060/ros2_wsn/install/auto_explo/share/colcon-core/packages/auto_explo)
[0.607s] Level 1:colcon.colcon_core.environment:create_environment_scripts_only(auto_explo)
[0.607s] Level 1:colcon.colcon_core.environment:checking '/home/naman72060/ros2_wsn/install/auto_explo' for CMake module files
[0.608s] Level 1:colcon.colcon_core.environment:checking '/home/naman72060/ros2_wsn/install/auto_explo' for CMake config files
[0.608s] Level 1:colcon.colcon_core.shell:create_environment_hook('auto_explo', 'cmake_prefix_path')
[0.608s] INFO:colcon.colcon_core.shell:Creating environment hook '/home/naman72060/ros2_wsn/install/auto_explo/share/auto_explo/hook/cmake_prefix_path.ps1'
[0.608s] INFO:colcon.colcon_core.shell:Creating environment descriptor '/home/naman72060/ros2_wsn/install/auto_explo/share/auto_explo/hook/cmake_prefix_path.dsv'
[0.609s] INFO:colcon.colcon_core.shell:Creating environment hook '/home/naman72060/ros2_wsn/install/auto_explo/share/auto_explo/hook/cmake_prefix_path.sh'
[0.609s] Level 1:colcon.colcon_core.environment:checking '/home/naman72060/ros2_wsn/install/auto_explo/lib'
[0.609s] Level 1:colcon.colcon_core.environment:checking '/home/naman72060/ros2_wsn/install/auto_explo/bin'
[0.609s] Level 1:colcon.colcon_core.environment:checking '/home/naman72060/ros2_wsn/install/auto_explo/lib/pkgconfig/auto_explo.pc'
[0.609s] Level 1:colcon.colcon_core.environment:checking '/home/naman72060/ros2_wsn/install/auto_explo/lib/python3.10/site-packages'
[0.610s] Level 1:colcon.colcon_core.environment:checking '/home/naman72060/ros2_wsn/install/auto_explo/bin'
[0.610s] INFO:colcon.colcon_core.shell:Creating package script '/home/naman72060/ros2_wsn/install/auto_explo/share/auto_explo/package.ps1'
[0.611s] INFO:colcon.colcon_core.shell:Creating package descriptor '/home/naman72060/ros2_wsn/install/auto_explo/share/auto_explo/package.dsv'
[0.611s] INFO:colcon.colcon_core.shell:Creating package script '/home/naman72060/ros2_wsn/install/auto_explo/share/auto_explo/package.sh'
[0.612s] INFO:colcon.colcon_core.shell:Creating package script '/home/naman72060/ros2_wsn/install/auto_explo/share/auto_explo/package.bash'
[0.612s] INFO:colcon.colcon_core.shell:Creating package script '/home/naman72060/ros2_wsn/install/auto_explo/share/auto_explo/package.zsh'
[0.613s] Level 1:colcon.colcon_core.environment:create_file_with_runtime_dependencies(/home/naman72060/ros2_wsn/install/auto_explo/share/colcon-core/packages/auto_explo)
[0.616s] DEBUG:colcon.colcon_core.event_handler.log_command:Invoked command in '/home/naman72060/ros2_wsn/build/nav2_custom_planner' returned '0': CMAKE_PREFIX_PATH=${CMAKE_PREFIX_PATH}:/opt/ros/humble /usr/bin/cmake --build /home/naman72060/ros2_wsn/build/nav2_custom_planner -- -j12 -l12
[0.620s] DEBUG:colcon.colcon_core.event_handler.log_command:Invoking command in '/home/naman72060/ros2_wsn/build/nav2_custom_planner': CMAKE_PREFIX_PATH=${CMAKE_PREFIX_PATH}:/opt/ros/humble /usr/bin/cmake --install /home/naman72060/ros2_wsn/build/nav2_custom_planner
[0.624s] DEBUG:colcon.colcon_core.event_handler.log_command:Invoked command in '/home/naman72060/ros2_wsn/build/explore_lite' returned '0': CMAKE_PREFIX_PATH=${CMAKE_PREFIX_PATH}:/opt/ros/humble /usr/bin/cmake --build /home/naman72060/ros2_wsn/build/explore_lite -- -j12 -l12
[0.627s] DEBUG:colcon.colcon_core.event_handler.log_command:Invoking command in '/home/naman72060/ros2_wsn/build/explore_lite': CMAKE_PREFIX_PATH=${CMAKE_PREFIX_PATH}:/opt/ros/humble /usr/bin/cmake --install /home/naman72060/ros2_wsn/build/explore_lite
[0.631s] Level 1:colcon.colcon_core.environment:create_environment_scripts_only(nav2_custom_planner)
[0.632s] Level 1:colcon.colcon_core.environment:checking '/home/naman72060/ros2_wsn/install/nav2_custom_planner' for CMake module files
[0.637s] Level 1:colcon.colcon_core.environment:checking '/home/naman72060/ros2_wsn/install/nav2_custom_planner' for CMake config files
[0.638s] DEBUG:colcon.colcon_core.event_handler.log_command:Invoked command in '/home/naman72060/ros2_wsn/build/nav2_custom_planner' returned '0': CMAKE_PREFIX_PATH=${CMAKE_PREFIX_PATH}:/opt/ros/humble /usr/bin/cmake --install /home/naman72060/ros2_wsn/build/nav2_custom_planner
[0.643s] Level 1:colcon.colcon_core.shell:create_environment_hook('nav2_custom_planner', 'cmake_prefix_path')
[0.643s] INFO:colcon.colcon_core.shell:Creating environment hook '/home/naman72060/ros2_wsn/install/nav2_custom_planner/share/nav2_custom_planner/hook/cmake_prefix_path.ps1'
[0.644s] INFO:colcon.colcon_core.shell:Creating environment descriptor '/home/naman72060/ros2_wsn/install/nav2_custom_planner/share/nav2_custom_planner/hook/cmake_prefix_path.dsv'
[0.644s] INFO:colcon.colcon_core.shell:Creating environment hook '/home/naman72060/ros2_wsn/install/nav2_custom_planner/share/nav2_custom_planner/hook/cmake_prefix_path.sh'
[0.645s] Level 1:colcon.colcon_core.environment:checking '/home/naman72060/ros2_wsn/install/nav2_custom_planner/lib'
[0.645s] Level 1:colcon.colcon_core.shell:create_environment_hook('nav2_custom_planner', 'ld_library_path_lib')
[0.645s] INFO:colcon.colcon_core.shell:Creating environment hook '/home/naman72060/ros2_wsn/install/nav2_custom_planner/share/nav2_custom_planner/hook/ld_library_path_lib.ps1'
[0.645s] INFO:colcon.colcon_core.shell:Creating environment descriptor '/home/naman72060/ros2_wsn/install/nav2_custom_planner/share/nav2_custom_planner/hook/ld_library_path_lib.dsv'
[0.645s] INFO:colcon.colcon_core.shell:Creating environment hook '/home/naman72060/ros2_wsn/install/nav2_custom_planner/share/nav2_custom_planner/hook/ld_library_path_lib.sh'
[0.646s] Level 1:colcon.colcon_core.environment:checking '/home/naman72060/ros2_wsn/install/nav2_custom_planner/bin'
[0.646s] Level 1:colcon.colcon_core.environment:checking '/home/naman72060/ros2_wsn/install/nav2_custom_planner/lib/pkgconfig/nav2_custom_planner.pc'
[0.646s] Level 1:colcon.colcon_core.environment:checking '/home/naman72060/ros2_wsn/install/nav2_custom_planner/lib/python3.10/site-packages'
[0.646s] Level 1:colcon.colcon_core.environment:checking '/home/naman72060/ros2_wsn/install/nav2_custom_planner/bin'
[0.646s] INFO:colcon.colcon_core.shell:Creating package script '/home/naman72060/ros2_wsn/install/nav2_custom_planner/share/nav2_custom_planner/package.ps1'
[0.647s] INFO:colcon.colcon_core.shell:Creating package descriptor '/home/naman72060/ros2_wsn/install/nav2_custom_planner/share/nav2_custom_planner/package.dsv'
[0.647s] INFO:colcon.colcon_core.shell:Creating package script '/home/naman72060/ros2_wsn/install/nav2_custom_planner/share/nav2_custom_planner/package.sh'
[0.647s] INFO:colcon.colcon_core.shell:Creating package script '/home/naman72060/ros2_wsn/install/nav2_custom_planner/share/nav2_custom_planner/package.bash'
[0.648s] INFO:colcon.colcon_core.shell:Creating package script '/home/naman72060/ros2_wsn/install/nav2_custom_planner/share/nav2_custom_planner/package.zsh'
[0.648s] Level 1:colcon.colcon_core.environment:create_file_with_runtime_dependencies(/home/naman72060/ros2_wsn/install/nav2_custom_planner/share/colcon-core/packages/nav2_custom_planner)
[0.648s] Level 1:colcon.colcon_core.environment:create_environment_scripts_only(nav2_custom_planner)
[0.648s] Level 1:colcon.colcon_core.environment:checking '/home/naman72060/ros2_wsn/install/nav2_custom_planner' for CMake module files
[0.649s] Level 1:colcon.colcon_core.environment:checking '/home/naman72060/ros2_wsn/install/nav2_custom_planner' for CMake config files
[0.649s] Level 1:colcon.colcon_core.shell:create_environment_hook('nav2_custom_planner', 'cmake_prefix_path')
[0.649s] INFO:colcon.colcon_core.shell:Creating environment hook '/home/naman72060/ros2_wsn/install/nav2_custom_planner/share/nav2_custom_planner/hook/cmake_prefix_path.ps1'
[0.649s] INFO:colcon.colcon_core.shell:Creating environment descriptor '/home/naman72060/ros2_wsn/install/nav2_custom_planner/share/nav2_custom_planner/hook/cmake_prefix_path.dsv'
[0.650s] INFO:colcon.colcon_core.shell:Creating environment hook '/home/naman72060/ros2_wsn/install/nav2_custom_planner/share/nav2_custom_planner/hook/cmake_prefix_path.sh'
[0.650s] Level 1:colcon.colcon_core.environment:checking '/home/naman72060/ros2_wsn/install/nav2_custom_planner/lib'
[0.650s] Level 1:colcon.colcon_core.shell:create_environment_hook('nav2_custom_planner', 'ld_library_path_lib')
[0.650s] INFO:colcon.colcon_core.shell:Creating environment hook '/home/naman72060/ros2_wsn/install/nav2_custom_planner/share/nav2_custom_planner/hook/ld_library_path_lib.ps1'
[0.650s] INFO:colcon.colcon_core.shell:Creating environment descriptor '/home/naman72060/ros2_wsn/install/nav2_custom_planner/share/nav2_custom_planner/hook/ld_library_path_lib.dsv'
[0.651s] INFO:colcon.colcon_core.shell:Creating environment hook '/home/naman72060/ros2_wsn/install/nav2_custom_planner/share/nav2_custom_planner/hook/ld_library_path_lib.sh'
[0.651s] Level 1:colcon.colcon_core.environment:checking '/home/naman72060/ros2_wsn/install/nav2_custom_planner/bin'
[0.651s] Level 1:colcon.colcon_core.environment:checking '/home/naman72060/ros2_wsn/install/nav2_custom_planner/lib/pkgconfig/nav2_custom_planner.pc'
[0.651s] Level 1:colcon.colcon_core.environment:checking '/home/naman72060/ros2_wsn/install/nav2_custom_planner/lib/python3.10/site-packages'
[0.652s] Level 1:colcon.colcon_core.environment:checking '/home/naman72060/ros2_wsn/install/nav2_custom_planner/bin'
[0.652s] INFO:colcon.colcon_core.shell:Creating package script '/home/naman72060/ros2_wsn/install/nav2_custom_planner/share/nav2_custom_planner/package.ps1'
[0.653s] INFO:colcon.colcon_core.shell:Creating package descriptor '/home/naman72060/ros2_wsn/install/nav2_custom_planner/share/nav2_custom_planner/package.dsv'
[0.653s] INFO:colcon.colcon_core.shell:Creating package script '/home/naman72060/ros2_wsn/install/nav2_custom_planner/share/nav2_custom_planner/package.sh'
[0.654s] INFO:colcon.colcon_core.shell:Creating package script '/home/naman72060/ros2_wsn/install/nav2_custom_planner/share/nav2_custom_planner/package.bash'
[0.654s] INFO:colcon.colcon_core.shell:Creating package script '/home/naman72060/ros2_wsn/install/nav2_custom_planner/share/nav2_custom_planner/package.zsh'
[0.654s] Level 1:colcon.colcon_core.environment:create_file_with_runtime_dependencies(/home/naman72060/ros2_wsn/install/nav2_custom_planner/share/colcon-core/packages/nav2_custom_planner)
[0.656s] Level 1:colcon.colcon_core.environment:create_environment_scripts_only(explore_lite)
[0.656s] Level 1:colcon.colcon_core.environment:checking '/home/naman72060/ros2_wsn/install/explore_lite' for CMake module files
[0.658s] DEBUG:colcon.colcon_core.event_handler.log_command:Invoked command in '/home/naman72060/ros2_wsn/build/explore_lite' returned '0': CMAKE_PREFIX_PATH=${CMAKE_PREFIX_PATH}:/opt/ros/humble /usr/bin/cmake --install /home/naman72060/ros2_wsn/build/explore_lite
[0.658s] Level 1:colcon.colcon_core.environment:checking '/home/naman72060/ros2_wsn/install/explore_lite' for CMake config files
[0.658s] Level 1:colcon.colcon_core.shell:create_environment_hook('explore_lite', 'cmake_prefix_path')
[0.659s] INFO:colcon.colcon_core.shell:Creating environment hook '/home/naman72060/ros2_wsn/install/explore_lite/share/explore_lite/hook/cmake_prefix_path.ps1'
[0.659s] INFO:colcon.colcon_core.shell:Creating environment descriptor '/home/naman72060/ros2_wsn/install/explore_lite/share/explore_lite/hook/cmake_prefix_path.dsv'
[0.660s] INFO:colcon.colcon_core.shell:Creating environment hook '/home/naman72060/ros2_wsn/install/explore_lite/share/explore_lite/hook/cmake_prefix_path.sh'
[0.660s] Level 1:colcon.colcon_core.environment:checking '/home/naman72060/ros2_wsn/install/explore_lite/lib'
[0.660s] Level 1:colcon.colcon_core.environment:checking '/home/naman72060/ros2_wsn/install/explore_lite/bin'
[0.660s] Level 1:colcon.colcon_core.environment:checking '/home/naman72060/ros2_wsn/install/explore_lite/lib/pkgconfig/explore_lite.pc'
[0.661s] Level 1:colcon.colcon_core.environment:checking '/home/naman72060/ros2_wsn/install/explore_lite/lib/python3.10/site-packages'
[0.661s] Level 1:colcon.colcon_core.environment:checking '/home/naman72060/ros2_wsn/install/explore_lite/bin'
[0.661s] INFO:colcon.colcon_core.shell:Creating package script '/home/naman72060/ros2_wsn/install/explore_lite/share/explore_lite/package.ps1'
[0.661s] INFO:colcon.colcon_core.shell:Creating package descriptor '/home/naman72060/ros2_wsn/install/explore_lite/share/explore_lite/package.dsv'
[0.662s] INFO:colcon.colcon_core.shell:Creating package script '/home/naman72060/ros2_wsn/install/explore_lite/share/explore_lite/package.sh'
[0.662s] INFO:colcon.colcon_core.shell:Creating package script '/home/naman72060/ros2_wsn/install/explore_lite/share/explore_lite/package.bash'
[0.662s] INFO:colcon.colcon_core.shell:Creating package script '/home/naman72060/ros2_wsn/install/explore_lite/share/explore_lite/package.zsh'
[0.662s] Level 1:colcon.colcon_core.environment:create_file_with_runtime_dependencies(/home/naman72060/ros2_wsn/install/explore_lite/share/colcon-core/packages/explore_lite)
[0.663s] Level 1:colcon.colcon_core.environment:create_environment_scripts_only(explore_lite)
[0.663s] Level 1:colcon.colcon_core.environment:checking '/home/naman72060/ros2_wsn/install/explore_lite' for CMake module files
[0.663s] Level 1:colcon.colcon_core.environment:checking '/home/naman72060/ros2_wsn/install/explore_lite' for CMake config files
[0.663s] Level 1:colcon.colcon_core.shell:create_environment_hook('explore_lite', 'cmake_prefix_path')
[0.664s] INFO:colcon.colcon_core.shell:Creating environment hook '/home/naman72060/ros2_wsn/install/explore_lite/share/explore_lite/hook/cmake_prefix_path.ps1'
[0.664s] INFO:colcon.colcon_core.shell:Creating environment descriptor '/home/naman72060/ros2_wsn/install/explore_lite/share/explore_lite/hook/cmake_prefix_path.dsv'
[0.664s] INFO:colcon.colcon_core.shell:Creating environment hook '/home/naman72060/ros2_wsn/install/explore_lite/share/explore_lite/hook/cmake_prefix_path.sh'
[0.665s] Level 1:colcon.colcon_core.environment:checking '/home/naman72060/ros2_wsn/install/explore_lite/lib'
[0.665s] Level 1:colcon.colcon_core.environment:checking '/home/naman72060/ros2_wsn/install/explore_lite/bin'
[0.665s] Level 1:colcon.colcon_core.environment:checking '/home/naman72060/ros2_wsn/install/explore_lite/lib/pkgconfig/explore_lite.pc'
[0.665s] Level 1:colcon.colcon_core.environment:checking '/home/naman72060/ros2_wsn/install/explore_lite/lib/python3.10/site-packages'
[0.665s] Level 1:colcon.colcon_core.environment:checking '/home/naman72060/ros2_wsn/install/explore_lite/bin'
[0.666s] INFO:colcon.colcon_core.shell:Creating package script '/home/naman72060/ros2_wsn/install/explore_lite/share/explore_lite/package.ps1'
[0.666s] INFO:colcon.colcon_core.shell:Creating package descriptor '/home/naman72060/ros2_wsn/install/explore_lite/share/explore_lite/package.dsv'
[0.667s] INFO:colcon.colcon_core.shell:Creating package script '/home/naman72060/ros2_wsn/install/explore_lite/share/explore_lite/package.sh'
[0.667s] INFO:colcon.colcon_core.shell:Creating package script '/home/naman72060/ros2_wsn/install/explore_lite/share/explore_lite/package.bash'
[0.667s] INFO:colcon.colcon_core.shell:Creating package script '/home/naman72060/ros2_wsn/install/explore_lite/share/explore_lite/package.zsh'
[0.668s] Level 1:colcon.colcon_core.environment:create_file_with_runtime_dependencies(/home/naman72060/ros2_wsn/install/explore_lite/share/colcon-core/packages/explore_lite)
[0.668s] DEBUG:colcon.colcon_parallel_executor.executor.parallel:closing loop
[0.669s] DEBUG:colcon.colcon_parallel_executor.executor.parallel:loop closed
[0.669s] DEBUG:colcon.colcon_parallel_executor.executor.parallel:run_until_complete finished with '0'
[0.669s] DEBUG:colcon.colcon_core.event_reactor:joining thread
[0.728s] INFO:colcon.colcon_core.plugin_system:Skipping extension 'colcon_notification.desktop_notification.notify_send': Could not find 'notify-send'
[0.729s] INFO:colcon.colcon_core.plugin_system:Skipping extension 'colcon_notification.desktop_notification.terminal_notifier': Not used on non-Darwin systems
[0.729s] INFO:colcon.colcon_core.plugin_system:Skipping extension 'colcon_notification.desktop_notification.win32': Not used on non-Windows systems
[0.729s] INFO:colcon.colcon_notification.desktop_notification:Sending desktop notification using 'notify2'
[0.730s] DEBUG:colcon.colcon_notification.desktop_notification.notify2:Failed to initialize notify2: org.freedesktop.DBus.Error.ServiceUnknown: The name org.freedesktop.Notifications was not provided by any .service files
[0.730s] DEBUG:colcon.colcon_core.event_reactor:joined thread
[0.730s] INFO:colcon.colcon_core.shell:Creating prefix script '/home/naman72060/ros2_wsn/install/local_setup.ps1'
[0.731s] INFO:colcon.colcon_core.shell:Creating prefix util module '/home/naman72060/ros2_wsn/install/_local_setup_util_ps1.py'
[0.732s] INFO:colcon.colcon_core.shell:Creating prefix chain script '/home/naman72060/ros2_wsn/install/setup.ps1'
[0.733s] INFO:colcon.colcon_core.shell:Creating prefix script '/home/naman72060/ros2_wsn/install/local_setup.sh'
[0.734s] INFO:colcon.colcon_core.shell:Creating prefix util module '/home/naman72060/ros2_wsn/install/_local_setup_util_sh.py'
[0.734s] INFO:colcon.colcon_core.shell:Creating prefix chain script '/home/naman72060/ros2_wsn/install/setup.sh'
[0.735s] INFO:colcon.colcon_core.shell:Creating prefix script '/home/naman72060/ros2_wsn/install/local_setup.bash'
[0.735s] INFO:colcon.colcon_core.shell:Creating prefix chain script '/home/naman72060/ros2_wsn/install/setup.bash'
[0.736s] INFO:colcon.colcon_core.shell:Creating prefix script '/home/naman72060/ros2_wsn/install/local_setup.zsh'
[0.736s] INFO:colcon.colcon_core.shell:Creating prefix chain script '/home/naman72060/ros2_wsn/install/setup.zsh'
