[0.011s] Invoking command in '/home/naman72060/ros2_wsn/build/auto_explo': CMAKE_PREFIX_PATH=/opt/ros/humble /usr/bin/cmake --build /home/naman72060/ros2_wsn/build/auto_explo -- -j12 -l12
[0.058s] [35m[1mConsolidate compiler generated dependencies of target wfd_node[0m
[0.074s] [ 50%] [32mBuilding CXX object CMakeFiles/wfd_node.dir/src/wfd_node.cpp.o[0m
[10.782s] [100%] [32m[1mLinking CXX executable wfd_node[0m
[11.421s] [100%] Built target wfd_node
[11.438s] Invoked command in '/home/naman72060/ros2_wsn/build/auto_explo' returned '0': CMAKE_PREFIX_PATH=/opt/ros/humble /usr/bin/cmake --build /home/naman72060/ros2_wsn/build/auto_explo -- -j12 -l12
[11.450s] Invoking command in '/home/naman72060/ros2_wsn/build/auto_explo': CMAKE_PREFIX_PATH=/opt/ros/humble /usr/bin/cmake --install /home/naman72060/ros2_wsn/build/auto_explo
[11.458s] -- Install configuration: ""
[11.458s] -- Installing: /home/naman72060/ros2_wsn/install/auto_explo/lib/auto_explo/wfd_node
[11.461s] -- Set runtime path of "/home/naman72060/ros2_wsn/install/auto_explo/lib/auto_explo/wfd_node" to ""
[11.461s] -- Up-to-date: /home/naman72060/ros2_wsn/install/auto_explo/share/auto_explo//launch
[11.462s] -- Installing: /home/naman72060/ros2_wsn/install/auto_explo/share/auto_explo//launch/online_async_launch.launch.py
[11.462s] -- Up-to-date: /home/naman72060/ros2_wsn/install/auto_explo/share/ament_index/resource_index/package_run_dependencies/auto_explo
[11.462s] -- Up-to-date: /home/naman72060/ros2_wsn/install/auto_explo/share/ament_index/resource_index/parent_prefix_path/auto_explo
[11.462s] -- Up-to-date: /home/naman72060/ros2_wsn/install/auto_explo/share/auto_explo/environment/ament_prefix_path.sh
[11.462s] -- Installing: /home/naman72060/ros2_wsn/install/auto_explo/share/auto_explo/environment/ament_prefix_path.dsv
[11.462s] -- Up-to-date: /home/naman72060/ros2_wsn/install/auto_explo/share/auto_explo/environment/path.sh
[11.462s] -- Installing: /home/naman72060/ros2_wsn/install/auto_explo/share/auto_explo/environment/path.dsv
[11.463s] -- Up-to-date: /home/naman72060/ros2_wsn/install/auto_explo/share/auto_explo/local_setup.bash
[11.463s] -- Up-to-date: /home/naman72060/ros2_wsn/install/auto_explo/share/auto_explo/local_setup.sh
[11.463s] -- Up-to-date: /home/naman72060/ros2_wsn/install/auto_explo/share/auto_explo/local_setup.zsh
[11.463s] -- Installing: /home/naman72060/ros2_wsn/install/auto_explo/share/auto_explo/local_setup.dsv
[11.464s] -- Installing: /home/naman72060/ros2_wsn/install/auto_explo/share/auto_explo/package.dsv
[11.464s] -- Up-to-date: /home/naman72060/ros2_wsn/install/auto_explo/share/ament_index/resource_index/packages/auto_explo
[11.464s] -- Up-to-date: /home/naman72060/ros2_wsn/install/auto_explo/share/auto_explo/cmake/auto_exploConfig.cmake
[11.464s] -- Up-to-date: /home/naman72060/ros2_wsn/install/auto_explo/share/auto_explo/cmake/auto_exploConfig-version.cmake
[11.464s] -- Up-to-date: /home/naman72060/ros2_wsn/install/auto_explo/share/auto_explo/package.xml
[11.466s] Invoked command in '/home/naman72060/ros2_wsn/build/auto_explo' returned '0': CMAKE_PREFIX_PATH=/opt/ros/humble /usr/bin/cmake --install /home/naman72060/ros2_wsn/build/auto_explo
