[0.015s] Invoking command in '/home/naman72060/ros2_wsn/build/nav2_custom_planner': CMAKE_PREFIX_PATH=/opt/ros/humble /usr/bin/cmake --build /home/naman72060/ros2_wsn/build/nav2_custom_planner -- -j12 -l12
[0.061s] [ 50%] [32mBuilding CXX object CMakeFiles/nav2_custom_planner_plugin.dir/src/custom_planner.cpp.o[0m
[2.563s] [01m[K/home/naman72060/ros2_wsn/src/nav2_custom_planner/src/custom_planner.cpp:[m[K In lambda function:
[2.564s] [01m[K/home/naman72060/ros2_wsn/src/nav2_custom_planner/src/custom_planner.cpp:83:28:[m[K [01;35m[Kwarning: [m[Kunused parameter ‘[01m[Kx[m[K’ [[01;35m[K]8;;https://gcc.gnu.org/onlinedocs/gcc/Warning-Options.html#index-Wunused-parameter-Wunused-parameter]8;;[m[K]
[2.564s]    83 |   auto heuristic = [&]([01;35m[Kint x[m[K, int y) {
[2.564s]       |                        [01;35m[K~~~~^[m[K
[2.564s] [01m[K/home/naman72060/ros2_wsn/src/nav2_custom_planner/src/custom_planner.cpp:83:35:[m[K [01;35m[Kwarning: [m[Kunused parameter ‘[01m[Ky[m[K’ [[01;35m[K]8;;https://gcc.gnu.org/onlinedocs/gcc/Warning-Options.html#index-Wunused-parameter-Wunused-parameter]8;;[m[K]
[2.564s]    83 |   auto heuristic = [&](int x, [01;35m[Kint y[m[K) {
[2.564s]       |                               [01;35m[K~~~~^[m[K
[3.928s] [100%] [32m[1mLinking CXX shared library libnav2_custom_planner_plugin.so[0m
[4.265s] [100%] Built target nav2_custom_planner_plugin
[4.276s] Invoked command in '/home/naman72060/ros2_wsn/build/nav2_custom_planner' returned '0': CMAKE_PREFIX_PATH=/opt/ros/humble /usr/bin/cmake --build /home/naman72060/ros2_wsn/build/nav2_custom_planner -- -j12 -l12
[4.278s] Invoking command in '/home/naman72060/ros2_wsn/build/nav2_custom_planner': CMAKE_PREFIX_PATH=/opt/ros/humble /usr/bin/cmake --install /home/naman72060/ros2_wsn/build/nav2_custom_planner
[4.282s] -- Install configuration: ""
[4.282s] -- Up-to-date: /home/naman72060/ros2_wsn/install/nav2_custom_planner/share/nav2_custom_planner/gobal_planner_plugin.xml
[4.283s] -- Installing: /home/naman72060/ros2_wsn/install/nav2_custom_planner/lib/libnav2_custom_planner_plugin.so
[4.283s] -- Set runtime path of "/home/naman72060/ros2_wsn/install/nav2_custom_planner/lib/libnav2_custom_planner_plugin.so" to ""
[4.283s] -- Up-to-date: /home/naman72060/ros2_wsn/install/nav2_custom_planner/include
[4.283s] -- Up-to-date: /home/naman72060/ros2_wsn/install/nav2_custom_planner/include/nav2_custom_planner
[4.283s] -- Up-to-date: /home/naman72060/ros2_wsn/install/nav2_custom_planner/include/nav2_custom_planner/custom_planner.hpp
[4.284s] -- Up-to-date: /home/naman72060/ros2_wsn/install/nav2_custom_planner/share/nav2_custom_planner/gobal_planner_plugin.xml
[4.284s] -- Up-to-date: /home/naman72060/ros2_wsn/install/nav2_custom_planner/share/ament_index/resource_index/package_run_dependencies/nav2_custom_planner
[4.284s] -- Up-to-date: /home/naman72060/ros2_wsn/install/nav2_custom_planner/share/ament_index/resource_index/parent_prefix_path/nav2_custom_planner
[4.284s] -- Up-to-date: /home/naman72060/ros2_wsn/install/nav2_custom_planner/share/nav2_custom_planner/environment/ament_prefix_path.sh
[4.284s] -- Up-to-date: /home/naman72060/ros2_wsn/install/nav2_custom_planner/share/nav2_custom_planner/environment/ament_prefix_path.dsv
[4.284s] -- Up-to-date: /home/naman72060/ros2_wsn/install/nav2_custom_planner/share/nav2_custom_planner/environment/path.sh
[4.284s] -- Up-to-date: /home/naman72060/ros2_wsn/install/nav2_custom_planner/share/nav2_custom_planner/environment/path.dsv
[4.284s] -- Up-to-date: /home/naman72060/ros2_wsn/install/nav2_custom_planner/share/nav2_custom_planner/local_setup.bash
[4.284s] -- Up-to-date: /home/naman72060/ros2_wsn/install/nav2_custom_planner/share/nav2_custom_planner/local_setup.sh
[4.284s] -- Up-to-date: /home/naman72060/ros2_wsn/install/nav2_custom_planner/share/nav2_custom_planner/local_setup.zsh
[4.284s] -- Up-to-date: /home/naman72060/ros2_wsn/install/nav2_custom_planner/share/nav2_custom_planner/local_setup.dsv
[4.284s] -- Up-to-date: /home/naman72060/ros2_wsn/install/nav2_custom_planner/share/nav2_custom_planner/package.dsv
[4.284s] -- Up-to-date: /home/naman72060/ros2_wsn/install/nav2_custom_planner/share/ament_index/resource_index/packages/nav2_custom_planner
[4.284s] -- Up-to-date: /home/naman72060/ros2_wsn/install/nav2_custom_planner/share/ament_index/resource_index/nav2_core__pluginlib__plugin/nav2_custom_planner
[4.284s] -- Up-to-date: /home/naman72060/ros2_wsn/install/nav2_custom_planner/share/nav2_custom_planner/cmake/nav2_custom_plannerConfig.cmake
[4.284s] -- Up-to-date: /home/naman72060/ros2_wsn/install/nav2_custom_planner/share/nav2_custom_planner/cmake/nav2_custom_plannerConfig-version.cmake
[4.284s] -- Up-to-date: /home/naman72060/ros2_wsn/install/nav2_custom_planner/share/nav2_custom_planner/package.xml
[4.286s] Invoked command in '/home/naman72060/ros2_wsn/build/nav2_custom_planner' returned '0': CMAKE_PREFIX_PATH=/opt/ros/humble /usr/bin/cmake --install /home/naman72060/ros2_wsn/build/nav2_custom_planner
