[0.019s] Invoking command in '/home/naman72060/ros2_wsn/build/nav2_custom_planner': CMAKE_PREFIX_PATH=/opt/ros/humble /usr/bin/cmake --build /home/naman72060/ros2_wsn/build/nav2_custom_planner -- -j12 -l12
[0.101s] -- Found ament_cmake: 1.3.11 (/opt/ros/humble/share/ament_cmake/cmake)
[0.236s] -- Found rclcpp: 16.0.12 (/opt/ros/humble/share/rclcpp/cmake)
[0.438s] -- Found rosidl_generator_c: 3.1.6 (/opt/ros/humble/share/rosidl_generator_c/cmake)
[0.446s] -- Found rosidl_adapter: 3.1.6 (/opt/ros/humble/share/rosidl_adapter/cmake)
[0.460s] -- Found rosidl_generator_cpp: 3.1.6 (/opt/ros/humble/share/rosidl_generator_cpp/cmake)
[0.485s] -- Using all available rosidl_typesupport_c: rosidl_typesupport_fastrtps_c;rosidl_typesupport_introspection_c
[0.510s] -- Using all available rosidl_typesupport_cpp: rosidl_typesupport_fastrtps_cpp;rosidl_typesupport_introspection_cpp
[0.579s] -- Found rmw_implementation_cmake: 6.1.2 (/opt/ros/humble/share/rmw_implementation_cmake/cmake)
[0.585s] -- Found rmw_cyclonedds_cpp: 1.3.4 (/opt/ros/humble/share/rmw_cyclonedds_cpp/cmake)
[0.631s] -- Using RMW implementation 'rmw_cyclonedds_cpp' as default
[0.654s] -- Looking for pthread.h
[0.918s] -- Looking for pthread.h - found
[0.919s] -- Performing Test CMAKE_HAVE_LIBC_PTHREAD
[1.009s] -- Performing Test CMAKE_HAVE_LIBC_PTHREAD - Success
[1.010s] -- Found Threads: TRUE  
[1.066s] -- Found rclcpp_lifecycle: 16.0.12 (/opt/ros/humble/share/rclcpp_lifecycle/cmake)
[1.092s] -- Found nav2_core: 1.1.18 (/opt/ros/humble/share/nav2_core/cmake)
[1.324s] -- Found Eigen3: TRUE (found version "3.4.0") 
[1.325s] -- Ensuring Eigen3 include directory is part of orocos-kdl CMake target
[3.702s] [31mCMake Error at /opt/ros/humble/share/pluginlib/cmake/pluginlib_export_plugin_description_file.cmake:84 (message):
[3.702s]   Given plugin description file
[3.702s]   '/home/naman72060/ros2_wsn/src/nav2_custom_planner/global_planner_plugin.xml'
[3.702s]   does not exist
[3.702s] Call Stack (most recent call first):
[3.702s]   CMakeLists.txt:47 (pluginlib_export_plugin_description_file)
[3.702s] 
[3.702s] [0m
[3.703s] -- Configuring incomplete, errors occurred!
[3.703s] See also "/home/naman72060/ros2_wsn/build/nav2_custom_planner/CMakeFiles/CMakeOutput.log".
[3.709s] gmake: *** [Makefile:226: cmake_check_build_system] Error 1
[3.711s] Invoked command in '/home/naman72060/ros2_wsn/build/nav2_custom_planner' returned '2': CMAKE_PREFIX_PATH=/opt/ros/humble /usr/bin/cmake --build /home/naman72060/ros2_wsn/build/nav2_custom_planner -- -j12 -l12
