[0.011s] Invoking command in '/home/naman72060/ros2_wsn/build/auto_explo': CMAKE_PREFIX_PATH=/opt/ros/humble /usr/bin/cmake --build /home/naman72060/ros2_wsn/build/auto_explo -- -j12 -l12
[0.060s] Invoked command in '/home/naman72060/ros2_wsn/build/auto_explo' returned '0': CMAKE_PREFIX_PATH=/opt/ros/humble /usr/bin/cmake --build /home/naman72060/ros2_wsn/build/auto_explo -- -j12 -l12
[0.071s] Invoking command in '/home/naman72060/ros2_wsn/build/auto_explo': CMAKE_PREFIX_PATH=/opt/ros/humble /usr/bin/cmake --install /home/naman72060/ros2_wsn/build/auto_explo
[0.080s] -- Install configuration: ""
[0.080s] -- Up-to-date: /home/naman72060/ros2_wsn/install/auto_explo/share/auto_explo//launch
[0.080s] -- Up-to-date: /home/naman72060/ros2_wsn/install/auto_explo/share/auto_explo//launch/online_async_launch.launch.py
[0.080s] -- Up-to-date: /home/naman72060/ros2_wsn/install/auto_explo/share/ament_index/resource_index/package_run_dependencies/auto_explo
[0.080s] -- Up-to-date: /home/naman72060/ros2_wsn/install/auto_explo/share/ament_index/resource_index/parent_prefix_path/auto_explo
[0.080s] -- Up-to-date: /home/naman72060/ros2_wsn/install/auto_explo/share/auto_explo/environment/ament_prefix_path.sh
[0.080s] -- Up-to-date: /home/naman72060/ros2_wsn/install/auto_explo/share/auto_explo/environment/ament_prefix_path.dsv
[0.080s] -- Up-to-date: /home/naman72060/ros2_wsn/install/auto_explo/share/auto_explo/environment/path.sh
[0.081s] -- Up-to-date: /home/naman72060/ros2_wsn/install/auto_explo/share/auto_explo/environment/path.dsv
[0.081s] -- Up-to-date: /home/naman72060/ros2_wsn/install/auto_explo/share/auto_explo/local_setup.bash
[0.081s] -- Up-to-date: /home/naman72060/ros2_wsn/install/auto_explo/share/auto_explo/local_setup.sh
[0.081s] -- Up-to-date: /home/naman72060/ros2_wsn/install/auto_explo/share/auto_explo/local_setup.zsh
[0.081s] -- Up-to-date: /home/naman72060/ros2_wsn/install/auto_explo/share/auto_explo/local_setup.dsv
[0.081s] -- Installing: /home/naman72060/ros2_wsn/install/auto_explo/share/auto_explo/package.dsv
[0.081s] -- Up-to-date: /home/naman72060/ros2_wsn/install/auto_explo/share/ament_index/resource_index/packages/auto_explo
[0.081s] -- Up-to-date: /home/naman72060/ros2_wsn/install/auto_explo/share/auto_explo/cmake/auto_exploConfig.cmake
[0.081s] -- Up-to-date: /home/naman72060/ros2_wsn/install/auto_explo/share/auto_explo/cmake/auto_exploConfig-version.cmake
[0.082s] -- Up-to-date: /home/naman72060/ros2_wsn/install/auto_explo/share/auto_explo/package.xml
[0.083s] Invoked command in '/home/naman72060/ros2_wsn/build/auto_explo' returned '0': CMAKE_PREFIX_PATH=/opt/ros/humble /usr/bin/cmake --install /home/naman72060/ros2_wsn/build/auto_explo
