[0.027s] Invoking command in '/home/naman72060/ros2_wsn/build/nav2_custom_planner': CMAKE_PREFIX_PATH=/opt/ros/humble /usr/bin/cmake --build /home/naman72060/ros2_wsn/build/nav2_custom_planner -- -j12 -l12
[0.152s] [35m[1mConsolidate compiler generated dependencies of target nav2_custom_planner_plugin[0m
[0.170s] [ 50%] [32mBuilding CXX object CMakeFiles/nav2_custom_planner_plugin.dir/src/custom_planner.cpp.o[0m
[4.393s] [100%] [32m[1mLinking CXX shared library libnav2_custom_planner_plugin.so[0m
[5.011s] [100%] Built target nav2_custom_planner_plugin
[5.018s] Invoked command in '/home/naman72060/ros2_wsn/build/nav2_custom_planner' returned '0': CMAKE_PREFIX_PATH=/opt/ros/humble /usr/bin/cmake --build /home/naman72060/ros2_wsn/build/nav2_custom_planner -- -j12 -l12
[5.022s] Invoking command in '/home/naman72060/ros2_wsn/build/nav2_custom_planner': CMAKE_PREFIX_PATH=/opt/ros/humble /usr/bin/cmake --install /home/naman72060/ros2_wsn/build/nav2_custom_planner
[5.027s] -- Install configuration: ""
[5.028s] -- Installing: /home/naman72060/ros2_wsn/install/nav2_custom_planner/share/nav2_custom_planner/gobal_planner_plugin.xml
[5.029s] -- Installing: /home/naman72060/ros2_wsn/install/nav2_custom_planner/lib/libnav2_custom_planner_plugin.so
[5.030s] -- Set runtime path of "/home/naman72060/ros2_wsn/install/nav2_custom_planner/lib/libnav2_custom_planner_plugin.so" to ""
[5.030s] -- Installing: /home/naman72060/ros2_wsn/install/nav2_custom_planner/include
[5.030s] -- Installing: /home/naman72060/ros2_wsn/install/nav2_custom_planner/include/nav2_custom_planner
[5.030s] -- Installing: /home/naman72060/ros2_wsn/install/nav2_custom_planner/include/nav2_custom_planner/custom_planner.hpp
[5.031s] [31mCMake Error at cmake_install.cmake:77 (file):
[5.031s]   file INSTALL cannot find
[5.032s]   "/home/naman72060/ros2_wsn/src/nav2_custom_planner/global_planner_plugin.xml":
[5.032s]   No such file or directory.
[5.032s] 
[5.032s] [0m
[5.033s] Invoked command in '/home/naman72060/ros2_wsn/build/nav2_custom_planner' returned '1': CMAKE_PREFIX_PATH=/opt/ros/humble /usr/bin/cmake --install /home/naman72060/ros2_wsn/build/nav2_custom_planner
