[0.809s] DEBUG:colcon:Command line arguments: ['/usr/bin/colcon', 'build']
[0.809s] DEBUG:colcon:Parsed command line arguments: Namespace(log_base=None, log_level=None, verb_name='build', build_base='build', install_base='install', merge_install=False, symlink_install=False, test_result_base=None, continue_on_error=False, executor='parallel', parallel_workers=12, event_handlers=None, ignore_user_meta=False, metas=['./colcon.meta'], base_paths=['.'], packages_ignore=None, packages_ignore_regex=None, paths=None, packages_up_to=None, packages_up_to_regex=None, packages_above=None, packages_above_and_dependencies=None, packages_above_depth=None, packages_select_by_dep=None, packages_skip_by_dep=None, packages_skip_up_to=None, packages_select_build_failed=False, packages_skip_build_finished=False, packages_select_test_failures=False, packages_skip_test_passed=False, packages_select=None, packages_skip=None, packages_select_regex=None, packages_skip_regex=None, packages_start=None, packages_end=None, allow_overriding=[], cmake_args=None, cmake_target=None, cmake_target_skip_unavailable=False, cmake_clean_cache=False, cmake_clean_first=False, cmake_force_configure=False, ament_cmake_args=None, catkin_cmake_args=None, catkin_skip_building_tests=False, verb_parser=<colcon_defaults.argument_parser.defaults.DefaultArgumentsDecorator object at 0x707149a5cca0>, verb_extension=<colcon_core.verb.build.BuildVerb object at 0x707149a5c790>, main=<bound method BuildVerb.main of <colcon_core.verb.build.BuildVerb object at 0x707149a5c790>>)
[1.354s] Level 1:colcon.colcon_core.package_discovery:discover_packages(colcon_meta) check parameters
[1.354s] Level 1:colcon.colcon_core.package_discovery:discover_packages(recursive) check parameters
[1.354s] Level 1:colcon.colcon_core.package_discovery:discover_packages(ignore) check parameters
[1.354s] Level 1:colcon.colcon_core.package_discovery:discover_packages(path) check parameters
[1.354s] Level 1:colcon.colcon_core.package_discovery:discover_packages(colcon_meta) discover
[1.354s] Level 1:colcon.colcon_core.package_discovery:discover_packages(recursive) discover
[1.354s] INFO:colcon.colcon_core.package_discovery:Crawling recursively for packages in '/home/naman72060/ros2_wsn'
[1.355s] Level 1:colcon.colcon_core.package_identification:_identify(.) by extensions ['ignore', 'ignore_ament_install']
[1.355s] Level 1:colcon.colcon_core.package_identification:_identify(.) by extension 'ignore'
[1.355s] Level 1:colcon.colcon_core.package_identification:_identify(.) by extension 'ignore_ament_install'
[1.355s] Level 1:colcon.colcon_core.package_identification:_identify(.) by extensions ['colcon_pkg']
[1.355s] Level 1:colcon.colcon_core.package_identification:_identify(.) by extension 'colcon_pkg'
[1.355s] Level 1:colcon.colcon_core.package_identification:_identify(.) by extensions ['colcon_meta']
[1.355s] Level 1:colcon.colcon_core.package_identification:_identify(.) by extension 'colcon_meta'
[1.355s] Level 1:colcon.colcon_core.package_identification:_identify(.) by extensions ['ros']
[1.355s] Level 1:colcon.colcon_core.package_identification:_identify(.) by extension 'ros'
[1.370s] Level 1:colcon.colcon_core.package_identification:_identify(.) by extensions ['cmake', 'python']
[1.370s] Level 1:colcon.colcon_core.package_identification:_identify(.) by extension 'cmake'
[1.370s] Level 1:colcon.colcon_core.package_identification:_identify(.) by extension 'python'
[1.370s] Level 1:colcon.colcon_core.package_identification:_identify(.) by extensions ['python_setup_py']
[1.370s] Level 1:colcon.colcon_core.package_identification:_identify(.) by extension 'python_setup_py'
[1.371s] Level 1:colcon.colcon_core.package_identification:_identify(build) by extensions ['ignore', 'ignore_ament_install']
[1.371s] Level 1:colcon.colcon_core.package_identification:_identify(build) by extension 'ignore'
[1.371s] Level 1:colcon.colcon_core.package_identification:_identify(build) ignored
[1.372s] Level 1:colcon.colcon_core.package_identification:_identify(install) by extensions ['ignore', 'ignore_ament_install']
[1.372s] Level 1:colcon.colcon_core.package_identification:_identify(install) by extension 'ignore'
[1.372s] Level 1:colcon.colcon_core.package_identification:_identify(install) ignored
[1.372s] Level 1:colcon.colcon_core.package_identification:_identify(log) by extensions ['ignore', 'ignore_ament_install']
[1.372s] Level 1:colcon.colcon_core.package_identification:_identify(log) by extension 'ignore'
[1.372s] Level 1:colcon.colcon_core.package_identification:_identify(log) ignored
[1.372s] Level 1:colcon.colcon_core.package_identification:_identify(src) by extensions ['ignore', 'ignore_ament_install']
[1.372s] Level 1:colcon.colcon_core.package_identification:_identify(src) by extension 'ignore'
[1.372s] Level 1:colcon.colcon_core.package_identification:_identify(src) by extension 'ignore_ament_install'
[1.372s] Level 1:colcon.colcon_core.package_identification:_identify(src) by extensions ['colcon_pkg']
[1.372s] Level 1:colcon.colcon_core.package_identification:_identify(src) by extension 'colcon_pkg'
[1.372s] Level 1:colcon.colcon_core.package_identification:_identify(src) by extensions ['colcon_meta']
[1.372s] Level 1:colcon.colcon_core.package_identification:_identify(src) by extension 'colcon_meta'
[1.372s] Level 1:colcon.colcon_core.package_identification:_identify(src) by extensions ['ros']
[1.372s] Level 1:colcon.colcon_core.package_identification:_identify(src) by extension 'ros'
[1.372s] Level 1:colcon.colcon_core.package_identification:_identify(src) by extensions ['cmake', 'python']
[1.372s] Level 1:colcon.colcon_core.package_identification:_identify(src) by extension 'cmake'
[1.372s] Level 1:colcon.colcon_core.package_identification:_identify(src) by extension 'python'
[1.372s] Level 1:colcon.colcon_core.package_identification:_identify(src) by extensions ['python_setup_py']
[1.372s] Level 1:colcon.colcon_core.package_identification:_identify(src) by extension 'python_setup_py'
[1.373s] Level 1:colcon.colcon_core.package_identification:_identify(src/auto_explo) by extensions ['ignore', 'ignore_ament_install']
[1.373s] Level 1:colcon.colcon_core.package_identification:_identify(src/auto_explo) by extension 'ignore'
[1.373s] Level 1:colcon.colcon_core.package_identification:_identify(src/auto_explo) by extension 'ignore_ament_install'
[1.373s] Level 1:colcon.colcon_core.package_identification:_identify(src/auto_explo) by extensions ['colcon_pkg']
[1.373s] Level 1:colcon.colcon_core.package_identification:_identify(src/auto_explo) by extension 'colcon_pkg'
[1.373s] Level 1:colcon.colcon_core.package_identification:_identify(src/auto_explo) by extensions ['colcon_meta']
[1.373s] Level 1:colcon.colcon_core.package_identification:_identify(src/auto_explo) by extension 'colcon_meta'
[1.373s] Level 1:colcon.colcon_core.package_identification:_identify(src/auto_explo) by extensions ['ros']
[1.373s] Level 1:colcon.colcon_core.package_identification:_identify(src/auto_explo) by extension 'ros'
[1.377s] DEBUG:colcon.colcon_core.package_identification:Package 'src/auto_explo' with type 'ros.ament_cmake' and name 'auto_explo'
[1.378s] Level 1:colcon.colcon_core.package_identification:_identify(src/explore) by extensions ['ignore', 'ignore_ament_install']
[1.378s] Level 1:colcon.colcon_core.package_identification:_identify(src/explore) by extension 'ignore'
[1.378s] Level 1:colcon.colcon_core.package_identification:_identify(src/explore) by extension 'ignore_ament_install'
[1.378s] Level 1:colcon.colcon_core.package_identification:_identify(src/explore) by extensions ['colcon_pkg']
[1.378s] Level 1:colcon.colcon_core.package_identification:_identify(src/explore) by extension 'colcon_pkg'
[1.378s] Level 1:colcon.colcon_core.package_identification:_identify(src/explore) by extensions ['colcon_meta']
[1.378s] Level 1:colcon.colcon_core.package_identification:_identify(src/explore) by extension 'colcon_meta'
[1.378s] Level 1:colcon.colcon_core.package_identification:_identify(src/explore) by extensions ['ros']
[1.378s] Level 1:colcon.colcon_core.package_identification:_identify(src/explore) by extension 'ros'
[1.380s] DEBUG:colcon.colcon_core.package_identification:Package 'src/explore' with type 'ros.ament_cmake' and name 'explore_lite'
[1.380s] Level 1:colcon.colcon_core.package_identification:_identify(src/nav2_custom_planner) by extensions ['ignore', 'ignore_ament_install']
[1.380s] Level 1:colcon.colcon_core.package_identification:_identify(src/nav2_custom_planner) by extension 'ignore'
[1.380s] Level 1:colcon.colcon_core.package_identification:_identify(src/nav2_custom_planner) by extension 'ignore_ament_install'
[1.380s] Level 1:colcon.colcon_core.package_identification:_identify(src/nav2_custom_planner) by extensions ['colcon_pkg']
[1.380s] Level 1:colcon.colcon_core.package_identification:_identify(src/nav2_custom_planner) by extension 'colcon_pkg'
[1.380s] Level 1:colcon.colcon_core.package_identification:_identify(src/nav2_custom_planner) by extensions ['colcon_meta']
[1.380s] Level 1:colcon.colcon_core.package_identification:_identify(src/nav2_custom_planner) by extension 'colcon_meta'
[1.380s] Level 1:colcon.colcon_core.package_identification:_identify(src/nav2_custom_planner) by extensions ['ros']
[1.380s] Level 1:colcon.colcon_core.package_identification:_identify(src/nav2_custom_planner) by extension 'ros'
[1.382s] DEBUG:colcon.colcon_core.package_identification:Package 'src/nav2_custom_planner' with type 'ros.ament_cmake' and name 'nav2_custom_planner'
[1.382s] Level 1:colcon.colcon_core.package_discovery:discover_packages(recursive) using defaults
[1.382s] Level 1:colcon.colcon_core.package_discovery:discover_packages(ignore) discover
[1.382s] Level 1:colcon.colcon_core.package_discovery:discover_packages(ignore) using defaults
[1.382s] Level 1:colcon.colcon_core.package_discovery:discover_packages(path) discover
[1.382s] Level 1:colcon.colcon_core.package_discovery:discover_packages(path) using defaults
[1.425s] Level 1:colcon.colcon_core.package_discovery:discover_packages(prefix_path) check parameters
[1.425s] Level 1:colcon.colcon_core.package_discovery:discover_packages(prefix_path) discover
[1.431s] DEBUG:colcon.colcon_installed_package_information.package_discovery:Found 439 installed packages in /opt/ros/humble
[1.432s] Level 1:colcon.colcon_core.package_discovery:discover_packages(prefix_path) using defaults
[1.615s] Level 5:colcon.colcon_core.verb:set package 'auto_explo' build argument 'cmake_args' from command line to 'None'
[1.615s] Level 5:colcon.colcon_core.verb:set package 'auto_explo' build argument 'cmake_target' from command line to 'None'
[1.615s] Level 5:colcon.colcon_core.verb:set package 'auto_explo' build argument 'cmake_target_skip_unavailable' from command line to 'False'
[1.615s] Level 5:colcon.colcon_core.verb:set package 'auto_explo' build argument 'cmake_clean_cache' from command line to 'False'
[1.615s] Level 5:colcon.colcon_core.verb:set package 'auto_explo' build argument 'cmake_clean_first' from command line to 'False'
[1.615s] Level 5:colcon.colcon_core.verb:set package 'auto_explo' build argument 'cmake_force_configure' from command line to 'False'
[1.615s] Level 5:colcon.colcon_core.verb:set package 'auto_explo' build argument 'ament_cmake_args' from command line to 'None'
[1.615s] Level 5:colcon.colcon_core.verb:set package 'auto_explo' build argument 'catkin_cmake_args' from command line to 'None'
[1.615s] Level 5:colcon.colcon_core.verb:set package 'auto_explo' build argument 'catkin_skip_building_tests' from command line to 'False'
[1.615s] DEBUG:colcon.colcon_core.verb:Building package 'auto_explo' with the following arguments: {'ament_cmake_args': None, 'build_base': '/home/naman72060/ros2_wsn/build/auto_explo', 'catkin_cmake_args': None, 'catkin_skip_building_tests': False, 'cmake_args': None, 'cmake_clean_cache': False, 'cmake_clean_first': False, 'cmake_force_configure': False, 'cmake_target': None, 'cmake_target_skip_unavailable': False, 'install_base': '/home/naman72060/ros2_wsn/install/auto_explo', 'merge_install': False, 'path': '/home/naman72060/ros2_wsn/src/auto_explo', 'symlink_install': False, 'test_result_base': None}
[1.615s] Level 5:colcon.colcon_core.verb:set package 'explore_lite' build argument 'cmake_args' from command line to 'None'
[1.615s] Level 5:colcon.colcon_core.verb:set package 'explore_lite' build argument 'cmake_target' from command line to 'None'
[1.615s] Level 5:colcon.colcon_core.verb:set package 'explore_lite' build argument 'cmake_target_skip_unavailable' from command line to 'False'
[1.615s] Level 5:colcon.colcon_core.verb:set package 'explore_lite' build argument 'cmake_clean_cache' from command line to 'False'
[1.615s] Level 5:colcon.colcon_core.verb:set package 'explore_lite' build argument 'cmake_clean_first' from command line to 'False'
[1.615s] Level 5:colcon.colcon_core.verb:set package 'explore_lite' build argument 'cmake_force_configure' from command line to 'False'
[1.615s] Level 5:colcon.colcon_core.verb:set package 'explore_lite' build argument 'ament_cmake_args' from command line to 'None'
[1.615s] Level 5:colcon.colcon_core.verb:set package 'explore_lite' build argument 'catkin_cmake_args' from command line to 'None'
[1.615s] Level 5:colcon.colcon_core.verb:set package 'explore_lite' build argument 'catkin_skip_building_tests' from command line to 'False'
[1.615s] DEBUG:colcon.colcon_core.verb:Building package 'explore_lite' with the following arguments: {'ament_cmake_args': None, 'build_base': '/home/naman72060/ros2_wsn/build/explore_lite', 'catkin_cmake_args': None, 'catkin_skip_building_tests': False, 'cmake_args': None, 'cmake_clean_cache': False, 'cmake_clean_first': False, 'cmake_force_configure': False, 'cmake_target': None, 'cmake_target_skip_unavailable': False, 'install_base': '/home/naman72060/ros2_wsn/install/explore_lite', 'merge_install': False, 'path': '/home/naman72060/ros2_wsn/src/explore', 'symlink_install': False, 'test_result_base': None}
[1.616s] Level 5:colcon.colcon_core.verb:set package 'nav2_custom_planner' build argument 'cmake_args' from command line to 'None'
[1.616s] Level 5:colcon.colcon_core.verb:set package 'nav2_custom_planner' build argument 'cmake_target' from command line to 'None'
[1.616s] Level 5:colcon.colcon_core.verb:set package 'nav2_custom_planner' build argument 'cmake_target_skip_unavailable' from command line to 'False'
[1.616s] Level 5:colcon.colcon_core.verb:set package 'nav2_custom_planner' build argument 'cmake_clean_cache' from command line to 'False'
[1.616s] Level 5:colcon.colcon_core.verb:set package 'nav2_custom_planner' build argument 'cmake_clean_first' from command line to 'False'
[1.616s] Level 5:colcon.colcon_core.verb:set package 'nav2_custom_planner' build argument 'cmake_force_configure' from command line to 'False'
[1.616s] Level 5:colcon.colcon_core.verb:set package 'nav2_custom_planner' build argument 'ament_cmake_args' from command line to 'None'
[1.616s] Level 5:colcon.colcon_core.verb:set package 'nav2_custom_planner' build argument 'catkin_cmake_args' from command line to 'None'
[1.616s] Level 5:colcon.colcon_core.verb:set package 'nav2_custom_planner' build argument 'catkin_skip_building_tests' from command line to 'False'
[1.616s] DEBUG:colcon.colcon_core.verb:Building package 'nav2_custom_planner' with the following arguments: {'ament_cmake_args': None, 'build_base': '/home/naman72060/ros2_wsn/build/nav2_custom_planner', 'catkin_cmake_args': None, 'catkin_skip_building_tests': False, 'cmake_args': None, 'cmake_clean_cache': False, 'cmake_clean_first': False, 'cmake_force_configure': False, 'cmake_target': None, 'cmake_target_skip_unavailable': False, 'install_base': '/home/naman72060/ros2_wsn/install/nav2_custom_planner', 'merge_install': False, 'path': '/home/naman72060/ros2_wsn/src/nav2_custom_planner', 'symlink_install': False, 'test_result_base': None}
[1.616s] INFO:colcon.colcon_core.executor:Executing jobs using 'parallel' executor
[1.617s] DEBUG:colcon.colcon_parallel_executor.executor.parallel:run_until_complete
[1.618s] INFO:colcon.colcon_ros.task.ament_cmake.build:Building ROS package in '/home/naman72060/ros2_wsn/src/auto_explo' with build type 'ament_cmake'
[1.618s] INFO:colcon.colcon_cmake.task.cmake.build:Building CMake package in '/home/naman72060/ros2_wsn/src/auto_explo'
[1.626s] INFO:colcon.colcon_core.plugin_system:Skipping extension 'colcon_core.shell.bat': Not used on non-Windows systems
[1.626s] INFO:colcon.colcon_core.shell:Skip shell extension 'powershell' for command environment: Not usable outside of PowerShell
[1.626s] DEBUG:colcon.colcon_core.shell:Skip shell extension 'dsv' for command environment
[1.630s] INFO:colcon.colcon_ros.task.ament_cmake.build:Building ROS package in '/home/naman72060/ros2_wsn/src/explore' with build type 'ament_cmake'
[1.630s] INFO:colcon.colcon_cmake.task.cmake.build:Building CMake package in '/home/naman72060/ros2_wsn/src/explore'
[1.630s] INFO:colcon.colcon_core.shell:Skip shell extension 'powershell' for command environment: Not usable outside of PowerShell
[1.630s] DEBUG:colcon.colcon_core.shell:Skip shell extension 'dsv' for command environment
[1.633s] INFO:colcon.colcon_ros.task.ament_cmake.build:Building ROS package in '/home/naman72060/ros2_wsn/src/nav2_custom_planner' with build type 'ament_cmake'
[1.633s] INFO:colcon.colcon_cmake.task.cmake.build:Building CMake package in '/home/naman72060/ros2_wsn/src/nav2_custom_planner'
[1.634s] INFO:colcon.colcon_core.shell:Skip shell extension 'powershell' for command environment: Not usable outside of PowerShell
[1.634s] DEBUG:colcon.colcon_core.shell:Skip shell extension 'dsv' for command environment
[1.646s] DEBUG:colcon.colcon_core.event_handler.log_command:Invoking command in '/home/naman72060/ros2_wsn/build/auto_explo': CMAKE_PREFIX_PATH=/opt/ros/humble /usr/bin/cmake --build /home/naman72060/ros2_wsn/build/auto_explo -- -j12 -l12
[1.655s] DEBUG:colcon.colcon_core.event_handler.log_command:Invoking command in '/home/naman72060/ros2_wsn/build/explore_lite': CMAKE_PREFIX_PATH=/opt/ros/humble /usr/bin/cmake --build /home/naman72060/ros2_wsn/build/explore_lite -- -j12 -l12
[1.661s] DEBUG:colcon.colcon_core.event_handler.log_command:Invoking command in '/home/naman72060/ros2_wsn/build/nav2_custom_planner': CMAKE_PREFIX_PATH=/opt/ros/humble /usr/bin/cmake --build /home/naman72060/ros2_wsn/build/nav2_custom_planner -- -j12 -l12
[1.779s] DEBUG:colcon.colcon_core.event_handler.log_command:Invoked command in '/home/naman72060/ros2_wsn/build/auto_explo' returned '0': CMAKE_PREFIX_PATH=/opt/ros/humble /usr/bin/cmake --build /home/naman72060/ros2_wsn/build/auto_explo -- -j12 -l12
[1.790s] DEBUG:colcon.colcon_core.event_handler.log_command:Invoking command in '/home/naman72060/ros2_wsn/build/auto_explo': CMAKE_PREFIX_PATH=/opt/ros/humble /usr/bin/cmake --install /home/naman72060/ros2_wsn/build/auto_explo
[1.820s] Level 1:colcon.colcon_core.environment:create_environment_scripts_only(auto_explo)
[1.821s] DEBUG:colcon.colcon_core.event_handler.log_command:Invoked command in '/home/naman72060/ros2_wsn/build/auto_explo' returned '0': CMAKE_PREFIX_PATH=/opt/ros/humble /usr/bin/cmake --install /home/naman72060/ros2_wsn/build/auto_explo
[1.829s] Level 1:colcon.colcon_core.environment:checking '/home/naman72060/ros2_wsn/install/auto_explo' for CMake module files
[1.830s] Level 1:colcon.colcon_core.environment:checking '/home/naman72060/ros2_wsn/install/auto_explo' for CMake config files
[1.834s] Level 1:colcon.colcon_core.shell:create_environment_hook('auto_explo', 'cmake_prefix_path')
[1.834s] INFO:colcon.colcon_core.shell:Creating environment hook '/home/naman72060/ros2_wsn/install/auto_explo/share/auto_explo/hook/cmake_prefix_path.ps1'
[1.835s] INFO:colcon.colcon_core.shell:Creating environment descriptor '/home/naman72060/ros2_wsn/install/auto_explo/share/auto_explo/hook/cmake_prefix_path.dsv'
[1.836s] INFO:colcon.colcon_core.shell:Creating environment hook '/home/naman72060/ros2_wsn/install/auto_explo/share/auto_explo/hook/cmake_prefix_path.sh'
[1.837s] Level 1:colcon.colcon_core.environment:checking '/home/naman72060/ros2_wsn/install/auto_explo/lib'
[1.837s] Level 1:colcon.colcon_core.environment:checking '/home/naman72060/ros2_wsn/install/auto_explo/bin'
[1.837s] Level 1:colcon.colcon_core.environment:checking '/home/naman72060/ros2_wsn/install/auto_explo/lib/pkgconfig/auto_explo.pc'
[1.838s] Level 1:colcon.colcon_core.environment:checking '/home/naman72060/ros2_wsn/install/auto_explo/lib/python3.10/site-packages'
[1.838s] Level 1:colcon.colcon_core.environment:checking '/home/naman72060/ros2_wsn/install/auto_explo/bin'
[1.838s] INFO:colcon.colcon_core.shell:Creating package script '/home/naman72060/ros2_wsn/install/auto_explo/share/auto_explo/package.ps1'
[1.839s] INFO:colcon.colcon_core.shell:Creating package descriptor '/home/naman72060/ros2_wsn/install/auto_explo/share/auto_explo/package.dsv'
[1.839s] INFO:colcon.colcon_core.shell:Creating package script '/home/naman72060/ros2_wsn/install/auto_explo/share/auto_explo/package.sh'
[1.840s] INFO:colcon.colcon_core.shell:Creating package script '/home/naman72060/ros2_wsn/install/auto_explo/share/auto_explo/package.bash'
[1.841s] INFO:colcon.colcon_core.shell:Creating package script '/home/naman72060/ros2_wsn/install/auto_explo/share/auto_explo/package.zsh'
[1.842s] Level 1:colcon.colcon_core.environment:create_file_with_runtime_dependencies(/home/naman72060/ros2_wsn/install/auto_explo/share/colcon-core/packages/auto_explo)
[1.842s] Level 1:colcon.colcon_core.environment:create_environment_scripts_only(auto_explo)
[1.842s] Level 1:colcon.colcon_core.environment:checking '/home/naman72060/ros2_wsn/install/auto_explo' for CMake module files
[1.842s] Level 1:colcon.colcon_core.environment:checking '/home/naman72060/ros2_wsn/install/auto_explo' for CMake config files
[1.843s] Level 1:colcon.colcon_core.shell:create_environment_hook('auto_explo', 'cmake_prefix_path')
[1.843s] INFO:colcon.colcon_core.shell:Creating environment hook '/home/naman72060/ros2_wsn/install/auto_explo/share/auto_explo/hook/cmake_prefix_path.ps1'
[1.843s] INFO:colcon.colcon_core.shell:Creating environment descriptor '/home/naman72060/ros2_wsn/install/auto_explo/share/auto_explo/hook/cmake_prefix_path.dsv'
[1.843s] INFO:colcon.colcon_core.shell:Creating environment hook '/home/naman72060/ros2_wsn/install/auto_explo/share/auto_explo/hook/cmake_prefix_path.sh'
[1.844s] Level 1:colcon.colcon_core.environment:checking '/home/naman72060/ros2_wsn/install/auto_explo/lib'
[1.844s] Level 1:colcon.colcon_core.environment:checking '/home/naman72060/ros2_wsn/install/auto_explo/bin'
[1.844s] Level 1:colcon.colcon_core.environment:checking '/home/naman72060/ros2_wsn/install/auto_explo/lib/pkgconfig/auto_explo.pc'
[1.844s] Level 1:colcon.colcon_core.environment:checking '/home/naman72060/ros2_wsn/install/auto_explo/lib/python3.10/site-packages'
[1.844s] Level 1:colcon.colcon_core.environment:checking '/home/naman72060/ros2_wsn/install/auto_explo/bin'
[1.844s] INFO:colcon.colcon_core.shell:Creating package script '/home/naman72060/ros2_wsn/install/auto_explo/share/auto_explo/package.ps1'
[1.844s] INFO:colcon.colcon_core.shell:Creating package descriptor '/home/naman72060/ros2_wsn/install/auto_explo/share/auto_explo/package.dsv'
[1.845s] INFO:colcon.colcon_core.shell:Creating package script '/home/naman72060/ros2_wsn/install/auto_explo/share/auto_explo/package.sh'
[1.845s] INFO:colcon.colcon_core.shell:Creating package script '/home/naman72060/ros2_wsn/install/auto_explo/share/auto_explo/package.bash'
[1.845s] INFO:colcon.colcon_core.shell:Creating package script '/home/naman72060/ros2_wsn/install/auto_explo/share/auto_explo/package.zsh'
[1.846s] Level 1:colcon.colcon_core.environment:create_file_with_runtime_dependencies(/home/naman72060/ros2_wsn/install/auto_explo/share/colcon-core/packages/auto_explo)
[1.847s] DEBUG:colcon.colcon_core.event_handler.log_command:Invoked command in '/home/naman72060/ros2_wsn/build/explore_lite' returned '0': CMAKE_PREFIX_PATH=/opt/ros/humble /usr/bin/cmake --build /home/naman72060/ros2_wsn/build/explore_lite -- -j12 -l12
[1.851s] DEBUG:colcon.colcon_core.event_handler.log_command:Invoking command in '/home/naman72060/ros2_wsn/build/explore_lite': CMAKE_PREFIX_PATH=/opt/ros/humble /usr/bin/cmake --install /home/naman72060/ros2_wsn/build/explore_lite
[1.862s] Level 1:colcon.colcon_core.environment:create_environment_scripts_only(explore_lite)
[1.863s] Level 1:colcon.colcon_core.environment:checking '/home/naman72060/ros2_wsn/install/explore_lite' for CMake module files
[1.863s] DEBUG:colcon.colcon_core.event_handler.log_command:Invoked command in '/home/naman72060/ros2_wsn/build/explore_lite' returned '0': CMAKE_PREFIX_PATH=/opt/ros/humble /usr/bin/cmake --install /home/naman72060/ros2_wsn/build/explore_lite
[1.864s] Level 1:colcon.colcon_core.environment:checking '/home/naman72060/ros2_wsn/install/explore_lite' for CMake config files
[1.869s] Level 1:colcon.colcon_core.shell:create_environment_hook('explore_lite', 'cmake_prefix_path')
[1.869s] INFO:colcon.colcon_core.shell:Creating environment hook '/home/naman72060/ros2_wsn/install/explore_lite/share/explore_lite/hook/cmake_prefix_path.ps1'
[1.869s] INFO:colcon.colcon_core.shell:Creating environment descriptor '/home/naman72060/ros2_wsn/install/explore_lite/share/explore_lite/hook/cmake_prefix_path.dsv'
[1.870s] INFO:colcon.colcon_core.shell:Creating environment hook '/home/naman72060/ros2_wsn/install/explore_lite/share/explore_lite/hook/cmake_prefix_path.sh'
[1.870s] Level 1:colcon.colcon_core.environment:checking '/home/naman72060/ros2_wsn/install/explore_lite/lib'
[1.870s] Level 1:colcon.colcon_core.environment:checking '/home/naman72060/ros2_wsn/install/explore_lite/bin'
[1.870s] Level 1:colcon.colcon_core.environment:checking '/home/naman72060/ros2_wsn/install/explore_lite/lib/pkgconfig/explore_lite.pc'
[1.870s] Level 1:colcon.colcon_core.environment:checking '/home/naman72060/ros2_wsn/install/explore_lite/lib/python3.10/site-packages'
[1.871s] Level 1:colcon.colcon_core.environment:checking '/home/naman72060/ros2_wsn/install/explore_lite/bin'
[1.871s] INFO:colcon.colcon_core.shell:Creating package script '/home/naman72060/ros2_wsn/install/explore_lite/share/explore_lite/package.ps1'
[1.871s] INFO:colcon.colcon_core.shell:Creating package descriptor '/home/naman72060/ros2_wsn/install/explore_lite/share/explore_lite/package.dsv'
[1.871s] INFO:colcon.colcon_core.shell:Creating package script '/home/naman72060/ros2_wsn/install/explore_lite/share/explore_lite/package.sh'
[1.872s] INFO:colcon.colcon_core.shell:Creating package script '/home/naman72060/ros2_wsn/install/explore_lite/share/explore_lite/package.bash'
[1.872s] INFO:colcon.colcon_core.shell:Creating package script '/home/naman72060/ros2_wsn/install/explore_lite/share/explore_lite/package.zsh'
[1.872s] Level 1:colcon.colcon_core.environment:create_file_with_runtime_dependencies(/home/naman72060/ros2_wsn/install/explore_lite/share/colcon-core/packages/explore_lite)
[1.873s] Level 1:colcon.colcon_core.environment:create_environment_scripts_only(explore_lite)
[1.873s] Level 1:colcon.colcon_core.environment:checking '/home/naman72060/ros2_wsn/install/explore_lite' for CMake module files
[1.873s] Level 1:colcon.colcon_core.environment:checking '/home/naman72060/ros2_wsn/install/explore_lite' for CMake config files
[1.873s] Level 1:colcon.colcon_core.shell:create_environment_hook('explore_lite', 'cmake_prefix_path')
[1.873s] INFO:colcon.colcon_core.shell:Creating environment hook '/home/naman72060/ros2_wsn/install/explore_lite/share/explore_lite/hook/cmake_prefix_path.ps1'
[1.873s] INFO:colcon.colcon_core.shell:Creating environment descriptor '/home/naman72060/ros2_wsn/install/explore_lite/share/explore_lite/hook/cmake_prefix_path.dsv'
[1.874s] INFO:colcon.colcon_core.shell:Creating environment hook '/home/naman72060/ros2_wsn/install/explore_lite/share/explore_lite/hook/cmake_prefix_path.sh'
[1.874s] Level 1:colcon.colcon_core.environment:checking '/home/naman72060/ros2_wsn/install/explore_lite/lib'
[1.874s] Level 1:colcon.colcon_core.environment:checking '/home/naman72060/ros2_wsn/install/explore_lite/bin'
[1.874s] Level 1:colcon.colcon_core.environment:checking '/home/naman72060/ros2_wsn/install/explore_lite/lib/pkgconfig/explore_lite.pc'
[1.874s] Level 1:colcon.colcon_core.environment:checking '/home/naman72060/ros2_wsn/install/explore_lite/lib/python3.10/site-packages'
[1.874s] Level 1:colcon.colcon_core.environment:checking '/home/naman72060/ros2_wsn/install/explore_lite/bin'
[1.875s] INFO:colcon.colcon_core.shell:Creating package script '/home/naman72060/ros2_wsn/install/explore_lite/share/explore_lite/package.ps1'
[1.875s] INFO:colcon.colcon_core.shell:Creating package descriptor '/home/naman72060/ros2_wsn/install/explore_lite/share/explore_lite/package.dsv'
[1.875s] INFO:colcon.colcon_core.shell:Creating package script '/home/naman72060/ros2_wsn/install/explore_lite/share/explore_lite/package.sh'
[1.875s] INFO:colcon.colcon_core.shell:Creating package script '/home/naman72060/ros2_wsn/install/explore_lite/share/explore_lite/package.bash'
[1.876s] INFO:colcon.colcon_core.shell:Creating package script '/home/naman72060/ros2_wsn/install/explore_lite/share/explore_lite/package.zsh'
[1.876s] Level 1:colcon.colcon_core.environment:create_file_with_runtime_dependencies(/home/naman72060/ros2_wsn/install/explore_lite/share/colcon-core/packages/explore_lite)
[6.652s] DEBUG:colcon.colcon_core.event_handler.log_command:Invoked command in '/home/naman72060/ros2_wsn/build/nav2_custom_planner' returned '0': CMAKE_PREFIX_PATH=/opt/ros/humble /usr/bin/cmake --build /home/naman72060/ros2_wsn/build/nav2_custom_planner -- -j12 -l12
[6.656s] DEBUG:colcon.colcon_core.event_handler.log_command:Invoking command in '/home/naman72060/ros2_wsn/build/nav2_custom_planner': CMAKE_PREFIX_PATH=/opt/ros/humble /usr/bin/cmake --install /home/naman72060/ros2_wsn/build/nav2_custom_planner
[6.667s] DEBUG:colcon.colcon_core.event_handler.log_command:Invoked command in '/home/naman72060/ros2_wsn/build/nav2_custom_planner' returned '1': CMAKE_PREFIX_PATH=/opt/ros/humble /usr/bin/cmake --install /home/naman72060/ros2_wsn/build/nav2_custom_planner
[6.667s] Level 1:colcon.colcon_core.environment:create_environment_scripts_only(nav2_custom_planner)
[6.667s] Level 1:colcon.colcon_core.environment:checking '/home/naman72060/ros2_wsn/install/nav2_custom_planner' for CMake module files
[6.668s] Level 1:colcon.colcon_core.environment:checking '/home/naman72060/ros2_wsn/install/nav2_custom_planner' for CMake config files
[6.673s] Level 1:colcon.colcon_core.shell:create_environment_hook('nav2_custom_planner', 'cmake_prefix_path')
[6.673s] INFO:colcon.colcon_core.shell:Creating environment hook '/home/naman72060/ros2_wsn/install/nav2_custom_planner/share/nav2_custom_planner/hook/cmake_prefix_path.ps1'
[6.673s] INFO:colcon.colcon_core.shell:Creating environment descriptor '/home/naman72060/ros2_wsn/install/nav2_custom_planner/share/nav2_custom_planner/hook/cmake_prefix_path.dsv'
[6.673s] INFO:colcon.colcon_core.shell:Creating environment hook '/home/naman72060/ros2_wsn/install/nav2_custom_planner/share/nav2_custom_planner/hook/cmake_prefix_path.sh'
[6.674s] Level 1:colcon.colcon_core.environment:checking '/home/naman72060/ros2_wsn/install/nav2_custom_planner/lib'
[6.674s] Level 1:colcon.colcon_core.shell:create_environment_hook('nav2_custom_planner', 'ld_library_path_lib')
[6.674s] INFO:colcon.colcon_core.shell:Creating environment hook '/home/naman72060/ros2_wsn/install/nav2_custom_planner/share/nav2_custom_planner/hook/ld_library_path_lib.ps1'
[6.674s] INFO:colcon.colcon_core.shell:Creating environment descriptor '/home/naman72060/ros2_wsn/install/nav2_custom_planner/share/nav2_custom_planner/hook/ld_library_path_lib.dsv'
[6.674s] INFO:colcon.colcon_core.shell:Creating environment hook '/home/naman72060/ros2_wsn/install/nav2_custom_planner/share/nav2_custom_planner/hook/ld_library_path_lib.sh'
[6.674s] Level 1:colcon.colcon_core.environment:checking '/home/naman72060/ros2_wsn/install/nav2_custom_planner/bin'
[6.674s] Level 1:colcon.colcon_core.environment:checking '/home/naman72060/ros2_wsn/install/nav2_custom_planner/lib/pkgconfig/nav2_custom_planner.pc'
[6.674s] Level 1:colcon.colcon_core.environment:checking '/home/naman72060/ros2_wsn/install/nav2_custom_planner/lib/python3.10/site-packages'
[6.674s] Level 1:colcon.colcon_core.environment:checking '/home/naman72060/ros2_wsn/install/nav2_custom_planner/bin'
[6.675s] INFO:colcon.colcon_core.shell:Creating package script '/home/naman72060/ros2_wsn/install/nav2_custom_planner/share/nav2_custom_planner/package.ps1'
[6.675s] INFO:colcon.colcon_core.shell:Creating package descriptor '/home/naman72060/ros2_wsn/install/nav2_custom_planner/share/nav2_custom_planner/package.dsv'
[6.675s] INFO:colcon.colcon_core.shell:Creating package script '/home/naman72060/ros2_wsn/install/nav2_custom_planner/share/nav2_custom_planner/package.sh'
[6.675s] INFO:colcon.colcon_core.shell:Creating package script '/home/naman72060/ros2_wsn/install/nav2_custom_planner/share/nav2_custom_planner/package.bash'
[6.676s] INFO:colcon.colcon_core.shell:Creating package script '/home/naman72060/ros2_wsn/install/nav2_custom_planner/share/nav2_custom_planner/package.zsh'
[6.676s] Level 1:colcon.colcon_core.environment:create_file_with_runtime_dependencies(/home/naman72060/ros2_wsn/install/nav2_custom_planner/share/colcon-core/packages/nav2_custom_planner)
[6.686s] DEBUG:colcon.colcon_parallel_executor.executor.parallel:closing loop
[6.686s] DEBUG:colcon.colcon_parallel_executor.executor.parallel:loop closed
[6.687s] DEBUG:colcon.colcon_parallel_executor.executor.parallel:run_until_complete finished with '1'
[6.687s] DEBUG:colcon.colcon_core.event_reactor:joining thread
[6.805s] INFO:colcon.colcon_core.plugin_system:Skipping extension 'colcon_notification.desktop_notification.notify_send': Could not find 'notify-send'
[6.805s] INFO:colcon.colcon_core.plugin_system:Skipping extension 'colcon_notification.desktop_notification.terminal_notifier': Not used on non-Darwin systems
[6.805s] INFO:colcon.colcon_core.plugin_system:Skipping extension 'colcon_notification.desktop_notification.win32': Not used on non-Windows systems
[6.805s] INFO:colcon.colcon_notification.desktop_notification:Sending desktop notification using 'notify2'
[6.810s] DEBUG:colcon.colcon_notification.desktop_notification.notify2:Failed to initialize notify2: org.freedesktop.DBus.Error.ServiceUnknown: The name org.freedesktop.Notifications was not provided by any .service files
[6.811s] DEBUG:colcon.colcon_core.event_reactor:joined thread
[6.811s] INFO:colcon.colcon_core.shell:Creating prefix script '/home/naman72060/ros2_wsn/install/local_setup.ps1'
[6.812s] INFO:colcon.colcon_core.shell:Creating prefix util module '/home/naman72060/ros2_wsn/install/_local_setup_util_ps1.py'
[6.813s] INFO:colcon.colcon_core.shell:Creating prefix chain script '/home/naman72060/ros2_wsn/install/setup.ps1'
[6.814s] INFO:colcon.colcon_core.shell:Creating prefix script '/home/naman72060/ros2_wsn/install/local_setup.sh'
[6.815s] INFO:colcon.colcon_core.shell:Creating prefix util module '/home/naman72060/ros2_wsn/install/_local_setup_util_sh.py'
[6.815s] INFO:colcon.colcon_core.shell:Creating prefix chain script '/home/naman72060/ros2_wsn/install/setup.sh'
[6.816s] INFO:colcon.colcon_core.shell:Creating prefix script '/home/naman72060/ros2_wsn/install/local_setup.bash'
[6.816s] INFO:colcon.colcon_core.shell:Creating prefix chain script '/home/naman72060/ros2_wsn/install/setup.bash'
[6.817s] INFO:colcon.colcon_core.shell:Creating prefix script '/home/naman72060/ros2_wsn/install/local_setup.zsh'
[6.818s] INFO:colcon.colcon_core.shell:Creating prefix chain script '/home/naman72060/ros2_wsn/install/setup.zsh'
